running develop
running egg_info
creating imu_package.egg-info
writing imu_package.egg-info/PKG-INFO
writing dependency_links to imu_package.egg-info/dependency_links.txt
writing entry points to imu_package.egg-info/entry_points.txt
writing requirements to imu_package.egg-info/requires.txt
writing top-level names to imu_package.egg-info/top_level.txt
writing manifest file 'imu_package.egg-info/SOURCES.txt'
reading manifest file 'imu_package.egg-info/SOURCES.txt'
writing manifest file 'imu_package.egg-info/SOURCES.txt'
running build_ext
Creating /home/domerrover/ws/install/imu_package/lib/python3.10/site-packages/imu-package.egg-link (link to .)
Installing imuTalker script to /home/domerrover/ws/install/imu_package/lib/imu_package

Installed /home/domerrover/ws/build/imu_package
running symlink_data
creating /home/domerrover/ws/install/imu_package/share/ament_index
creating /home/domerrover/ws/install/imu_package/share/ament_index/resource_index
creating /home/domerrover/ws/install/imu_package/share/ament_index/resource_index/packages
symbolically linking /home/domerrover/ws/build/imu_package/resource/imu_package -> /home/domerrover/ws/install/imu_package/share/ament_index/resource_index/packages
symbolically linking /home/domerrover/ws/build/imu_package/package.xml -> /home/domerrover/ws/install/imu_package/share/imu_package
