[1.535s] Invoking command in '/home/domerrover/ws/src/motor_package': PYTHONPATH=/home/domerrover/ws/build/motor_package/prefix_override:/usr/lib/python3/dist-packages/colcon_core/task/python/colcon_distutils_commands:/home/domerrover/ws/install/motor_package/lib/python3.10/site-packages:${PYTHONPATH} /usr/bin/python3 -W ignore:setup.py install is deprecated setup.py egg_info --egg-base ../../build/motor_package build --build-base /home/domerrover/ws/build/motor_package/build install --record /home/domerrover/ws/build/motor_package/install.log --single-version-externally-managed install_data
[2.063s] running egg_info
[2.065s] writing ../../build/motor_package/motor_package.egg-info/PKG-INFO
[2.066s] writing dependency_links to ../../build/motor_package/motor_package.egg-info/dependency_links.txt
[2.066s] writing entry points to ../../build/motor_package/motor_package.egg-info/entry_points.txt
[2.066s] writing requirements to ../../build/motor_package/motor_package.egg-info/requires.txt
[2.067s] writing top-level names to ../../build/motor_package/motor_package.egg-info/top_level.txt
[2.070s] reading manifest file '../../build/motor_package/motor_package.egg-info/SOURCES.txt'
[2.072s] writing manifest file '../../build/motor_package/motor_package.egg-info/SOURCES.txt'
[2.073s] running build
[2.073s] running build_py
[2.073s] copying motor_package/joystick_talker.py -> /home/domerrover/ws/build/motor_package/build/lib/motor_package
[2.074s] running install
[2.074s] running install_lib
[2.076s] copying /home/domerrover/ws/build/motor_package/build/lib/motor_package/joystick_talker.py -> /home/domerrover/ws/install/motor_package/lib/python3.10/site-packages/motor_package
[2.077s] byte-compiling /home/domerrover/ws/install/motor_package/lib/python3.10/site-packages/motor_package/joystick_talker.py to joystick_talker.cpython-310.pyc
[2.081s] running install_data
[2.081s] running install_egg_info
[2.085s] removing '/home/domerrover/ws/install/motor_package/lib/python3.10/site-packages/motor_package-0.0.0-py3.10.egg-info' (and everything under it)
[2.085s] Copying ../../build/motor_package/motor_package.egg-info to /home/domerrover/ws/install/motor_package/lib/python3.10/site-packages/motor_package-0.0.0-py3.10.egg-info
[2.088s] running install_scripts
[2.131s] Installing jetsonTalker script to /home/domerrover/ws/install/motor_package/lib/motor_package
[2.132s] Installing joystickTalker script to /home/domerrover/ws/install/motor_package/lib/motor_package
[2.133s] writing list of installed files to '/home/domerrover/ws/build/motor_package/install.log'
[2.199s] Invoked command in '/home/domerrover/ws/src/motor_package' returned '0': PYTHONPATH=/home/domerrover/ws/build/motor_package/prefix_override:/usr/lib/python3/dist-packages/colcon_core/task/python/colcon_distutils_commands:/home/domerrover/ws/install/motor_package/lib/python3.10/site-packages:${PYTHONPATH} /usr/bin/python3 -W ignore:setup.py install is deprecated setup.py egg_info --egg-base ../../build/motor_package build --build-base /home/domerrover/ws/build/motor_package/build install --record /home/domerrover/ws/build/motor_package/install.log --single-version-externally-managed install_data
