[0.039s] Invoking command in '/home/domerrover/ws/build/zed_wrapper': CMAKE_PREFIX_PATH=/home/domerrover/ws/install/zed_components:/home/domerrover/ws/install/zed_msgs:/home/domerrover/ws/install/zed_ros2:/home/domerrover/ws/install/zed_wrapper:/home/domerrover/ws/install/custom_msgs:/home/domerrover/ws/install/motor_package:/home/domerrover/ws/install/imu_package:/home/domerrover/ws/install/gps_pub_sub:/opt/ros/humble LD_LIBRARY_PATH=/home/domerrover/ws/install/zed_components/lib:/home/domerrover/ws/install/zed_msgs/lib:/home/domerrover/ws/install/custom_msgs/lib:/usr/local/cuda-12.2/lib64:/opt/ros/humble/opt/rviz_ogre_vendor/lib:/opt/ros/humble/lib/aarch64-linux-gnu:/opt/ros/humble/lib:/usr/local/cuda-12.2/lib64 /usr/bin/cmake /home/domerrover/ws/src/zed-ros2-wrapper/zed_wrapper -DCMAKE_BUILD_TYPE=Release -DAMENT_CMAKE_SYMLINK_INSTALL=1 -DCMAKE_INSTALL_PREFIX=/home/domerrover/ws/install/zed_wrapper
[0.186s] -- The C compiler identification is GNU 11.4.0
[0.336s] -- The CXX compiler identification is GNU 11.4.0
[0.363s] -- Detecting C compiler ABI info
[0.560s] -- Detecting C compiler ABI info - done
[0.586s] -- Check for working C compiler: /usr/bin/cc - skipped
[0.587s] -- Detecting C compile features
[0.589s] -- Detecting C compile features - done
[0.601s] -- Detecting CXX compiler ABI info
[0.829s] -- Detecting CXX compiler ABI info - done
[0.854s] -- Check for working CXX compiler: /usr/bin/c++ - skipped
[0.855s] -- Detecting CXX compile features
[0.857s] -- Detecting CXX compile features - done
[0.868s] -- Found ament_cmake_auto: 1.3.10 (/opt/ros/humble/share/ament_cmake_auto/cmake)
[1.266s] -- Found Python3: /usr/bin/python3 (found version "3.10.12") found components: Interpreter 
[1.409s] -- Override CMake install command with custom implementation using symlinks instead of copying resources
[1.771s] -- Found rosidl_generator_c: 3.1.5 (/opt/ros/humble/share/rosidl_generator_c/cmake)
[1.781s] -- Found rosidl_adapter: 3.1.5 (/opt/ros/humble/share/rosidl_adapter/cmake)
[1.798s] -- Found rosidl_generator_cpp: 3.1.5 (/opt/ros/humble/share/rosidl_generator_cpp/cmake)
[1.822s] -- Using all available rosidl_typesupport_c: rosidl_typesupport_fastrtps_c;rosidl_typesupport_introspection_c
[1.854s] -- Using all available rosidl_typesupport_cpp: rosidl_typesupport_fastrtps_cpp;rosidl_typesupport_introspection_cpp
[1.942s] -- Found rmw_implementation_cmake: 6.1.2 (/opt/ros/humble/share/rmw_implementation_cmake/cmake)
[1.948s] -- Found rmw_fastrtps_cpp: 6.2.7 (/opt/ros/humble/share/rmw_fastrtps_cpp/cmake)
[2.119s] -- Found OpenSSL: /usr/lib/aarch64-linux-gnu/libcrypto.so (found version "3.0.2")  
[2.186s] -- Found FastRTPS: /opt/ros/humble/include  
[2.262s] -- Using RMW implementation 'rmw_fastrtps_cpp' as default
[2.280s] -- Looking for pthread.h
[2.455s] -- Looking for pthread.h - found
[2.455s] -- Performing Test CMAKE_HAVE_LIBC_PTHREAD
[2.666s] -- Performing Test CMAKE_HAVE_LIBC_PTHREAD - Success
[2.670s] -- Found Threads: TRUE  
[3.126s] -- Found eigen3_cmake_module: 0.1.1 (/opt/ros/humble/share/eigen3_cmake_module/cmake)
[3.128s] -- Found Eigen3: TRUE (found version "3.4.0") 
[3.129s] -- Ensuring Eigen3 include directory is part of orocos-kdl CMake target
[3.494s] -- Configuring done
[3.507s] -- Generating done
[3.511s] -- Build files have been written to: /home/domerrover/ws/build/zed_wrapper
[3.538s] Invoked command in '/home/domerrover/ws/build/zed_wrapper' returned '0': CMAKE_PREFIX_PATH=/home/domerrover/ws/install/zed_components:/home/domerrover/ws/install/zed_msgs:/home/domerrover/ws/install/zed_ros2:/home/domerrover/ws/install/zed_wrapper:/home/domerrover/ws/install/custom_msgs:/home/domerrover/ws/install/motor_package:/home/domerrover/ws/install/imu_package:/home/domerrover/ws/install/gps_pub_sub:/opt/ros/humble LD_LIBRARY_PATH=/home/domerrover/ws/install/zed_components/lib:/home/domerrover/ws/install/zed_msgs/lib:/home/domerrover/ws/install/custom_msgs/lib:/usr/local/cuda-12.2/lib64:/opt/ros/humble/opt/rviz_ogre_vendor/lib:/opt/ros/humble/lib/aarch64-linux-gnu:/opt/ros/humble/lib:/usr/local/cuda-12.2/lib64 /usr/bin/cmake /home/domerrover/ws/src/zed-ros2-wrapper/zed_wrapper -DCMAKE_BUILD_TYPE=Release -DAMENT_CMAKE_SYMLINK_INSTALL=1 -DCMAKE_INSTALL_PREFIX=/home/domerrover/ws/install/zed_wrapper
[3.542s] Invoking command in '/home/domerrover/ws/build/zed_wrapper': CMAKE_PREFIX_PATH=/home/domerrover/ws/install/zed_components:/home/domerrover/ws/install/zed_msgs:/home/domerrover/ws/install/zed_ros2:/home/domerrover/ws/install/zed_wrapper:/home/domerrover/ws/install/custom_msgs:/home/domerrover/ws/install/motor_package:/home/domerrover/ws/install/imu_package:/home/domerrover/ws/install/gps_pub_sub:/opt/ros/humble LD_LIBRARY_PATH=/home/domerrover/ws/install/zed_components/lib:/home/domerrover/ws/install/zed_msgs/lib:/home/domerrover/ws/install/custom_msgs/lib:/usr/local/cuda-12.2/lib64:/opt/ros/humble/opt/rviz_ogre_vendor/lib:/opt/ros/humble/lib/aarch64-linux-gnu:/opt/ros/humble/lib:/usr/local/cuda-12.2/lib64 /usr/bin/cmake --build /home/domerrover/ws/build/zed_wrapper -- -j6 -l6
[3.673s] Invoked command in '/home/domerrover/ws/build/zed_wrapper' returned '0': CMAKE_PREFIX_PATH=/home/domerrover/ws/install/zed_components:/home/domerrover/ws/install/zed_msgs:/home/domerrover/ws/install/zed_ros2:/home/domerrover/ws/install/zed_wrapper:/home/domerrover/ws/install/custom_msgs:/home/domerrover/ws/install/motor_package:/home/domerrover/ws/install/imu_package:/home/domerrover/ws/install/gps_pub_sub:/opt/ros/humble LD_LIBRARY_PATH=/home/domerrover/ws/install/zed_components/lib:/home/domerrover/ws/install/zed_msgs/lib:/home/domerrover/ws/install/custom_msgs/lib:/usr/local/cuda-12.2/lib64:/opt/ros/humble/opt/rviz_ogre_vendor/lib:/opt/ros/humble/lib/aarch64-linux-gnu:/opt/ros/humble/lib:/usr/local/cuda-12.2/lib64 /usr/bin/cmake --build /home/domerrover/ws/build/zed_wrapper -- -j6 -l6
[3.736s] Invoking command in '/home/domerrover/ws/build/zed_wrapper': CMAKE_PREFIX_PATH=/home/domerrover/ws/install/zed_components:/home/domerrover/ws/install/zed_msgs:/home/domerrover/ws/install/zed_ros2:/home/domerrover/ws/install/zed_wrapper:/home/domerrover/ws/install/custom_msgs:/home/domerrover/ws/install/motor_package:/home/domerrover/ws/install/imu_package:/home/domerrover/ws/install/gps_pub_sub:/opt/ros/humble LD_LIBRARY_PATH=/home/domerrover/ws/install/zed_components/lib:/home/domerrover/ws/install/zed_msgs/lib:/home/domerrover/ws/install/custom_msgs/lib:/usr/local/cuda-12.2/lib64:/opt/ros/humble/opt/rviz_ogre_vendor/lib:/opt/ros/humble/lib/aarch64-linux-gnu:/opt/ros/humble/lib:/usr/local/cuda-12.2/lib64 /usr/bin/cmake --install /home/domerrover/ws/build/zed_wrapper
[3.764s] -- Install configuration: "Release"
[3.765s] -- Execute custom install script
[3.769s] -- Symlinking: /home/domerrover/ws/install/zed_wrapper/share/zed_wrapper/config/common_mono.yaml
[3.795s] -- Symlinking: /home/domerrover/ws/install/zed_wrapper/share/zed_wrapper/config/common_stereo.yaml
[3.822s] -- Symlinking: /home/domerrover/ws/install/zed_wrapper/share/zed_wrapper/config/ffmpeg.yaml
[3.850s] -- Symlinking: /home/domerrover/ws/install/zed_wrapper/share/zed_wrapper/config/virtual.yaml
[3.876s] -- Symlinking: /home/domerrover/ws/install/zed_wrapper/share/zed_wrapper/config/zed.yaml
[3.902s] -- Symlinking: /home/domerrover/ws/install/zed_wrapper/share/zed_wrapper/config/zed2.yaml
[3.929s] -- Symlinking: /home/domerrover/ws/install/zed_wrapper/share/zed_wrapper/config/zed2i.yaml
[3.954s] -- Symlinking: /home/domerrover/ws/install/zed_wrapper/share/zed_wrapper/config/zedm.yaml
[3.981s] -- Symlinking: /home/domerrover/ws/install/zed_wrapper/share/zed_wrapper/config/zedx.yaml
[4.008s] -- Symlinking: /home/domerrover/ws/install/zed_wrapper/share/zed_wrapper/config/zedxm.yaml
[4.035s] -- Symlinking: /home/domerrover/ws/install/zed_wrapper/share/zed_wrapper/config/zedxone4k.yaml
[4.061s] -- Symlinking: /home/domerrover/ws/install/zed_wrapper/share/zed_wrapper/config/zedxonegs.yaml
[4.091s] -- Symlinking: /home/domerrover/ws/install/zed_wrapper/share/zed_wrapper/urdf/include/materials.urdf.xacro
[4.118s] -- Symlinking: /home/domerrover/ws/install/zed_wrapper/share/zed_wrapper/urdf/zed_descr.urdf.xacro
[4.144s] -- Symlinking: /home/domerrover/ws/install/zed_wrapper/share/zed_wrapper/urdf/zed_macro.urdf.xacro
[4.173s] -- Symlinking: /home/domerrover/ws/install/zed_wrapper/share/zed_wrapper/launch/zed_camera.launch.py
[4.199s] -- Symlinking: /home/domerrover/ws/install/zed_wrapper/share/ament_index/resource_index/package_run_dependencies/zed_wrapper
[4.225s] -- Symlinking: /home/domerrover/ws/install/zed_wrapper/share/ament_index/resource_index/parent_prefix_path/zed_wrapper
[4.251s] -- Symlinking: /home/domerrover/ws/install/zed_wrapper/share/zed_wrapper/environment/ament_prefix_path.sh
[4.278s] -- Symlinking: /home/domerrover/ws/install/zed_wrapper/share/zed_wrapper/environment/ament_prefix_path.dsv
[4.304s] -- Symlinking: /home/domerrover/ws/install/zed_wrapper/share/zed_wrapper/environment/path.sh
[4.333s] -- Symlinking: /home/domerrover/ws/install/zed_wrapper/share/zed_wrapper/environment/path.dsv
[4.363s] -- Symlinking: /home/domerrover/ws/install/zed_wrapper/share/zed_wrapper/local_setup.bash
[4.394s] -- Symlinking: /home/domerrover/ws/install/zed_wrapper/share/zed_wrapper/local_setup.sh
[4.422s] -- Symlinking: /home/domerrover/ws/install/zed_wrapper/share/zed_wrapper/local_setup.zsh
[4.449s] -- Symlinking: /home/domerrover/ws/install/zed_wrapper/share/zed_wrapper/local_setup.dsv
[4.479s] -- Symlinking: /home/domerrover/ws/install/zed_wrapper/share/zed_wrapper/package.dsv
[4.504s] -- Symlinking: /home/domerrover/ws/install/zed_wrapper/share/ament_index/resource_index/packages/zed_wrapper
[4.531s] -- Symlinking: /home/domerrover/ws/install/zed_wrapper/share/zed_wrapper/cmake/zed_wrapperConfig.cmake
[4.557s] -- Symlinking: /home/domerrover/ws/install/zed_wrapper/share/zed_wrapper/cmake/zed_wrapperConfig-version.cmake
[4.584s] -- Symlinking: /home/domerrover/ws/install/zed_wrapper/share/zed_wrapper/package.xml
[4.618s] Invoked command in '/home/domerrover/ws/build/zed_wrapper' returned '0': CMAKE_PREFIX_PATH=/home/domerrover/ws/install/zed_components:/home/domerrover/ws/install/zed_msgs:/home/domerrover/ws/install/zed_ros2:/home/domerrover/ws/install/zed_wrapper:/home/domerrover/ws/install/custom_msgs:/home/domerrover/ws/install/motor_package:/home/domerrover/ws/install/imu_package:/home/domerrover/ws/install/gps_pub_sub:/opt/ros/humble LD_LIBRARY_PATH=/home/domerrover/ws/install/zed_components/lib:/home/domerrover/ws/install/zed_msgs/lib:/home/domerrover/ws/install/custom_msgs/lib:/usr/local/cuda-12.2/lib64:/opt/ros/humble/opt/rviz_ogre_vendor/lib:/opt/ros/humble/lib/aarch64-linux-gnu:/opt/ros/humble/lib:/usr/local/cuda-12.2/lib64 /usr/bin/cmake --install /home/domerrover/ws/build/zed_wrapper
