[1.311s] Invoking command in '/home/domerrover/ws/build/motor_package': PYTHONPATH=/home/domerrover/ws/build/motor_package/prefix_override:/usr/lib/python3/dist-packages/colcon_core/task/python/colcon_distutils_commands:/home/domerrover/ws/install/motor_package/lib/python3.10/site-packages:${PYTHONPATH} /usr/bin/python3 -W ignore:setup.py install is deprecated setup.py develop --uninstall --editable --build-directory /home/domerrover/ws/build/motor_package/build
[1.865s] running develop
[1.866s] /usr/lib/python3/dist-packages/setuptools/command/easy_install.py:158: EasyInstallDeprecationWarning: easy_install command is deprecated. Use build and pip and other standards-based tools.
[1.866s]   warnings.warn(
[2.211s] Removing /home/domerrover/ws/install/motor_package/lib/python3.10/site-packages/motor-package.egg-link (link to .)
[2.286s] Invoked command in '/home/domerrover/ws/build/motor_package' returned '0': PYTHONPATH=/home/domerrover/ws/build/motor_package/prefix_override:/usr/lib/python3/dist-packages/colcon_core/task/python/colcon_distutils_commands:/home/domerrover/ws/install/motor_package/lib/python3.10/site-packages:${PYTHONPATH} /usr/bin/python3 -W ignore:setup.py install is deprecated setup.py develop --uninstall --editable --build-directory /home/domerrover/ws/build/motor_package/build
[2.290s] Invoking command in '/home/domerrover/ws/src/motor_package': PYTHONPATH=/home/domerrover/ws/build/motor_package/prefix_override:/usr/lib/python3/dist-packages/colcon_core/task/python/colcon_distutils_commands:/home/domerrover/ws/install/motor_package/lib/python3.10/site-packages:${PYTHONPATH} /usr/bin/python3 -W ignore:setup.py install is deprecated setup.py egg_info --egg-base ../../build/motor_package build --build-base /home/domerrover/ws/build/motor_package/build install --record /home/domerrover/ws/build/motor_package/install.log --single-version-externally-managed install_data --force
[2.817s] running egg_info
[2.818s] writing ../../build/motor_package/motor_package.egg-info/PKG-INFO
[2.819s] writing dependency_links to ../../build/motor_package/motor_package.egg-info/dependency_links.txt
[2.819s] writing entry points to ../../build/motor_package/motor_package.egg-info/entry_points.txt
[2.820s] writing requirements to ../../build/motor_package/motor_package.egg-info/requires.txt
[2.820s] writing top-level names to ../../build/motor_package/motor_package.egg-info/top_level.txt
[2.824s] reading manifest file '../../build/motor_package/motor_package.egg-info/SOURCES.txt'
[2.825s] writing manifest file '../../build/motor_package/motor_package.egg-info/SOURCES.txt'
[2.826s] running build
[2.826s] running build_py
[2.826s] creating /home/domerrover/ws/build/motor_package/build
[2.826s] creating /home/domerrover/ws/build/motor_package/build/lib
[2.826s] creating /home/domerrover/ws/build/motor_package/build/lib/motor_package
[2.827s] copying motor_package/joystick_talker.py -> /home/domerrover/ws/build/motor_package/build/lib/motor_package
[2.827s] copying motor_package/__init__.py -> /home/domerrover/ws/build/motor_package/build/lib/motor_package
[2.827s] copying motor_package/jetson_talker.py -> /home/domerrover/ws/build/motor_package/build/lib/motor_package
[2.827s] copying motor_package/GNSS_talker.py -> /home/domerrover/ws/build/motor_package/build/lib/motor_package
[2.829s] running install
[2.830s] running install_lib
[2.831s] creating /home/domerrover/ws/install/motor_package/lib/python3.10/site-packages/motor_package
[2.831s] copying /home/domerrover/ws/build/motor_package/build/lib/motor_package/joystick_talker.py -> /home/domerrover/ws/install/motor_package/lib/python3.10/site-packages/motor_package
[2.831s] copying /home/domerrover/ws/build/motor_package/build/lib/motor_package/__init__.py -> /home/domerrover/ws/install/motor_package/lib/python3.10/site-packages/motor_package
[2.832s] copying /home/domerrover/ws/build/motor_package/build/lib/motor_package/jetson_talker.py -> /home/domerrover/ws/install/motor_package/lib/python3.10/site-packages/motor_package
[2.832s] copying /home/domerrover/ws/build/motor_package/build/lib/motor_package/GNSS_talker.py -> /home/domerrover/ws/install/motor_package/lib/python3.10/site-packages/motor_package
[2.833s] byte-compiling /home/domerrover/ws/install/motor_package/lib/python3.10/site-packages/motor_package/joystick_talker.py to joystick_talker.cpython-310.pyc
[2.836s] byte-compiling /home/domerrover/ws/install/motor_package/lib/python3.10/site-packages/motor_package/__init__.py to __init__.cpython-310.pyc
[2.836s] byte-compiling /home/domerrover/ws/install/motor_package/lib/python3.10/site-packages/motor_package/jetson_talker.py to jetson_talker.cpython-310.pyc
[2.837s] byte-compiling /home/domerrover/ws/install/motor_package/lib/python3.10/site-packages/motor_package/GNSS_talker.py to GNSS_talker.cpython-310.pyc
[2.838s] running install_data
[2.838s] copying resource/motor_package -> /home/domerrover/ws/install/motor_package/share/ament_index/resource_index/packages
[2.839s] copying package.xml -> /home/domerrover/ws/install/motor_package/share/motor_package
[2.839s] running install_egg_info
[2.842s] Copying ../../build/motor_package/motor_package.egg-info to /home/domerrover/ws/install/motor_package/lib/python3.10/site-packages/motor_package-0.0.0-py3.10.egg-info
[2.844s] running install_scripts
[2.887s] Installing jetsonTalker script to /home/domerrover/ws/install/motor_package/lib/motor_package
[2.888s] Installing joystickTalker script to /home/domerrover/ws/install/motor_package/lib/motor_package
[2.888s] writing list of installed files to '/home/domerrover/ws/build/motor_package/install.log'
[2.954s] Invoked command in '/home/domerrover/ws/src/motor_package' returned '0': PYTHONPATH=/home/domerrover/ws/build/motor_package/prefix_override:/usr/lib/python3/dist-packages/colcon_core/task/python/colcon_distutils_commands:/home/domerrover/ws/install/motor_package/lib/python3.10/site-packages:${PYTHONPATH} /usr/bin/python3 -W ignore:setup.py install is deprecated setup.py egg_info --egg-base ../../build/motor_package build --build-base /home/domerrover/ws/build/motor_package/build install --record /home/domerrover/ws/build/motor_package/install.log --single-version-externally-managed install_data --force
