[1.243s] Invoking command in '/home/domerrover/ws/src/imu': PYTHONPATH=/home/domerrover/ws/src/build/imu/prefix_override:/usr/lib/python3/dist-packages/colcon_core/task/python/colcon_distutils_commands:/home/domerrover/ws/src/install/imu/lib/python3.10/site-packages:${PYTHONPATH} /usr/bin/python3 -W ignore:setup.py install is deprecated setup.py egg_info --egg-base ../build/imu build --build-base /home/domerrover/ws/src/build/imu/build install --record /home/domerrover/ws/src/build/imu/install.log --single-version-externally-managed install_data
[1.732s] running egg_info
[1.733s] creating ../build/imu/imu.egg-info
[1.734s] writing ../build/imu/imu.egg-info/PKG-INFO
[1.735s] writing dependency_links to ../build/imu/imu.egg-info/dependency_links.txt
[1.735s] writing entry points to ../build/imu/imu.egg-info/entry_points.txt
[1.735s] writing requirements to ../build/imu/imu.egg-info/requires.txt
[1.735s] writing top-level names to ../build/imu/imu.egg-info/top_level.txt
[1.735s] writing manifest file '../build/imu/imu.egg-info/SOURCES.txt'
[1.739s] reading manifest file '../build/imu/imu.egg-info/SOURCES.txt'
[1.740s] writing manifest file '../build/imu/imu.egg-info/SOURCES.txt'
[1.740s] running build
[1.741s] running build_py
[1.741s] creating /home/domerrover/ws/src/build/imu/build
[1.741s] creating /home/domerrover/ws/src/build/imu/build/lib
[1.741s] creating /home/domerrover/ws/src/build/imu/build/lib/imu
[1.741s] copying imu/__init__.py -> /home/domerrover/ws/src/build/imu/build/lib/imu
[1.741s] running install
[1.742s] running install_lib
[1.744s] creating /home/domerrover/ws/src/install/imu/lib/python3.10/site-packages/imu
[1.744s] copying /home/domerrover/ws/src/build/imu/build/lib/imu/__init__.py -> /home/domerrover/ws/src/install/imu/lib/python3.10/site-packages/imu
[1.745s] byte-compiling /home/domerrover/ws/src/install/imu/lib/python3.10/site-packages/imu/__init__.py to __init__.cpython-310.pyc
[1.746s] running install_data
[1.746s] creating /home/domerrover/ws/src/install/imu/share/ament_index
[1.746s] creating /home/domerrover/ws/src/install/imu/share/ament_index/resource_index
[1.746s] creating /home/domerrover/ws/src/install/imu/share/ament_index/resource_index/packages
[1.746s] copying resource/imu -> /home/domerrover/ws/src/install/imu/share/ament_index/resource_index/packages
[1.747s] copying package.xml -> /home/domerrover/ws/src/install/imu/share/imu
[1.747s] running install_egg_info
[1.750s] Copying ../build/imu/imu.egg-info to /home/domerrover/ws/src/install/imu/lib/python3.10/site-packages/imu-0.0.0-py3.10.egg-info
[1.752s] running install_scripts
[1.794s] writing list of installed files to '/home/domerrover/ws/src/build/imu/install.log'
[1.860s] Invoked command in '/home/domerrover/ws/src/imu' returned '0': PYTHONPATH=/home/domerrover/ws/src/build/imu/prefix_override:/usr/lib/python3/dist-packages/colcon_core/task/python/colcon_distutils_commands:/home/domerrover/ws/src/install/imu/lib/python3.10/site-packages:${PYTHONPATH} /usr/bin/python3 -W ignore:setup.py install is deprecated setup.py egg_info --egg-base ../build/imu build --build-base /home/domerrover/ws/src/build/imu/build install --record /home/domerrover/ws/src/build/imu/install.log --single-version-externally-managed install_data
