[1.571s] Invoking command in '/home/domerrover/ws/build/gps_pub_sub': CMAKE_PREFIX_PATH=/home/domerrover/ws/install/custom_msgs:/home/domerrover/ws/install/zed_ros2:/home/domerrover/ws/install/zed_wrapper:/home/domerrover/ws/install/zed_components:/home/domerrover/ws/install/zed_msgs LD_LIBRARY_PATH=/home/domerrover/ws/install/custom_msgs/lib:/home/domerrover/ws/install/zed_components/lib:/home/domerrover/ws/install/zed_msgs/lib:/usr/local/cuda-12.2/lib64:/opt/ros/humble/opt/rviz_ogre_vendor/lib:/opt/ros/humble/lib/aarch64-linux-gnu:/opt/ros/humble/lib:/usr/local/cuda-12.2/lib64 PYTHONPATH=/home/domerrover/ws/build/gps_pub_sub/prefix_override:/usr/lib/python3/dist-packages/colcon_core/task/python/colcon_distutils_commands:/home/domerrover/ws/install/gps_pub_sub/lib/python3.10/site-packages:${PYTHONPATH} /usr/bin/python3 -W ignore:setup.py install is deprecated setup.py develop --editable --build-directory /home/domerrover/ws/build/gps_pub_sub/build --no-deps symlink_data
[2.280s] running develop
[2.281s] /usr/lib/python3/dist-packages/setuptools/command/easy_install.py:158: EasyInstallDeprecationWarning: easy_install command is deprecated. Use build and pip and other standards-based tools.
[2.281s]   warnings.warn(
[2.658s] running egg_info
[2.658s] creating gps_pub_sub.egg-info
[2.659s] writing gps_pub_sub.egg-info/PKG-INFO
[2.659s] writing dependency_links to gps_pub_sub.egg-info/dependency_links.txt
[2.659s] writing entry points to gps_pub_sub.egg-info/entry_points.txt
[2.660s] writing requirements to gps_pub_sub.egg-info/requires.txt
[2.660s] writing top-level names to gps_pub_sub.egg-info/top_level.txt
[2.660s] writing manifest file 'gps_pub_sub.egg-info/SOURCES.txt'
[2.664s] reading manifest file 'gps_pub_sub.egg-info/SOURCES.txt'
[2.666s] writing manifest file 'gps_pub_sub.egg-info/SOURCES.txt'
[2.669s] running build_ext
[2.670s] Creating /home/domerrover/ws/install/gps_pub_sub/lib/python3.10/site-packages/gps-pub-sub.egg-link (link to .)
[2.672s] Installing GPS_pub_node script to /home/domerrover/ws/install/gps_pub_sub/lib/gps_pub_sub
[2.672s] 
[2.673s] Installed /home/domerrover/ws/build/gps_pub_sub
[2.673s] running symlink_data
[2.673s] creating /home/domerrover/ws/install/gps_pub_sub/share/ament_index
[2.673s] creating /home/domerrover/ws/install/gps_pub_sub/share/ament_index/resource_index
[2.673s] creating /home/domerrover/ws/install/gps_pub_sub/share/ament_index/resource_index/packages
[2.674s] symbolically linking /home/domerrover/ws/build/gps_pub_sub/resource/gps_pub_sub -> /home/domerrover/ws/install/gps_pub_sub/share/ament_index/resource_index/packages
[2.674s] symbolically linking /home/domerrover/ws/build/gps_pub_sub/package.xml -> /home/domerrover/ws/install/gps_pub_sub/share/gps_pub_sub
[2.788s] Invoked command in '/home/domerrover/ws/build/gps_pub_sub' returned '0': CMAKE_PREFIX_PATH=/home/domerrover/ws/install/custom_msgs:/home/domerrover/ws/install/zed_ros2:/home/domerrover/ws/install/zed_wrapper:/home/domerrover/ws/install/zed_components:/home/domerrover/ws/install/zed_msgs LD_LIBRARY_PATH=/home/domerrover/ws/install/custom_msgs/lib:/home/domerrover/ws/install/zed_components/lib:/home/domerrover/ws/install/zed_msgs/lib:/usr/local/cuda-12.2/lib64:/opt/ros/humble/opt/rviz_ogre_vendor/lib:/opt/ros/humble/lib/aarch64-linux-gnu:/opt/ros/humble/lib:/usr/local/cuda-12.2/lib64 PYTHONPATH=/home/domerrover/ws/build/gps_pub_sub/prefix_override:/usr/lib/python3/dist-packages/colcon_core/task/python/colcon_distutils_commands:/home/domerrover/ws/install/gps_pub_sub/lib/python3.10/site-packages:${PYTHONPATH} /usr/bin/python3 -W ignore:setup.py install is deprecated setup.py develop --editable --build-directory /home/domerrover/ws/build/gps_pub_sub/build --no-deps symlink_data
