[0.040s] Invoking command in '/home/domerrover/ws/build/zed_ros2': CMAKE_PREFIX_PATH=/home/domerrover/ws/install/zed_wrapper:/home/domerrover/ws/install/zed_components:/home/domerrover/ws/install/zed_msgs:/home/domerrover/ws/install/zed_ros2:/home/domerrover/ws/install/custom_msgs:/home/domerrover/ws/install/motor_package:/home/domerrover/ws/install/imu_package:/home/domerrover/ws/install/gps_pub_sub:/opt/ros/humble LD_LIBRARY_PATH=/home/domerrover/ws/install/zed_components/lib:/home/domerrover/ws/install/zed_msgs/lib:/home/domerrover/ws/install/custom_msgs/lib:/usr/local/cuda-12.2/lib64:/opt/ros/humble/opt/rviz_ogre_vendor/lib:/opt/ros/humble/lib/aarch64-linux-gnu:/opt/ros/humble/lib:/usr/local/cuda-12.2/lib64 /usr/bin/cmake /home/domerrover/ws/src/zed-ros2-wrapper/zed_ros2 -DCMAKE_BUILD_TYPE=Release -DAMENT_CMAKE_SYMLINK_INSTALL=1 -DCMAKE_INSTALL_PREFIX=/home/domerrover/ws/install/zed_ros2
[0.084s] -- Found ament_cmake_auto: 1.3.10 (/opt/ros/humble/share/ament_cmake_auto/cmake)
[0.519s] -- Found Python3: /usr/bin/python3 (found version "3.10.12") found components: Interpreter 
[0.666s] -- Override CMake install command with custom implementation using symlinks instead of copying resources
[0.911s] -- Found ament_lint_auto: 0.12.11 (/opt/ros/humble/share/ament_lint_auto/cmake)
[0.963s] -- Added test 'copyright' to check source files copyright and LICENSE
[0.966s] -- Added test 'lint_cmake' to check CMake code style
[0.968s] -- Added test 'xmllint' to check XML markup files
[0.972s] -- Configuring done
[0.980s] -- Generating done
[0.982s] -- Build files have been written to: /home/domerrover/ws/build/zed_ros2
[0.991s] Invoked command in '/home/domerrover/ws/build/zed_ros2' returned '0': CMAKE_PREFIX_PATH=/home/domerrover/ws/install/zed_wrapper:/home/domerrover/ws/install/zed_components:/home/domerrover/ws/install/zed_msgs:/home/domerrover/ws/install/zed_ros2:/home/domerrover/ws/install/custom_msgs:/home/domerrover/ws/install/motor_package:/home/domerrover/ws/install/imu_package:/home/domerrover/ws/install/gps_pub_sub:/opt/ros/humble LD_LIBRARY_PATH=/home/domerrover/ws/install/zed_components/lib:/home/domerrover/ws/install/zed_msgs/lib:/home/domerrover/ws/install/custom_msgs/lib:/usr/local/cuda-12.2/lib64:/opt/ros/humble/opt/rviz_ogre_vendor/lib:/opt/ros/humble/lib/aarch64-linux-gnu:/opt/ros/humble/lib:/usr/local/cuda-12.2/lib64 /usr/bin/cmake /home/domerrover/ws/src/zed-ros2-wrapper/zed_ros2 -DCMAKE_BUILD_TYPE=Release -DAMENT_CMAKE_SYMLINK_INSTALL=1 -DCMAKE_INSTALL_PREFIX=/home/domerrover/ws/install/zed_ros2
[0.995s] Invoking command in '/home/domerrover/ws/build/zed_ros2': CMAKE_PREFIX_PATH=/home/domerrover/ws/install/zed_wrapper:/home/domerrover/ws/install/zed_components:/home/domerrover/ws/install/zed_msgs:/home/domerrover/ws/install/zed_ros2:/home/domerrover/ws/install/custom_msgs:/home/domerrover/ws/install/motor_package:/home/domerrover/ws/install/imu_package:/home/domerrover/ws/install/gps_pub_sub:/opt/ros/humble LD_LIBRARY_PATH=/home/domerrover/ws/install/zed_components/lib:/home/domerrover/ws/install/zed_msgs/lib:/home/domerrover/ws/install/custom_msgs/lib:/usr/local/cuda-12.2/lib64:/opt/ros/humble/opt/rviz_ogre_vendor/lib:/opt/ros/humble/lib/aarch64-linux-gnu:/opt/ros/humble/lib:/usr/local/cuda-12.2/lib64 /usr/bin/cmake --build /home/domerrover/ws/build/zed_ros2 -- -j6 -l6
[1.118s] Invoked command in '/home/domerrover/ws/build/zed_ros2' returned '0': CMAKE_PREFIX_PATH=/home/domerrover/ws/install/zed_wrapper:/home/domerrover/ws/install/zed_components:/home/domerrover/ws/install/zed_msgs:/home/domerrover/ws/install/zed_ros2:/home/domerrover/ws/install/custom_msgs:/home/domerrover/ws/install/motor_package:/home/domerrover/ws/install/imu_package:/home/domerrover/ws/install/gps_pub_sub:/opt/ros/humble LD_LIBRARY_PATH=/home/domerrover/ws/install/zed_components/lib:/home/domerrover/ws/install/zed_msgs/lib:/home/domerrover/ws/install/custom_msgs/lib:/usr/local/cuda-12.2/lib64:/opt/ros/humble/opt/rviz_ogre_vendor/lib:/opt/ros/humble/lib/aarch64-linux-gnu:/opt/ros/humble/lib:/usr/local/cuda-12.2/lib64 /usr/bin/cmake --build /home/domerrover/ws/build/zed_ros2 -- -j6 -l6
[1.176s] Invoking command in '/home/domerrover/ws/build/zed_ros2': CMAKE_PREFIX_PATH=/home/domerrover/ws/install/zed_wrapper:/home/domerrover/ws/install/zed_components:/home/domerrover/ws/install/zed_msgs:/home/domerrover/ws/install/zed_ros2:/home/domerrover/ws/install/custom_msgs:/home/domerrover/ws/install/motor_package:/home/domerrover/ws/install/imu_package:/home/domerrover/ws/install/gps_pub_sub:/opt/ros/humble LD_LIBRARY_PATH=/home/domerrover/ws/install/zed_components/lib:/home/domerrover/ws/install/zed_msgs/lib:/home/domerrover/ws/install/custom_msgs/lib:/usr/local/cuda-12.2/lib64:/opt/ros/humble/opt/rviz_ogre_vendor/lib:/opt/ros/humble/lib/aarch64-linux-gnu:/opt/ros/humble/lib:/usr/local/cuda-12.2/lib64 /usr/bin/cmake --install /home/domerrover/ws/build/zed_ros2
[1.202s] -- Install configuration: "Release"
[1.203s] -- Execute custom install script
[1.204s] -- Symlinking: /home/domerrover/ws/install/zed_ros2/share/ament_index/resource_index/package_run_dependencies/zed_ros2
[1.227s] -- Symlinking: /home/domerrover/ws/install/zed_ros2/share/ament_index/resource_index/parent_prefix_path/zed_ros2
[1.253s] -- Symlinking: /home/domerrover/ws/install/zed_ros2/share/zed_ros2/environment/ament_prefix_path.sh
[1.279s] -- Symlinking: /home/domerrover/ws/install/zed_ros2/share/zed_ros2/environment/ament_prefix_path.dsv
[1.305s] -- Symlinking: /home/domerrover/ws/install/zed_ros2/share/zed_ros2/environment/path.sh
[1.331s] -- Symlinking: /home/domerrover/ws/install/zed_ros2/share/zed_ros2/environment/path.dsv
[1.357s] -- Symlinking: /home/domerrover/ws/install/zed_ros2/share/zed_ros2/local_setup.bash
[1.383s] -- Symlinking: /home/domerrover/ws/install/zed_ros2/share/zed_ros2/local_setup.sh
[1.409s] -- Symlinking: /home/domerrover/ws/install/zed_ros2/share/zed_ros2/local_setup.zsh
[1.435s] -- Symlinking: /home/domerrover/ws/install/zed_ros2/share/zed_ros2/local_setup.dsv
[1.461s] -- Symlinking: /home/domerrover/ws/install/zed_ros2/share/zed_ros2/package.dsv
[1.487s] -- Symlinking: /home/domerrover/ws/install/zed_ros2/share/ament_index/resource_index/packages/zed_ros2
[1.516s] -- Symlinking: /home/domerrover/ws/install/zed_ros2/share/zed_ros2/cmake/zed_ros2Config.cmake
[1.542s] -- Symlinking: /home/domerrover/ws/install/zed_ros2/share/zed_ros2/cmake/zed_ros2Config-version.cmake
[1.569s] -- Symlinking: /home/domerrover/ws/install/zed_ros2/share/zed_ros2/package.xml
[1.602s] Invoked command in '/home/domerrover/ws/build/zed_ros2' returned '0': CMAKE_PREFIX_PATH=/home/domerrover/ws/install/zed_wrapper:/home/domerrover/ws/install/zed_components:/home/domerrover/ws/install/zed_msgs:/home/domerrover/ws/install/zed_ros2:/home/domerrover/ws/install/custom_msgs:/home/domerrover/ws/install/motor_package:/home/domerrover/ws/install/imu_package:/home/domerrover/ws/install/gps_pub_sub:/opt/ros/humble LD_LIBRARY_PATH=/home/domerrover/ws/install/zed_components/lib:/home/domerrover/ws/install/zed_msgs/lib:/home/domerrover/ws/install/custom_msgs/lib:/usr/local/cuda-12.2/lib64:/opt/ros/humble/opt/rviz_ogre_vendor/lib:/opt/ros/humble/lib/aarch64-linux-gnu:/opt/ros/humble/lib:/usr/local/cuda-12.2/lib64 /usr/bin/cmake --install /home/domerrover/ws/build/zed_ros2
