-- The C compiler identification is GNU 11.4.0
-- The CXX compiler identification is GNU 11.4.0
-- Detecting C compiler ABI info
-- Detecting C compiler ABI info - done
-- Check for working C compiler: /usr/bin/cc - skipped
-- Detecting C compile features
-- Detecting C compile features - done
-- Detecting CXX compiler ABI info
-- Detecting CXX compiler ABI info - done
-- Check for working CXX compiler: /usr/bin/c++ - skipped
-- Detecting CXX compile features
-- Detecting CXX compile features - done
-- Found ament_cmake: 1.3.10 (/opt/ros/humble/share/ament_cmake/cmake)
-- Found Python3: /usr/bin/python3 (found version "3.10.12") found components: Interpreter 
-- Override CMake install command with custom implementation using symlinks instead of copying resources
-- Found hardware_interface: 2.43.1 (/opt/ros/humble/share/hardware_interface/cmake)
-- Found rosidl_generator_c: 3.1.5 (/opt/ros/humble/share/rosidl_generator_c/cmake)
-- Found rosidl_adapter: 3.1.5 (/opt/ros/humble/share/rosidl_adapter/cmake)
-- Found rosidl_generator_cpp: 3.1.5 (/opt/ros/humble/share/rosidl_generator_cpp/cmake)
-- Using all available rosidl_typesupport_c: rosidl_typesupport_fastrtps_c;rosidl_typesupport_introspection_c
-- Using all available rosidl_typesupport_cpp: rosidl_typesupport_fastrtps_cpp;rosidl_typesupport_introspection_cpp
-- Found rmw_implementation_cmake: 6.1.2 (/opt/ros/humble/share/rmw_implementation_cmake/cmake)
-- Found rmw_fastrtps_cpp: 6.2.7 (/opt/ros/humble/share/rmw_fastrtps_cpp/cmake)
-- Found TinyXML2 via Config file: TinyXML2_DIR-NOTFOUND
-- Found OpenSSL: /usr/lib/aarch64-linux-gnu/libcrypto.so (found version "3.0.2")  
-- Found TinyXML2 via Config file: TinyXML2_DIR-NOTFOUND
-- Found FastRTPS: /opt/ros/humble/include  
-- Found TinyXML2 via Config file: TinyXML2_DIR-NOTFOUND
-- Found TinyXML2 via Config file: TinyXML2_DIR-NOTFOUND
-- Using RMW implementation 'rmw_fastrtps_cpp' as default
-- Looking for pthread.h
-- Looking for pthread.h - found
-- Performing Test CMAKE_HAVE_LIBC_PTHREAD
-- Performing Test CMAKE_HAVE_LIBC_PTHREAD - Success
-- Found Threads: TRUE  
-- Found ament_lint_auto: 0.12.11 (/opt/ros/humble/share/ament_lint_auto/cmake)
-- Added test 'cppcheck' to perform static code analysis on C / C++ code
-- Configured cppcheck include dirs: /home/domerrover/ws/src/custom_hardware/include
-- Configured cppcheck exclude dirs and/or files: 
-- Added test 'lint_cmake' to check CMake code style
-- Added test 'uncrustify' to check C / C++ code style
-- Configured uncrustify additional arguments: 
-- Added test 'xmllint' to check XML markup files
-- Configuring done
-- Generating done
-- Build files have been written to: /home/domerrover/ws/build/custom_hardware
[ 50%] [32mBuilding CXX object CMakeFiles/custom_hardware.dir/custom_hardware.cpp.o[0m
[100%] [32m[1mLinking CXX shared library libcustom_hardware.so[0m
[100%] Built target custom_hardware
-- Install configuration: "Release"
-- Execute custom install script
-- Symlinking: /home/domerrover/ws/install/custom_hardware/share/custom_hardware//custom_hardware.xml
-- Symlinking: /home/domerrover/ws/install/custom_hardware/lib/libcustom_hardware.so
-- Symlinking: /home/domerrover/ws/install/custom_hardware/include/custom_hardware/custom_hardware/custom_hardware.hpp
-- Symlinking: /home/domerrover/ws/install/custom_hardware/share/custom_hardware/environment/library_path.sh
-- Symlinking: /home/domerrover/ws/install/custom_hardware/share/custom_hardware/environment/library_path.dsv
-- Symlinking: /home/domerrover/ws/install/custom_hardware/share/ament_index/resource_index/package_run_dependencies/custom_hardware
-- Symlinking: /home/domerrover/ws/install/custom_hardware/share/ament_index/resource_index/parent_prefix_path/custom_hardware
-- Symlinking: /home/domerrover/ws/install/custom_hardware/share/custom_hardware/environment/ament_prefix_path.sh
-- Symlinking: /home/domerrover/ws/install/custom_hardware/share/custom_hardware/environment/ament_prefix_path.dsv
-- Symlinking: /home/domerrover/ws/install/custom_hardware/share/custom_hardware/environment/path.sh
-- Symlinking: /home/domerrover/ws/install/custom_hardware/share/custom_hardware/environment/path.dsv
-- Symlinking: /home/domerrover/ws/install/custom_hardware/share/custom_hardware/local_setup.bash
-- Symlinking: /home/domerrover/ws/install/custom_hardware/share/custom_hardware/local_setup.sh
-- Symlinking: /home/domerrover/ws/install/custom_hardware/share/custom_hardware/local_setup.zsh
-- Symlinking: /home/domerrover/ws/install/custom_hardware/share/custom_hardware/local_setup.dsv
-- Symlinking: /home/domerrover/ws/install/custom_hardware/share/custom_hardware/package.dsv
-- Symlinking: /home/domerrover/ws/install/custom_hardware/share/ament_index/resource_index/packages/custom_hardware
-- Symlinking: /home/domerrover/ws/install/custom_hardware/share/ament_index/resource_index/hardware_interface__pluginlib__plugin/custom_hardware
-- Symlinking: /home/domerrover/ws/install/custom_hardware/share/custom_hardware/cmake/ament_cmake_export_include_directories-extras.cmake
-- Symlinking: /home/domerrover/ws/install/custom_hardware/share/custom_hardware/cmake/ament_cmake_export_libraries-extras.cmake
-- Symlinking: /home/domerrover/ws/install/custom_hardware/share/custom_hardware/cmake/ament_cmake_export_dependencies-extras.cmake
-- Symlinking: /home/domerrover/ws/install/custom_hardware/share/custom_hardware/cmake/custom_hardwareConfig.cmake
-- Symlinking: /home/domerrover/ws/install/custom_hardware/share/custom_hardware/cmake/custom_hardwareConfig-version.cmake
-- Symlinking: /home/domerrover/ws/install/custom_hardware/share/custom_hardware/package.xml
