[0.039s] Invoking command in '/home/domerrover/ws/build/custom_hardware': CMAKE_PREFIX_PATH=${CMAKE_PREFIX_PATH}:/home/domerrover/ws/install/motor_package:/home/domerrover/ws/install/imu_package:/home/domerrover/ws/install/gps_pub_sub:/opt/ros/humble /usr/bin/cmake /home/domerrover/ws/src/custom_hardware -DCMAKE_BUILD_TYPE=Release -DAMENT_CMAKE_SYMLINK_INSTALL=1 -DCMAKE_INSTALL_PREFIX=/home/domerrover/ws/install/custom_hardware
[0.615s] -- The C compiler identification is GNU 11.4.0
[1.023s] -- The CXX compiler identification is GNU 11.4.0
[1.047s] -- Detecting C compiler ABI info
[1.202s] -- Detecting C compiler ABI info - done
[1.214s] -- Check for working C compiler: /usr/bin/cc - skipped
[1.214s] -- Detecting C compile features
[1.215s] -- Detecting C compile features - done
[1.221s] -- Detecting CXX compiler ABI info
[1.378s] -- Detecting CXX compiler ABI info - done
[1.391s] -- Check for working CXX compiler: /usr/bin/c++ - skipped
[1.392s] -- Detecting CXX compile features
[1.392s] -- Detecting CXX compile features - done
[1.397s] -- Found ament_cmake: 1.3.10 (/opt/ros/humble/share/ament_cmake/cmake)
[1.728s] -- Found Python3: /usr/bin/python3 (found version "3.10.12") found components: Interpreter 
[1.887s] -- Override CMake install command with custom implementation using symlinks instead of copying resources
[1.949s] -- Found hardware_interface: 2.43.1 (/opt/ros/humble/share/hardware_interface/cmake)
[2.036s] -- Found rosidl_generator_c: 3.1.5 (/opt/ros/humble/share/rosidl_generator_c/cmake)
[2.046s] -- Found rosidl_adapter: 3.1.5 (/opt/ros/humble/share/rosidl_adapter/cmake)
[2.064s] -- Found rosidl_generator_cpp: 3.1.5 (/opt/ros/humble/share/rosidl_generator_cpp/cmake)
[2.089s] -- Using all available rosidl_typesupport_c: rosidl_typesupport_fastrtps_c;rosidl_typesupport_introspection_c
[2.122s] -- Using all available rosidl_typesupport_cpp: rosidl_typesupport_fastrtps_cpp;rosidl_typesupport_introspection_cpp
[2.670s] -- Found rmw_implementation_cmake: 6.1.2 (/opt/ros/humble/share/rmw_implementation_cmake/cmake)
[2.680s] -- Found rmw_fastrtps_cpp: 6.2.7 (/opt/ros/humble/share/rmw_fastrtps_cpp/cmake)
[2.763s] -- Found TinyXML2 via Config file: TinyXML2_DIR-NOTFOUND
[2.885s] -- Found OpenSSL: /usr/lib/aarch64-linux-gnu/libcrypto.so (found version "3.0.2")  
[2.907s] -- Found TinyXML2 via Config file: TinyXML2_DIR-NOTFOUND
[2.936s] -- Found FastRTPS: /opt/ros/humble/include  
[2.946s] -- Found TinyXML2 via Config file: TinyXML2_DIR-NOTFOUND
[2.963s] -- Found TinyXML2 via Config file: TinyXML2_DIR-NOTFOUND
[2.986s] -- Using RMW implementation 'rmw_fastrtps_cpp' as default
[3.016s] -- Looking for pthread.h
[3.204s] -- Looking for pthread.h - found
[3.205s] -- Performing Test CMAKE_HAVE_LIBC_PTHREAD
[3.365s] -- Performing Test CMAKE_HAVE_LIBC_PTHREAD - Success
[3.367s] -- Found Threads: TRUE  
[3.573s] -- Found ament_lint_auto: 0.12.11 (/opt/ros/humble/share/ament_lint_auto/cmake)
[3.803s] -- Added test 'cppcheck' to perform static code analysis on C / C++ code
[3.803s] -- Configured cppcheck include dirs: /home/domerrover/ws/src/custom_hardware/include
[3.804s] -- Configured cppcheck exclude dirs and/or files: 
[3.807s] -- Added test 'lint_cmake' to check CMake code style
[3.810s] -- Added test 'uncrustify' to check C / C++ code style
[3.810s] -- Configured uncrustify additional arguments: 
[3.811s] -- Added test 'xmllint' to check XML markup files
[3.819s] -- Configuring done
[3.957s] -- Generating done
[3.963s] -- Build files have been written to: /home/domerrover/ws/build/custom_hardware
[4.000s] Invoked command in '/home/domerrover/ws/build/custom_hardware' returned '0': CMAKE_PREFIX_PATH=${CMAKE_PREFIX_PATH}:/home/domerrover/ws/install/motor_package:/home/domerrover/ws/install/imu_package:/home/domerrover/ws/install/gps_pub_sub:/opt/ros/humble /usr/bin/cmake /home/domerrover/ws/src/custom_hardware -DCMAKE_BUILD_TYPE=Release -DAMENT_CMAKE_SYMLINK_INSTALL=1 -DCMAKE_INSTALL_PREFIX=/home/domerrover/ws/install/custom_hardware
[4.003s] Invoking command in '/home/domerrover/ws/build/custom_hardware': CMAKE_PREFIX_PATH=${CMAKE_PREFIX_PATH}:/home/domerrover/ws/install/motor_package:/home/domerrover/ws/install/imu_package:/home/domerrover/ws/install/gps_pub_sub:/opt/ros/humble /usr/bin/cmake --build /home/domerrover/ws/build/custom_hardware -- -j6 -l6
[4.106s] [ 50%] [32mBuilding CXX object CMakeFiles/custom_hardware.dir/custom_hardware.cpp.o[0m
[11.150s] [01m[K/home/domerrover/ws/src/custom_hardware/custom_hardware.cpp:[m[K In member function ‘[01m[Kvirtual hardware_interface::return_type custom_hardware::CustomHardware::write(const rclcpp::Time&, const rclcpp::Duration&)[m[K’:
[11.150s] [01m[K/home/domerrover/ws/src/custom_hardware/custom_hardware.cpp:183:10:[m[K [01;35m[Kwarning: [m[KISO C++ forbids variable length array ‘[01m[Kret[m[K’ [[01;35m[K]8;;https://gcc.gnu.org/onlinedocs/gcc/Warning-Options.html#index-Wvla-Wvla]8;;[m[K]
[11.150s]   183 |   double [01;35m[Kret[m[K[hw_commands_.size()];
[11.150s]       |          [01;35m[K^~~[m[K
[12.996s] [01m[K/home/domerrover/ws/src/custom_hardware/custom_hardware.cpp:197:10:[m[K [01;35m[Kwarning: [m[Kignoring return value of ‘[01m[Kssize_t write(int, const void*, size_t)[m[K’ declared with attribute ‘[01m[Kwarn_unused_result[m[K’ [[01;35m[K]8;;https://gcc.gnu.org/onlinedocs/gcc/Warning-Options.html#index-Wunused-result-Wunused-result]8;;[m[K]
[12.996s]   197 |   [01;35m[K::write(SerialPort, ret, 8*hw_commands_.size())[m[K;
[12.996s]       |   [01;35m[K~~~~~~~^~~~~~~~~~~~~~~~~~~~~~~~~~~~~~~~~~~~~~~~[m[K
[17.833s] [100%] [32m[1mLinking CXX shared library libcustom_hardware.so[0m
[18.216s] [100%] Built target custom_hardware
[18.253s] Invoked command in '/home/domerrover/ws/build/custom_hardware' returned '0': CMAKE_PREFIX_PATH=${CMAKE_PREFIX_PATH}:/home/domerrover/ws/install/motor_package:/home/domerrover/ws/install/imu_package:/home/domerrover/ws/install/gps_pub_sub:/opt/ros/humble /usr/bin/cmake --build /home/domerrover/ws/build/custom_hardware -- -j6 -l6
[18.362s] Invoking command in '/home/domerrover/ws/build/custom_hardware': CMAKE_PREFIX_PATH=${CMAKE_PREFIX_PATH}:/home/domerrover/ws/install/motor_package:/home/domerrover/ws/install/imu_package:/home/domerrover/ws/install/gps_pub_sub:/opt/ros/humble /usr/bin/cmake --install /home/domerrover/ws/build/custom_hardware
[18.378s] -- Install configuration: "Release"
[18.379s] -- Execute custom install script
[18.379s] -- Symlinking: /home/domerrover/ws/install/custom_hardware/share/custom_hardware//custom_hardware.xml
[18.428s] -- Symlinking: /home/domerrover/ws/install/custom_hardware/lib/libcustom_hardware.so
[18.449s] -- Symlinking: /home/domerrover/ws/install/custom_hardware/include/custom_hardware/custom_hardware/custom_hardware.hpp
[18.485s] -- Symlinking: /home/domerrover/ws/install/custom_hardware/share/custom_hardware/environment/library_path.sh
[18.518s] -- Symlinking: /home/domerrover/ws/install/custom_hardware/share/custom_hardware/environment/library_path.dsv
[18.553s] -- Symlinking: /home/domerrover/ws/install/custom_hardware/share/ament_index/resource_index/package_run_dependencies/custom_hardware
[18.578s] -- Symlinking: /home/domerrover/ws/install/custom_hardware/share/ament_index/resource_index/parent_prefix_path/custom_hardware
[18.611s] -- Symlinking: /home/domerrover/ws/install/custom_hardware/share/custom_hardware/environment/ament_prefix_path.sh
[18.647s] -- Symlinking: /home/domerrover/ws/install/custom_hardware/share/custom_hardware/environment/ament_prefix_path.dsv
[18.674s] -- Symlinking: /home/domerrover/ws/install/custom_hardware/share/custom_hardware/environment/path.sh
[18.709s] -- Symlinking: /home/domerrover/ws/install/custom_hardware/share/custom_hardware/environment/path.dsv
[18.730s] -- Symlinking: /home/domerrover/ws/install/custom_hardware/share/custom_hardware/local_setup.bash
[18.777s] -- Symlinking: /home/domerrover/ws/install/custom_hardware/share/custom_hardware/local_setup.sh
[18.811s] -- Symlinking: /home/domerrover/ws/install/custom_hardware/share/custom_hardware/local_setup.zsh
[18.842s] -- Symlinking: /home/domerrover/ws/install/custom_hardware/share/custom_hardware/local_setup.dsv
[18.877s] -- Symlinking: /home/domerrover/ws/install/custom_hardware/share/custom_hardware/package.dsv
[18.902s] -- Symlinking: /home/domerrover/ws/install/custom_hardware/share/ament_index/resource_index/packages/custom_hardware
[18.933s] -- Symlinking: /home/domerrover/ws/install/custom_hardware/share/ament_index/resource_index/hardware_interface__pluginlib__plugin/custom_hardware
[18.952s] -- Symlinking: /home/domerrover/ws/install/custom_hardware/share/custom_hardware/cmake/ament_cmake_export_include_directories-extras.cmake
[18.971s] -- Symlinking: /home/domerrover/ws/install/custom_hardware/share/custom_hardware/cmake/ament_cmake_export_libraries-extras.cmake
[19.003s] -- Symlinking: /home/domerrover/ws/install/custom_hardware/share/custom_hardware/cmake/ament_cmake_export_dependencies-extras.cmake
[19.030s] -- Symlinking: /home/domerrover/ws/install/custom_hardware/share/custom_hardware/cmake/custom_hardwareConfig.cmake
[19.051s] -- Symlinking: /home/domerrover/ws/install/custom_hardware/share/custom_hardware/cmake/custom_hardwareConfig-version.cmake
[19.074s] -- Symlinking: /home/domerrover/ws/install/custom_hardware/share/custom_hardware/package.xml
[19.125s] Invoked command in '/home/domerrover/ws/build/custom_hardware' returned '0': CMAKE_PREFIX_PATH=${CMAKE_PREFIX_PATH}:/home/domerrover/ws/install/motor_package:/home/domerrover/ws/install/imu_package:/home/domerrover/ws/install/gps_pub_sub:/opt/ros/humble /usr/bin/cmake --install /home/domerrover/ws/build/custom_hardware
