[0.343s] DEBUG:colcon:Command line arguments: ['/usr/bin/colcon', 'list']
[0.344s] DEBUG:colcon:Parsed command line arguments: Namespace(log_base=None, log_level=None, verb_name='list', build_base='build', ignore_user_meta=False, metas=['./colcon.meta'], base_paths=['.'], packages_ignore=None, packages_ignore_regex=None, paths=None, packages_up_to=None, packages_up_to_regex=None, packages_above=None, packages_above_and_dependencies=None, packages_above_depth=None, packages_select_by_dep=None, packages_skip_by_dep=None, packages_skip_up_to=None, packages_select_build_failed=False, packages_skip_build_finished=False, packages_select_test_failures=False, packages_skip_test_passed=False, packages_select=None, packages_skip=None, packages_select_regex=None, packages_skip_regex=None, packages_start=None, packages_end=None, allow_overriding=[], topological_order=False, names_only=False, paths_only=False, topological_graph=False, topological_graph_dot=False, topological_graph_density=False, topological_graph_legend=False, topological_graph_dot_cluster=False, topological_graph_dot_include_skipped=False, verb_parser=<colcon_defaults.argument_parser.defaults.DefaultArgumentsDecorator object at 0xffff872d1840>, verb_extension=<colcon_package_information.verb.list.ListVerb object at 0xffff873f6350>, main=<bound method ListVerb.main of <colcon_package_information.verb.list.ListVerb object at 0xffff873f6350>>)
[0.954s] Level 1:colcon.colcon_core.package_discovery:discover_packages(colcon_meta) check parameters
[0.955s] Level 1:colcon.colcon_core.package_discovery:discover_packages(recursive) check parameters
[0.955s] Level 1:colcon.colcon_core.package_discovery:discover_packages(ignore) check parameters
[0.955s] Level 1:colcon.colcon_core.package_discovery:discover_packages(path) check parameters
[0.955s] Level 1:colcon.colcon_core.package_discovery:discover_packages(colcon_meta) discover
[0.955s] Level 1:colcon.colcon_core.package_discovery:discover_packages(recursive) discover
[0.955s] INFO:colcon.colcon_core.package_discovery:Crawling recursively for packages in '/home/domerrover/Domer-Rover-2024-25-Auton-Code'
[0.956s] Level 1:colcon.colcon_core.package_identification:_identify(.) by extensions ['ignore', 'ignore_ament_install']
[0.956s] Level 1:colcon.colcon_core.package_identification:_identify(.) by extension 'ignore'
[0.957s] Level 1:colcon.colcon_core.package_identification:_identify(.) by extension 'ignore_ament_install'
[0.957s] Level 1:colcon.colcon_core.package_identification:_identify(.) by extensions ['colcon_pkg']
[0.957s] Level 1:colcon.colcon_core.package_identification:_identify(.) by extension 'colcon_pkg'
[0.957s] Level 1:colcon.colcon_core.package_identification:_identify(.) by extensions ['colcon_meta']
[0.957s] Level 1:colcon.colcon_core.package_identification:_identify(.) by extension 'colcon_meta'
[0.958s] Level 1:colcon.colcon_core.package_identification:_identify(.) by extensions ['ros']
[0.958s] Level 1:colcon.colcon_core.package_identification:_identify(.) by extension 'ros'
[1.009s] Level 1:colcon.colcon_core.package_identification:_identify(.) by extensions ['cmake', 'python']
[1.009s] Level 1:colcon.colcon_core.package_identification:_identify(.) by extension 'cmake'
[1.009s] Level 1:colcon.colcon_core.package_identification:_identify(.) by extension 'python'
[1.010s] Level 1:colcon.colcon_core.package_identification:_identify(.) by extensions ['python_setup_py']
[1.010s] Level 1:colcon.colcon_core.package_identification:_identify(.) by extension 'python_setup_py'
[1.010s] Level 1:colcon.colcon_core.package_identification:_identify(config) by extensions ['ignore', 'ignore_ament_install']
[1.011s] Level 1:colcon.colcon_core.package_identification:_identify(config) by extension 'ignore'
[1.011s] Level 1:colcon.colcon_core.package_identification:_identify(config) by extension 'ignore_ament_install'
[1.011s] Level 1:colcon.colcon_core.package_identification:_identify(config) by extensions ['colcon_pkg']
[1.011s] Level 1:colcon.colcon_core.package_identification:_identify(config) by extension 'colcon_pkg'
[1.012s] Level 1:colcon.colcon_core.package_identification:_identify(config) by extensions ['colcon_meta']
[1.012s] Level 1:colcon.colcon_core.package_identification:_identify(config) by extension 'colcon_meta'
[1.012s] Level 1:colcon.colcon_core.package_identification:_identify(config) by extensions ['ros']
[1.012s] Level 1:colcon.colcon_core.package_identification:_identify(config) by extension 'ros'
[1.012s] Level 1:colcon.colcon_core.package_identification:_identify(config) by extensions ['cmake', 'python']
[1.012s] Level 1:colcon.colcon_core.package_identification:_identify(config) by extension 'cmake'
[1.013s] Level 1:colcon.colcon_core.package_identification:_identify(config) by extension 'python'
[1.013s] Level 1:colcon.colcon_core.package_identification:_identify(config) by extensions ['python_setup_py']
[1.013s] Level 1:colcon.colcon_core.package_identification:_identify(config) by extension 'python_setup_py'
[1.013s] Level 1:colcon.colcon_core.package_identification:_identify(log) by extensions ['ignore', 'ignore_ament_install']
[1.014s] Level 1:colcon.colcon_core.package_identification:_identify(log) by extension 'ignore'
[1.014s] Level 1:colcon.colcon_core.package_identification:_identify(log) ignored
[1.014s] Level 1:colcon.colcon_core.package_identification:_identify(radio_comms) by extensions ['ignore', 'ignore_ament_install']
[1.014s] Level 1:colcon.colcon_core.package_identification:_identify(radio_comms) by extension 'ignore'
[1.015s] Level 1:colcon.colcon_core.package_identification:_identify(radio_comms) by extension 'ignore_ament_install'
[1.015s] Level 1:colcon.colcon_core.package_identification:_identify(radio_comms) by extensions ['colcon_pkg']
[1.015s] Level 1:colcon.colcon_core.package_identification:_identify(radio_comms) by extension 'colcon_pkg'
[1.015s] Level 1:colcon.colcon_core.package_identification:_identify(radio_comms) by extensions ['colcon_meta']
[1.015s] Level 1:colcon.colcon_core.package_identification:_identify(radio_comms) by extension 'colcon_meta'
[1.015s] Level 1:colcon.colcon_core.package_identification:_identify(radio_comms) by extensions ['ros']
[1.015s] Level 1:colcon.colcon_core.package_identification:_identify(radio_comms) by extension 'ros'
[1.016s] Level 1:colcon.colcon_core.package_identification:_identify(radio_comms) by extensions ['cmake', 'python']
[1.016s] Level 1:colcon.colcon_core.package_identification:_identify(radio_comms) by extension 'cmake'
[1.016s] Level 1:colcon.colcon_core.package_identification:_identify(radio_comms) by extension 'python'
[1.016s] Level 1:colcon.colcon_core.package_identification:_identify(radio_comms) by extensions ['python_setup_py']
[1.016s] Level 1:colcon.colcon_core.package_identification:_identify(radio_comms) by extension 'python_setup_py'
[1.017s] Level 1:colcon.colcon_core.package_identification:_identify(radio_comms/controls_over_bullets_files) by extensions ['ignore', 'ignore_ament_install']
[1.017s] Level 1:colcon.colcon_core.package_identification:_identify(radio_comms/controls_over_bullets_files) by extension 'ignore'
[1.017s] Level 1:colcon.colcon_core.package_identification:_identify(radio_comms/controls_over_bullets_files) by extension 'ignore_ament_install'
[1.017s] Level 1:colcon.colcon_core.package_identification:_identify(radio_comms/controls_over_bullets_files) by extensions ['colcon_pkg']
[1.017s] Level 1:colcon.colcon_core.package_identification:_identify(radio_comms/controls_over_bullets_files) by extension 'colcon_pkg'
[1.017s] Level 1:colcon.colcon_core.package_identification:_identify(radio_comms/controls_over_bullets_files) by extensions ['colcon_meta']
[1.018s] Level 1:colcon.colcon_core.package_identification:_identify(radio_comms/controls_over_bullets_files) by extension 'colcon_meta'
[1.018s] Level 1:colcon.colcon_core.package_identification:_identify(radio_comms/controls_over_bullets_files) by extensions ['ros']
[1.018s] Level 1:colcon.colcon_core.package_identification:_identify(radio_comms/controls_over_bullets_files) by extension 'ros'
[1.018s] Level 1:colcon.colcon_core.package_identification:_identify(radio_comms/controls_over_bullets_files) by extensions ['cmake', 'python']
[1.018s] Level 1:colcon.colcon_core.package_identification:_identify(radio_comms/controls_over_bullets_files) by extension 'cmake'
[1.018s] Level 1:colcon.colcon_core.package_identification:_identify(radio_comms/controls_over_bullets_files) by extension 'python'
[1.019s] Level 1:colcon.colcon_core.package_identification:_identify(radio_comms/controls_over_bullets_files) by extensions ['python_setup_py']
[1.019s] Level 1:colcon.colcon_core.package_identification:_identify(radio_comms/controls_over_bullets_files) by extension 'python_setup_py'
[1.020s] Level 1:colcon.colcon_core.package_identification:_identify(radio_comms/controls_test_transmission) by extensions ['ignore', 'ignore_ament_install']
[1.020s] Level 1:colcon.colcon_core.package_identification:_identify(radio_comms/controls_test_transmission) by extension 'ignore'
[1.021s] Level 1:colcon.colcon_core.package_identification:_identify(radio_comms/controls_test_transmission) by extension 'ignore_ament_install'
[1.021s] Level 1:colcon.colcon_core.package_identification:_identify(radio_comms/controls_test_transmission) by extensions ['colcon_pkg']
[1.021s] Level 1:colcon.colcon_core.package_identification:_identify(radio_comms/controls_test_transmission) by extension 'colcon_pkg'
[1.021s] Level 1:colcon.colcon_core.package_identification:_identify(radio_comms/controls_test_transmission) by extensions ['colcon_meta']
[1.021s] Level 1:colcon.colcon_core.package_identification:_identify(radio_comms/controls_test_transmission) by extension 'colcon_meta'
[1.021s] Level 1:colcon.colcon_core.package_identification:_identify(radio_comms/controls_test_transmission) by extensions ['ros']
[1.021s] Level 1:colcon.colcon_core.package_identification:_identify(radio_comms/controls_test_transmission) by extension 'ros'
[1.022s] Level 1:colcon.colcon_core.package_identification:_identify(radio_comms/controls_test_transmission) by extensions ['cmake', 'python']
[1.022s] Level 1:colcon.colcon_core.package_identification:_identify(radio_comms/controls_test_transmission) by extension 'cmake'
[1.022s] Level 1:colcon.colcon_core.package_identification:_identify(radio_comms/controls_test_transmission) by extension 'python'
[1.022s] Level 1:colcon.colcon_core.package_identification:_identify(radio_comms/controls_test_transmission) by extensions ['python_setup_py']
[1.022s] Level 1:colcon.colcon_core.package_identification:_identify(radio_comms/controls_test_transmission) by extension 'python_setup_py'
[1.023s] Level 1:colcon.colcon_core.package_identification:_identify(radio_comms/hieroglyphics) by extensions ['ignore', 'ignore_ament_install']
[1.023s] Level 1:colcon.colcon_core.package_identification:_identify(radio_comms/hieroglyphics) by extension 'ignore'
[1.023s] Level 1:colcon.colcon_core.package_identification:_identify(radio_comms/hieroglyphics) by extension 'ignore_ament_install'
[1.023s] Level 1:colcon.colcon_core.package_identification:_identify(radio_comms/hieroglyphics) by extensions ['colcon_pkg']
[1.023s] Level 1:colcon.colcon_core.package_identification:_identify(radio_comms/hieroglyphics) by extension 'colcon_pkg'
[1.023s] Level 1:colcon.colcon_core.package_identification:_identify(radio_comms/hieroglyphics) by extensions ['colcon_meta']
[1.024s] Level 1:colcon.colcon_core.package_identification:_identify(radio_comms/hieroglyphics) by extension 'colcon_meta'
[1.024s] Level 1:colcon.colcon_core.package_identification:_identify(radio_comms/hieroglyphics) by extensions ['ros']
[1.024s] Level 1:colcon.colcon_core.package_identification:_identify(radio_comms/hieroglyphics) by extension 'ros'
[1.024s] Level 1:colcon.colcon_core.package_identification:_identify(radio_comms/hieroglyphics) by extensions ['cmake', 'python']
[1.024s] Level 1:colcon.colcon_core.package_identification:_identify(radio_comms/hieroglyphics) by extension 'cmake'
[1.024s] Level 1:colcon.colcon_core.package_identification:_identify(radio_comms/hieroglyphics) by extension 'python'
[1.024s] Level 1:colcon.colcon_core.package_identification:_identify(radio_comms/hieroglyphics) by extensions ['python_setup_py']
[1.025s] Level 1:colcon.colcon_core.package_identification:_identify(radio_comms/hieroglyphics) by extension 'python_setup_py'
[1.025s] Level 1:colcon.colcon_core.package_identification:_identify(radio_comms/hieroglyphics/__pycache__) by extensions ['ignore', 'ignore_ament_install']
[1.025s] Level 1:colcon.colcon_core.package_identification:_identify(radio_comms/hieroglyphics/__pycache__) by extension 'ignore'
[1.026s] Level 1:colcon.colcon_core.package_identification:_identify(radio_comms/hieroglyphics/__pycache__) by extension 'ignore_ament_install'
[1.026s] Level 1:colcon.colcon_core.package_identification:_identify(radio_comms/hieroglyphics/__pycache__) by extensions ['colcon_pkg']
[1.026s] Level 1:colcon.colcon_core.package_identification:_identify(radio_comms/hieroglyphics/__pycache__) by extension 'colcon_pkg'
[1.026s] Level 1:colcon.colcon_core.package_identification:_identify(radio_comms/hieroglyphics/__pycache__) by extensions ['colcon_meta']
[1.026s] Level 1:colcon.colcon_core.package_identification:_identify(radio_comms/hieroglyphics/__pycache__) by extension 'colcon_meta'
[1.026s] Level 1:colcon.colcon_core.package_identification:_identify(radio_comms/hieroglyphics/__pycache__) by extensions ['ros']
[1.026s] Level 1:colcon.colcon_core.package_identification:_identify(radio_comms/hieroglyphics/__pycache__) by extension 'ros'
[1.027s] Level 1:colcon.colcon_core.package_identification:_identify(radio_comms/hieroglyphics/__pycache__) by extensions ['cmake', 'python']
[1.027s] Level 1:colcon.colcon_core.package_identification:_identify(radio_comms/hieroglyphics/__pycache__) by extension 'cmake'
[1.027s] Level 1:colcon.colcon_core.package_identification:_identify(radio_comms/hieroglyphics/__pycache__) by extension 'python'
[1.027s] Level 1:colcon.colcon_core.package_identification:_identify(radio_comms/hieroglyphics/__pycache__) by extensions ['python_setup_py']
[1.027s] Level 1:colcon.colcon_core.package_identification:_identify(radio_comms/hieroglyphics/__pycache__) by extension 'python_setup_py'
[1.028s] Level 1:colcon.colcon_core.package_identification:_identify(radio_comms/mavlink_test_files) by extensions ['ignore', 'ignore_ament_install']
[1.028s] Level 1:colcon.colcon_core.package_identification:_identify(radio_comms/mavlink_test_files) by extension 'ignore'
[1.029s] Level 1:colcon.colcon_core.package_identification:_identify(radio_comms/mavlink_test_files) by extension 'ignore_ament_install'
[1.029s] Level 1:colcon.colcon_core.package_identification:_identify(radio_comms/mavlink_test_files) by extensions ['colcon_pkg']
[1.029s] Level 1:colcon.colcon_core.package_identification:_identify(radio_comms/mavlink_test_files) by extension 'colcon_pkg'
[1.029s] Level 1:colcon.colcon_core.package_identification:_identify(radio_comms/mavlink_test_files) by extensions ['colcon_meta']
[1.029s] Level 1:colcon.colcon_core.package_identification:_identify(radio_comms/mavlink_test_files) by extension 'colcon_meta'
[1.029s] Level 1:colcon.colcon_core.package_identification:_identify(radio_comms/mavlink_test_files) by extensions ['ros']
[1.029s] Level 1:colcon.colcon_core.package_identification:_identify(radio_comms/mavlink_test_files) by extension 'ros'
[1.030s] Level 1:colcon.colcon_core.package_identification:_identify(radio_comms/mavlink_test_files) by extensions ['cmake', 'python']
[1.030s] Level 1:colcon.colcon_core.package_identification:_identify(radio_comms/mavlink_test_files) by extension 'cmake'
[1.030s] Level 1:colcon.colcon_core.package_identification:_identify(radio_comms/mavlink_test_files) by extension 'python'
[1.030s] Level 1:colcon.colcon_core.package_identification:_identify(radio_comms/mavlink_test_files) by extensions ['python_setup_py']
[1.030s] Level 1:colcon.colcon_core.package_identification:_identify(radio_comms/mavlink_test_files) by extension 'python_setup_py'
[1.031s] Level 1:colcon.colcon_core.package_identification:_identify(radio_comms/practice_files) by extensions ['ignore', 'ignore_ament_install']
[1.031s] Level 1:colcon.colcon_core.package_identification:_identify(radio_comms/practice_files) by extension 'ignore'
[1.032s] Level 1:colcon.colcon_core.package_identification:_identify(radio_comms/practice_files) by extension 'ignore_ament_install'
[1.032s] Level 1:colcon.colcon_core.package_identification:_identify(radio_comms/practice_files) by extensions ['colcon_pkg']
[1.032s] Level 1:colcon.colcon_core.package_identification:_identify(radio_comms/practice_files) by extension 'colcon_pkg'
[1.032s] Level 1:colcon.colcon_core.package_identification:_identify(radio_comms/practice_files) by extensions ['colcon_meta']
[1.032s] Level 1:colcon.colcon_core.package_identification:_identify(radio_comms/practice_files) by extension 'colcon_meta'
[1.032s] Level 1:colcon.colcon_core.package_identification:_identify(radio_comms/practice_files) by extensions ['ros']
[1.032s] Level 1:colcon.colcon_core.package_identification:_identify(radio_comms/practice_files) by extension 'ros'
[1.033s] Level 1:colcon.colcon_core.package_identification:_identify(radio_comms/practice_files) by extensions ['cmake', 'python']
[1.033s] Level 1:colcon.colcon_core.package_identification:_identify(radio_comms/practice_files) by extension 'cmake'
[1.033s] Level 1:colcon.colcon_core.package_identification:_identify(radio_comms/practice_files) by extension 'python'
[1.033s] Level 1:colcon.colcon_core.package_identification:_identify(radio_comms/practice_files) by extensions ['python_setup_py']
[1.033s] Level 1:colcon.colcon_core.package_identification:_identify(radio_comms/practice_files) by extension 'python_setup_py'
[1.034s] Level 1:colcon.colcon_core.package_identification:_identify(radio_comms/pseudo_login_900_files) by extensions ['ignore', 'ignore_ament_install']
[1.034s] Level 1:colcon.colcon_core.package_identification:_identify(radio_comms/pseudo_login_900_files) by extension 'ignore'
[1.034s] Level 1:colcon.colcon_core.package_identification:_identify(radio_comms/pseudo_login_900_files) by extension 'ignore_ament_install'
[1.035s] Level 1:colcon.colcon_core.package_identification:_identify(radio_comms/pseudo_login_900_files) by extensions ['colcon_pkg']
[1.035s] Level 1:colcon.colcon_core.package_identification:_identify(radio_comms/pseudo_login_900_files) by extension 'colcon_pkg'
[1.035s] Level 1:colcon.colcon_core.package_identification:_identify(radio_comms/pseudo_login_900_files) by extensions ['colcon_meta']
[1.035s] Level 1:colcon.colcon_core.package_identification:_identify(radio_comms/pseudo_login_900_files) by extension 'colcon_meta'
[1.035s] Level 1:colcon.colcon_core.package_identification:_identify(radio_comms/pseudo_login_900_files) by extensions ['ros']
[1.035s] Level 1:colcon.colcon_core.package_identification:_identify(radio_comms/pseudo_login_900_files) by extension 'ros'
[1.035s] Level 1:colcon.colcon_core.package_identification:_identify(radio_comms/pseudo_login_900_files) by extensions ['cmake', 'python']
[1.036s] Level 1:colcon.colcon_core.package_identification:_identify(radio_comms/pseudo_login_900_files) by extension 'cmake'
[1.036s] Level 1:colcon.colcon_core.package_identification:_identify(radio_comms/pseudo_login_900_files) by extension 'python'
[1.036s] Level 1:colcon.colcon_core.package_identification:_identify(radio_comms/pseudo_login_900_files) by extensions ['python_setup_py']
[1.036s] Level 1:colcon.colcon_core.package_identification:_identify(radio_comms/pseudo_login_900_files) by extension 'python_setup_py'
[1.037s] Level 1:colcon.colcon_core.package_identification:_identify(radio_comms/rep_req_files) by extensions ['ignore', 'ignore_ament_install']
[1.037s] Level 1:colcon.colcon_core.package_identification:_identify(radio_comms/rep_req_files) by extension 'ignore'
[1.037s] Level 1:colcon.colcon_core.package_identification:_identify(radio_comms/rep_req_files) by extension 'ignore_ament_install'
[1.037s] Level 1:colcon.colcon_core.package_identification:_identify(radio_comms/rep_req_files) by extensions ['colcon_pkg']
[1.037s] Level 1:colcon.colcon_core.package_identification:_identify(radio_comms/rep_req_files) by extension 'colcon_pkg'
[1.038s] Level 1:colcon.colcon_core.package_identification:_identify(radio_comms/rep_req_files) by extensions ['colcon_meta']
[1.038s] Level 1:colcon.colcon_core.package_identification:_identify(radio_comms/rep_req_files) by extension 'colcon_meta'
[1.038s] Level 1:colcon.colcon_core.package_identification:_identify(radio_comms/rep_req_files) by extensions ['ros']
[1.038s] Level 1:colcon.colcon_core.package_identification:_identify(radio_comms/rep_req_files) by extension 'ros'
[1.038s] Level 1:colcon.colcon_core.package_identification:_identify(radio_comms/rep_req_files) by extensions ['cmake', 'python']
[1.038s] Level 1:colcon.colcon_core.package_identification:_identify(radio_comms/rep_req_files) by extension 'cmake'
[1.038s] Level 1:colcon.colcon_core.package_identification:_identify(radio_comms/rep_req_files) by extension 'python'
[1.039s] Level 1:colcon.colcon_core.package_identification:_identify(radio_comms/rep_req_files) by extensions ['python_setup_py']
[1.039s] Level 1:colcon.colcon_core.package_identification:_identify(radio_comms/rep_req_files) by extension 'python_setup_py'
[1.039s] Level 1:colcon.colcon_core.package_identification:_identify(radio_comms/serial900files) by extensions ['ignore', 'ignore_ament_install']
[1.040s] Level 1:colcon.colcon_core.package_identification:_identify(radio_comms/serial900files) by extension 'ignore'
[1.040s] Level 1:colcon.colcon_core.package_identification:_identify(radio_comms/serial900files) by extension 'ignore_ament_install'
[1.040s] Level 1:colcon.colcon_core.package_identification:_identify(radio_comms/serial900files) by extensions ['colcon_pkg']
[1.040s] Level 1:colcon.colcon_core.package_identification:_identify(radio_comms/serial900files) by extension 'colcon_pkg'
[1.040s] Level 1:colcon.colcon_core.package_identification:_identify(radio_comms/serial900files) by extensions ['colcon_meta']
[1.040s] Level 1:colcon.colcon_core.package_identification:_identify(radio_comms/serial900files) by extension 'colcon_meta'
[1.041s] Level 1:colcon.colcon_core.package_identification:_identify(radio_comms/serial900files) by extensions ['ros']
[1.041s] Level 1:colcon.colcon_core.package_identification:_identify(radio_comms/serial900files) by extension 'ros'
[1.041s] Level 1:colcon.colcon_core.package_identification:_identify(radio_comms/serial900files) by extensions ['cmake', 'python']
[1.041s] Level 1:colcon.colcon_core.package_identification:_identify(radio_comms/serial900files) by extension 'cmake'
[1.041s] Level 1:colcon.colcon_core.package_identification:_identify(radio_comms/serial900files) by extension 'python'
[1.041s] Level 1:colcon.colcon_core.package_identification:_identify(radio_comms/serial900files) by extensions ['python_setup_py']
[1.041s] Level 1:colcon.colcon_core.package_identification:_identify(radio_comms/serial900files) by extension 'python_setup_py'
[1.042s] Level 1:colcon.colcon_core.package_identification:_identify(radio_comms/serial900files/__pycache__) by extensions ['ignore', 'ignore_ament_install']
[1.043s] Level 1:colcon.colcon_core.package_identification:_identify(radio_comms/serial900files/__pycache__) by extension 'ignore'
[1.043s] Level 1:colcon.colcon_core.package_identification:_identify(radio_comms/serial900files/__pycache__) by extension 'ignore_ament_install'
[1.043s] Level 1:colcon.colcon_core.package_identification:_identify(radio_comms/serial900files/__pycache__) by extensions ['colcon_pkg']
[1.043s] Level 1:colcon.colcon_core.package_identification:_identify(radio_comms/serial900files/__pycache__) by extension 'colcon_pkg'
[1.043s] Level 1:colcon.colcon_core.package_identification:_identify(radio_comms/serial900files/__pycache__) by extensions ['colcon_meta']
[1.043s] Level 1:colcon.colcon_core.package_identification:_identify(radio_comms/serial900files/__pycache__) by extension 'colcon_meta'
[1.044s] Level 1:colcon.colcon_core.package_identification:_identify(radio_comms/serial900files/__pycache__) by extensions ['ros']
[1.044s] Level 1:colcon.colcon_core.package_identification:_identify(radio_comms/serial900files/__pycache__) by extension 'ros'
[1.044s] Level 1:colcon.colcon_core.package_identification:_identify(radio_comms/serial900files/__pycache__) by extensions ['cmake', 'python']
[1.044s] Level 1:colcon.colcon_core.package_identification:_identify(radio_comms/serial900files/__pycache__) by extension 'cmake'
[1.044s] Level 1:colcon.colcon_core.package_identification:_identify(radio_comms/serial900files/__pycache__) by extension 'python'
[1.044s] Level 1:colcon.colcon_core.package_identification:_identify(radio_comms/serial900files/__pycache__) by extensions ['python_setup_py']
[1.045s] Level 1:colcon.colcon_core.package_identification:_identify(radio_comms/serial900files/__pycache__) by extension 'python_setup_py'
[1.045s] Level 1:colcon.colcon_core.package_identification:_identify(radio_comms/video_transmission) by extensions ['ignore', 'ignore_ament_install']
[1.046s] Level 1:colcon.colcon_core.package_identification:_identify(radio_comms/video_transmission) by extension 'ignore'
[1.046s] Level 1:colcon.colcon_core.package_identification:_identify(radio_comms/video_transmission) by extension 'ignore_ament_install'
[1.046s] Level 1:colcon.colcon_core.package_identification:_identify(radio_comms/video_transmission) by extensions ['colcon_pkg']
[1.046s] Level 1:colcon.colcon_core.package_identification:_identify(radio_comms/video_transmission) by extension 'colcon_pkg'
[1.046s] Level 1:colcon.colcon_core.package_identification:_identify(radio_comms/video_transmission) by extensions ['colcon_meta']
[1.046s] Level 1:colcon.colcon_core.package_identification:_identify(radio_comms/video_transmission) by extension 'colcon_meta'
[1.047s] Level 1:colcon.colcon_core.package_identification:_identify(radio_comms/video_transmission) by extensions ['ros']
[1.047s] Level 1:colcon.colcon_core.package_identification:_identify(radio_comms/video_transmission) by extension 'ros'
[1.047s] Level 1:colcon.colcon_core.package_identification:_identify(radio_comms/video_transmission) by extensions ['cmake', 'python']
[1.047s] Level 1:colcon.colcon_core.package_identification:_identify(radio_comms/video_transmission) by extension 'cmake'
[1.047s] Level 1:colcon.colcon_core.package_identification:_identify(radio_comms/video_transmission) by extension 'python'
[1.047s] Level 1:colcon.colcon_core.package_identification:_identify(radio_comms/video_transmission) by extensions ['python_setup_py']
[1.047s] Level 1:colcon.colcon_core.package_identification:_identify(radio_comms/video_transmission) by extension 'python_setup_py'
[1.048s] Level 1:colcon.colcon_core.package_identification:_identify(ws) by extensions ['ignore', 'ignore_ament_install']
[1.048s] Level 1:colcon.colcon_core.package_identification:_identify(ws) by extension 'ignore'
[1.048s] Level 1:colcon.colcon_core.package_identification:_identify(ws) by extension 'ignore_ament_install'
[1.048s] Level 1:colcon.colcon_core.package_identification:_identify(ws) by extensions ['colcon_pkg']
[1.048s] Level 1:colcon.colcon_core.package_identification:_identify(ws) by extension 'colcon_pkg'
[1.049s] Level 1:colcon.colcon_core.package_identification:_identify(ws) by extensions ['colcon_meta']
[1.049s] Level 1:colcon.colcon_core.package_identification:_identify(ws) by extension 'colcon_meta'
[1.049s] Level 1:colcon.colcon_core.package_identification:_identify(ws) by extensions ['ros']
[1.049s] Level 1:colcon.colcon_core.package_identification:_identify(ws) by extension 'ros'
[1.049s] Level 1:colcon.colcon_core.package_identification:_identify(ws) by extensions ['cmake', 'python']
[1.049s] Level 1:colcon.colcon_core.package_identification:_identify(ws) by extension 'cmake'
[1.049s] Level 1:colcon.colcon_core.package_identification:_identify(ws) by extension 'python'
[1.049s] Level 1:colcon.colcon_core.package_identification:_identify(ws) by extensions ['python_setup_py']
[1.050s] Level 1:colcon.colcon_core.package_identification:_identify(ws) by extension 'python_setup_py'
[1.050s] Level 1:colcon.colcon_core.package_identification:_identify(ws/__pycache__) by extensions ['ignore', 'ignore_ament_install']
[1.050s] Level 1:colcon.colcon_core.package_identification:_identify(ws/__pycache__) by extension 'ignore'
[1.050s] Level 1:colcon.colcon_core.package_identification:_identify(ws/__pycache__) by extension 'ignore_ament_install'
[1.050s] Level 1:colcon.colcon_core.package_identification:_identify(ws/__pycache__) by extensions ['colcon_pkg']
[1.051s] Level 1:colcon.colcon_core.package_identification:_identify(ws/__pycache__) by extension 'colcon_pkg'
[1.051s] Level 1:colcon.colcon_core.package_identification:_identify(ws/__pycache__) by extensions ['colcon_meta']
[1.051s] Level 1:colcon.colcon_core.package_identification:_identify(ws/__pycache__) by extension 'colcon_meta'
[1.051s] Level 1:colcon.colcon_core.package_identification:_identify(ws/__pycache__) by extensions ['ros']
[1.051s] Level 1:colcon.colcon_core.package_identification:_identify(ws/__pycache__) by extension 'ros'
[1.051s] Level 1:colcon.colcon_core.package_identification:_identify(ws/__pycache__) by extensions ['cmake', 'python']
[1.051s] Level 1:colcon.colcon_core.package_identification:_identify(ws/__pycache__) by extension 'cmake'
[1.051s] Level 1:colcon.colcon_core.package_identification:_identify(ws/__pycache__) by extension 'python'
[1.052s] Level 1:colcon.colcon_core.package_identification:_identify(ws/__pycache__) by extensions ['python_setup_py']
[1.052s] Level 1:colcon.colcon_core.package_identification:_identify(ws/__pycache__) by extension 'python_setup_py'
[1.052s] Level 1:colcon.colcon_core.package_identification:_identify(ws/bin) by extensions ['ignore', 'ignore_ament_install']
[1.052s] Level 1:colcon.colcon_core.package_identification:_identify(ws/bin) by extension 'ignore'
[1.052s] Level 1:colcon.colcon_core.package_identification:_identify(ws/bin) by extension 'ignore_ament_install'
[1.053s] Level 1:colcon.colcon_core.package_identification:_identify(ws/bin) by extensions ['colcon_pkg']
[1.053s] Level 1:colcon.colcon_core.package_identification:_identify(ws/bin) by extension 'colcon_pkg'
[1.053s] Level 1:colcon.colcon_core.package_identification:_identify(ws/bin) by extensions ['colcon_meta']
[1.053s] Level 1:colcon.colcon_core.package_identification:_identify(ws/bin) by extension 'colcon_meta'
[1.053s] Level 1:colcon.colcon_core.package_identification:_identify(ws/bin) by extensions ['ros']
[1.053s] Level 1:colcon.colcon_core.package_identification:_identify(ws/bin) by extension 'ros'
[1.053s] Level 1:colcon.colcon_core.package_identification:_identify(ws/bin) by extensions ['cmake', 'python']
[1.053s] Level 1:colcon.colcon_core.package_identification:_identify(ws/bin) by extension 'cmake'
[1.054s] Level 1:colcon.colcon_core.package_identification:_identify(ws/bin) by extension 'python'
[1.054s] Level 1:colcon.colcon_core.package_identification:_identify(ws/bin) by extensions ['python_setup_py']
[1.054s] Level 1:colcon.colcon_core.package_identification:_identify(ws/bin) by extension 'python_setup_py'
[1.054s] Level 1:colcon.colcon_core.package_identification:_identify(ws/build) by extensions ['ignore', 'ignore_ament_install']
[1.054s] Level 1:colcon.colcon_core.package_identification:_identify(ws/build) by extension 'ignore'
[1.055s] Level 1:colcon.colcon_core.package_identification:_identify(ws/build) ignored
[1.055s] Level 1:colcon.colcon_core.package_identification:_identify(ws/install) by extensions ['ignore', 'ignore_ament_install']
[1.055s] Level 1:colcon.colcon_core.package_identification:_identify(ws/install) by extension 'ignore'
[1.055s] Level 1:colcon.colcon_core.package_identification:_identify(ws/install) ignored
[1.056s] Level 1:colcon.colcon_core.package_identification:_identify(ws/log) by extensions ['ignore', 'ignore_ament_install']
[1.056s] Level 1:colcon.colcon_core.package_identification:_identify(ws/log) by extension 'ignore'
[1.056s] Level 1:colcon.colcon_core.package_identification:_identify(ws/log) ignored
[1.056s] Level 1:colcon.colcon_core.package_identification:_identify(ws/src) by extensions ['ignore', 'ignore_ament_install']
[1.057s] Level 1:colcon.colcon_core.package_identification:_identify(ws/src) by extension 'ignore'
[1.057s] Level 1:colcon.colcon_core.package_identification:_identify(ws/src) by extension 'ignore_ament_install'
[1.057s] Level 1:colcon.colcon_core.package_identification:_identify(ws/src) by extensions ['colcon_pkg']
[1.057s] Level 1:colcon.colcon_core.package_identification:_identify(ws/src) by extension 'colcon_pkg'
[1.057s] Level 1:colcon.colcon_core.package_identification:_identify(ws/src) by extensions ['colcon_meta']
[1.057s] Level 1:colcon.colcon_core.package_identification:_identify(ws/src) by extension 'colcon_meta'
[1.057s] Level 1:colcon.colcon_core.package_identification:_identify(ws/src) by extensions ['ros']
[1.058s] Level 1:colcon.colcon_core.package_identification:_identify(ws/src) by extension 'ros'
[1.058s] Level 1:colcon.colcon_core.package_identification:_identify(ws/src) by extensions ['cmake', 'python']
[1.058s] Level 1:colcon.colcon_core.package_identification:_identify(ws/src) by extension 'cmake'
[1.058s] Level 1:colcon.colcon_core.package_identification:_identify(ws/src) by extension 'python'
[1.058s] Level 1:colcon.colcon_core.package_identification:_identify(ws/src) by extensions ['python_setup_py']
[1.058s] Level 1:colcon.colcon_core.package_identification:_identify(ws/src) by extension 'python_setup_py'
[1.059s] Level 1:colcon.colcon_core.package_identification:_identify(ws/src/build) by extensions ['ignore', 'ignore_ament_install']
[1.059s] Level 1:colcon.colcon_core.package_identification:_identify(ws/src/build) by extension 'ignore'
[1.059s] Level 1:colcon.colcon_core.package_identification:_identify(ws/src/build) ignored
[1.059s] Level 1:colcon.colcon_core.package_identification:_identify(ws/src/custom_hardware) by extensions ['ignore', 'ignore_ament_install']
[1.059s] Level 1:colcon.colcon_core.package_identification:_identify(ws/src/custom_hardware) by extension 'ignore'
[1.060s] Level 1:colcon.colcon_core.package_identification:_identify(ws/src/custom_hardware) by extension 'ignore_ament_install'
[1.060s] Level 1:colcon.colcon_core.package_identification:_identify(ws/src/custom_hardware) by extensions ['colcon_pkg']
[1.060s] Level 1:colcon.colcon_core.package_identification:_identify(ws/src/custom_hardware) by extension 'colcon_pkg'
[1.060s] Level 1:colcon.colcon_core.package_identification:_identify(ws/src/custom_hardware) by extensions ['colcon_meta']
[1.060s] Level 1:colcon.colcon_core.package_identification:_identify(ws/src/custom_hardware) by extension 'colcon_meta'
[1.060s] Level 1:colcon.colcon_core.package_identification:_identify(ws/src/custom_hardware) by extensions ['ros']
[1.060s] Level 1:colcon.colcon_core.package_identification:_identify(ws/src/custom_hardware) by extension 'ros'
[1.069s] DEBUG:colcon.colcon_core.package_identification:Package 'ws/src/custom_hardware' with type 'ros.ament_cmake' and name 'custom_hardware'
[1.070s] Level 1:colcon.colcon_core.package_identification:_identify(ws/src/custom_msgs) by extensions ['ignore', 'ignore_ament_install']
[1.070s] Level 1:colcon.colcon_core.package_identification:_identify(ws/src/custom_msgs) by extension 'ignore'
[1.070s] Level 1:colcon.colcon_core.package_identification:_identify(ws/src/custom_msgs) by extension 'ignore_ament_install'
[1.071s] Level 1:colcon.colcon_core.package_identification:_identify(ws/src/custom_msgs) by extensions ['colcon_pkg']
[1.071s] Level 1:colcon.colcon_core.package_identification:_identify(ws/src/custom_msgs) by extension 'colcon_pkg'
[1.071s] Level 1:colcon.colcon_core.package_identification:_identify(ws/src/custom_msgs) by extensions ['colcon_meta']
[1.071s] Level 1:colcon.colcon_core.package_identification:_identify(ws/src/custom_msgs) by extension 'colcon_meta'
[1.071s] Level 1:colcon.colcon_core.package_identification:_identify(ws/src/custom_msgs) by extensions ['ros']
[1.071s] Level 1:colcon.colcon_core.package_identification:_identify(ws/src/custom_msgs) by extension 'ros'
[1.073s] DEBUG:colcon.colcon_core.package_identification:Package 'ws/src/custom_msgs' with type 'ros.ament_cmake' and name 'custom_msgs'
[1.074s] Level 1:colcon.colcon_core.package_identification:_identify(ws/src/gps_pub_sub) by extensions ['ignore', 'ignore_ament_install']
[1.074s] Level 1:colcon.colcon_core.package_identification:_identify(ws/src/gps_pub_sub) by extension 'ignore'
[1.074s] Level 1:colcon.colcon_core.package_identification:_identify(ws/src/gps_pub_sub) by extension 'ignore_ament_install'
[1.075s] Level 1:colcon.colcon_core.package_identification:_identify(ws/src/gps_pub_sub) by extensions ['colcon_pkg']
[1.075s] Level 1:colcon.colcon_core.package_identification:_identify(ws/src/gps_pub_sub) by extension 'colcon_pkg'
[1.075s] Level 1:colcon.colcon_core.package_identification:_identify(ws/src/gps_pub_sub) by extensions ['colcon_meta']
[1.075s] Level 1:colcon.colcon_core.package_identification:_identify(ws/src/gps_pub_sub) by extension 'colcon_meta'
[1.075s] Level 1:colcon.colcon_core.package_identification:_identify(ws/src/gps_pub_sub) by extensions ['ros']
[1.075s] Level 1:colcon.colcon_core.package_identification:_identify(ws/src/gps_pub_sub) by extension 'ros'
[1.077s] DEBUG:colcon.colcon_core.package_identification:Package 'ws/src/gps_pub_sub' with type 'ros.ament_python' and name 'gps_pub_sub'
[1.077s] Level 1:colcon.colcon_core.package_identification:_identify(ws/src/imu_package) by extensions ['ignore', 'ignore_ament_install']
[1.077s] Level 1:colcon.colcon_core.package_identification:_identify(ws/src/imu_package) by extension 'ignore'
[1.077s] Level 1:colcon.colcon_core.package_identification:_identify(ws/src/imu_package) by extension 'ignore_ament_install'
[1.078s] Level 1:colcon.colcon_core.package_identification:_identify(ws/src/imu_package) by extensions ['colcon_pkg']
[1.078s] Level 1:colcon.colcon_core.package_identification:_identify(ws/src/imu_package) by extension 'colcon_pkg'
[1.078s] Level 1:colcon.colcon_core.package_identification:_identify(ws/src/imu_package) by extensions ['colcon_meta']
[1.078s] Level 1:colcon.colcon_core.package_identification:_identify(ws/src/imu_package) by extension 'colcon_meta'
[1.078s] Level 1:colcon.colcon_core.package_identification:_identify(ws/src/imu_package) by extensions ['ros']
[1.078s] Level 1:colcon.colcon_core.package_identification:_identify(ws/src/imu_package) by extension 'ros'
[1.080s] DEBUG:colcon.colcon_core.package_identification:Package 'ws/src/imu_package' with type 'ros.ament_python' and name 'imu_package'
[1.080s] Level 1:colcon.colcon_core.package_identification:_identify(ws/src/install) by extensions ['ignore', 'ignore_ament_install']
[1.080s] Level 1:colcon.colcon_core.package_identification:_identify(ws/src/install) by extension 'ignore'
[1.081s] Level 1:colcon.colcon_core.package_identification:_identify(ws/src/install) ignored
[1.081s] Level 1:colcon.colcon_core.package_identification:_identify(ws/src/log) by extensions ['ignore', 'ignore_ament_install']
[1.081s] Level 1:colcon.colcon_core.package_identification:_identify(ws/src/log) by extension 'ignore'
[1.081s] Level 1:colcon.colcon_core.package_identification:_identify(ws/src/log) ignored
[1.082s] Level 1:colcon.colcon_core.package_identification:_identify(ws/src/motor_package) by extensions ['ignore', 'ignore_ament_install']
[1.082s] Level 1:colcon.colcon_core.package_identification:_identify(ws/src/motor_package) by extension 'ignore'
[1.082s] Level 1:colcon.colcon_core.package_identification:_identify(ws/src/motor_package) by extension 'ignore_ament_install'
[1.082s] Level 1:colcon.colcon_core.package_identification:_identify(ws/src/motor_package) by extensions ['colcon_pkg']
[1.082s] Level 1:colcon.colcon_core.package_identification:_identify(ws/src/motor_package) by extension 'colcon_pkg'
[1.082s] Level 1:colcon.colcon_core.package_identification:_identify(ws/src/motor_package) by extensions ['colcon_meta']
[1.083s] Level 1:colcon.colcon_core.package_identification:_identify(ws/src/motor_package) by extension 'colcon_meta'
[1.083s] Level 1:colcon.colcon_core.package_identification:_identify(ws/src/motor_package) by extensions ['ros']
[1.083s] Level 1:colcon.colcon_core.package_identification:_identify(ws/src/motor_package) by extension 'ros'
[1.084s] DEBUG:colcon.colcon_core.package_identification:Package 'ws/src/motor_package' with type 'ros.ament_python' and name 'motor_package'
[1.085s] Level 1:colcon.colcon_core.package_identification:_identify(ws/src/zed-ros2-wrapper) by extensions ['ignore', 'ignore_ament_install']
[1.085s] Level 1:colcon.colcon_core.package_identification:_identify(ws/src/zed-ros2-wrapper) by extension 'ignore'
[1.085s] Level 1:colcon.colcon_core.package_identification:_identify(ws/src/zed-ros2-wrapper) by extension 'ignore_ament_install'
[1.085s] Level 1:colcon.colcon_core.package_identification:_identify(ws/src/zed-ros2-wrapper) by extensions ['colcon_pkg']
[1.086s] Level 1:colcon.colcon_core.package_identification:_identify(ws/src/zed-ros2-wrapper) by extension 'colcon_pkg'
[1.086s] Level 1:colcon.colcon_core.package_identification:_identify(ws/src/zed-ros2-wrapper) by extensions ['colcon_meta']
[1.086s] Level 1:colcon.colcon_core.package_identification:_identify(ws/src/zed-ros2-wrapper) by extension 'colcon_meta'
[1.086s] Level 1:colcon.colcon_core.package_identification:_identify(ws/src/zed-ros2-wrapper) by extensions ['ros']
[1.086s] Level 1:colcon.colcon_core.package_identification:_identify(ws/src/zed-ros2-wrapper) by extension 'ros'
[1.086s] Level 1:colcon.colcon_core.package_identification:_identify(ws/src/zed-ros2-wrapper) by extensions ['cmake', 'python']
[1.086s] Level 1:colcon.colcon_core.package_identification:_identify(ws/src/zed-ros2-wrapper) by extension 'cmake'
[1.087s] Level 1:colcon.colcon_core.package_identification:_identify(ws/src/zed-ros2-wrapper) by extension 'python'
[1.087s] Level 1:colcon.colcon_core.package_identification:_identify(ws/src/zed-ros2-wrapper) by extensions ['python_setup_py']
[1.087s] Level 1:colcon.colcon_core.package_identification:_identify(ws/src/zed-ros2-wrapper) by extension 'python_setup_py'
[1.087s] Level 1:colcon.colcon_core.package_identification:_identify(ws/src/zed-ros2-wrapper/docker) by extensions ['ignore', 'ignore_ament_install']
[1.087s] Level 1:colcon.colcon_core.package_identification:_identify(ws/src/zed-ros2-wrapper/docker) by extension 'ignore'
[1.088s] Level 1:colcon.colcon_core.package_identification:_identify(ws/src/zed-ros2-wrapper/docker) by extension 'ignore_ament_install'
[1.088s] Level 1:colcon.colcon_core.package_identification:_identify(ws/src/zed-ros2-wrapper/docker) by extensions ['colcon_pkg']
[1.088s] Level 1:colcon.colcon_core.package_identification:_identify(ws/src/zed-ros2-wrapper/docker) by extension 'colcon_pkg'
[1.088s] Level 1:colcon.colcon_core.package_identification:_identify(ws/src/zed-ros2-wrapper/docker) by extensions ['colcon_meta']
[1.088s] Level 1:colcon.colcon_core.package_identification:_identify(ws/src/zed-ros2-wrapper/docker) by extension 'colcon_meta'
[1.088s] Level 1:colcon.colcon_core.package_identification:_identify(ws/src/zed-ros2-wrapper/docker) by extensions ['ros']
[1.088s] Level 1:colcon.colcon_core.package_identification:_identify(ws/src/zed-ros2-wrapper/docker) by extension 'ros'
[1.089s] Level 1:colcon.colcon_core.package_identification:_identify(ws/src/zed-ros2-wrapper/docker) by extensions ['cmake', 'python']
[1.089s] Level 1:colcon.colcon_core.package_identification:_identify(ws/src/zed-ros2-wrapper/docker) by extension 'cmake'
[1.089s] Level 1:colcon.colcon_core.package_identification:_identify(ws/src/zed-ros2-wrapper/docker) by extension 'python'
[1.089s] Level 1:colcon.colcon_core.package_identification:_identify(ws/src/zed-ros2-wrapper/docker) by extensions ['python_setup_py']
[1.089s] Level 1:colcon.colcon_core.package_identification:_identify(ws/src/zed-ros2-wrapper/docker) by extension 'python_setup_py'
[1.089s] Level 1:colcon.colcon_core.package_identification:_identify(ws/src/zed-ros2-wrapper/images) by extensions ['ignore', 'ignore_ament_install']
[1.090s] Level 1:colcon.colcon_core.package_identification:_identify(ws/src/zed-ros2-wrapper/images) by extension 'ignore'
[1.090s] Level 1:colcon.colcon_core.package_identification:_identify(ws/src/zed-ros2-wrapper/images) by extension 'ignore_ament_install'
[1.090s] Level 1:colcon.colcon_core.package_identification:_identify(ws/src/zed-ros2-wrapper/images) by extensions ['colcon_pkg']
[1.090s] Level 1:colcon.colcon_core.package_identification:_identify(ws/src/zed-ros2-wrapper/images) by extension 'colcon_pkg'
[1.090s] Level 1:colcon.colcon_core.package_identification:_identify(ws/src/zed-ros2-wrapper/images) by extensions ['colcon_meta']
[1.090s] Level 1:colcon.colcon_core.package_identification:_identify(ws/src/zed-ros2-wrapper/images) by extension 'colcon_meta'
[1.091s] Level 1:colcon.colcon_core.package_identification:_identify(ws/src/zed-ros2-wrapper/images) by extensions ['ros']
[1.091s] Level 1:colcon.colcon_core.package_identification:_identify(ws/src/zed-ros2-wrapper/images) by extension 'ros'
[1.091s] Level 1:colcon.colcon_core.package_identification:_identify(ws/src/zed-ros2-wrapper/images) by extensions ['cmake', 'python']
[1.091s] Level 1:colcon.colcon_core.package_identification:_identify(ws/src/zed-ros2-wrapper/images) by extension 'cmake'
[1.091s] Level 1:colcon.colcon_core.package_identification:_identify(ws/src/zed-ros2-wrapper/images) by extension 'python'
[1.091s] Level 1:colcon.colcon_core.package_identification:_identify(ws/src/zed-ros2-wrapper/images) by extensions ['python_setup_py']
[1.091s] Level 1:colcon.colcon_core.package_identification:_identify(ws/src/zed-ros2-wrapper/images) by extension 'python_setup_py'
[1.092s] Level 1:colcon.colcon_core.package_identification:_identify(ws/src/zed-ros2-wrapper/zed-ros2-interfaces) by extensions ['ignore', 'ignore_ament_install']
[1.092s] Level 1:colcon.colcon_core.package_identification:_identify(ws/src/zed-ros2-wrapper/zed-ros2-interfaces) by extension 'ignore'
[1.092s] Level 1:colcon.colcon_core.package_identification:_identify(ws/src/zed-ros2-wrapper/zed-ros2-interfaces) by extension 'ignore_ament_install'
[1.092s] Level 1:colcon.colcon_core.package_identification:_identify(ws/src/zed-ros2-wrapper/zed-ros2-interfaces) by extensions ['colcon_pkg']
[1.092s] Level 1:colcon.colcon_core.package_identification:_identify(ws/src/zed-ros2-wrapper/zed-ros2-interfaces) by extension 'colcon_pkg'
[1.092s] Level 1:colcon.colcon_core.package_identification:_identify(ws/src/zed-ros2-wrapper/zed-ros2-interfaces) by extensions ['colcon_meta']
[1.093s] Level 1:colcon.colcon_core.package_identification:_identify(ws/src/zed-ros2-wrapper/zed-ros2-interfaces) by extension 'colcon_meta'
[1.093s] Level 1:colcon.colcon_core.package_identification:_identify(ws/src/zed-ros2-wrapper/zed-ros2-interfaces) by extensions ['ros']
[1.093s] Level 1:colcon.colcon_core.package_identification:_identify(ws/src/zed-ros2-wrapper/zed-ros2-interfaces) by extension 'ros'
[1.095s] DEBUG:colcon.colcon_core.package_identification:Package 'ws/src/zed-ros2-wrapper/zed-ros2-interfaces' with type 'ros.ament_cmake' and name 'zed_msgs'
[1.096s] Level 1:colcon.colcon_core.package_identification:_identify(ws/src/zed-ros2-wrapper/zed_components) by extensions ['ignore', 'ignore_ament_install']
[1.096s] Level 1:colcon.colcon_core.package_identification:_identify(ws/src/zed-ros2-wrapper/zed_components) by extension 'ignore'
[1.096s] Level 1:colcon.colcon_core.package_identification:_identify(ws/src/zed-ros2-wrapper/zed_components) by extension 'ignore_ament_install'
[1.096s] Level 1:colcon.colcon_core.package_identification:_identify(ws/src/zed-ros2-wrapper/zed_components) by extensions ['colcon_pkg']
[1.096s] Level 1:colcon.colcon_core.package_identification:_identify(ws/src/zed-ros2-wrapper/zed_components) by extension 'colcon_pkg'
[1.097s] Level 1:colcon.colcon_core.package_identification:_identify(ws/src/zed-ros2-wrapper/zed_components) by extensions ['colcon_meta']
[1.097s] Level 1:colcon.colcon_core.package_identification:_identify(ws/src/zed-ros2-wrapper/zed_components) by extension 'colcon_meta'
[1.097s] Level 1:colcon.colcon_core.package_identification:_identify(ws/src/zed-ros2-wrapper/zed_components) by extensions ['ros']
[1.097s] Level 1:colcon.colcon_core.package_identification:_identify(ws/src/zed-ros2-wrapper/zed_components) by extension 'ros'
[1.100s] DEBUG:colcon.colcon_core.package_identification:Package 'ws/src/zed-ros2-wrapper/zed_components' with type 'ros.ament_cmake' and name 'zed_components'
[1.101s] Level 1:colcon.colcon_core.package_identification:_identify(ws/src/zed-ros2-wrapper/zed_ros2) by extensions ['ignore', 'ignore_ament_install']
[1.101s] Level 1:colcon.colcon_core.package_identification:_identify(ws/src/zed-ros2-wrapper/zed_ros2) by extension 'ignore'
[1.101s] Level 1:colcon.colcon_core.package_identification:_identify(ws/src/zed-ros2-wrapper/zed_ros2) by extension 'ignore_ament_install'
[1.102s] Level 1:colcon.colcon_core.package_identification:_identify(ws/src/zed-ros2-wrapper/zed_ros2) by extensions ['colcon_pkg']
[1.102s] Level 1:colcon.colcon_core.package_identification:_identify(ws/src/zed-ros2-wrapper/zed_ros2) by extension 'colcon_pkg'
[1.102s] Level 1:colcon.colcon_core.package_identification:_identify(ws/src/zed-ros2-wrapper/zed_ros2) by extensions ['colcon_meta']
[1.102s] Level 1:colcon.colcon_core.package_identification:_identify(ws/src/zed-ros2-wrapper/zed_ros2) by extension 'colcon_meta'
[1.102s] Level 1:colcon.colcon_core.package_identification:_identify(ws/src/zed-ros2-wrapper/zed_ros2) by extensions ['ros']
[1.102s] Level 1:colcon.colcon_core.package_identification:_identify(ws/src/zed-ros2-wrapper/zed_ros2) by extension 'ros'
[1.104s] DEBUG:colcon.colcon_core.package_identification:Package 'ws/src/zed-ros2-wrapper/zed_ros2' with type 'ros.ament_cmake' and name 'zed_ros2'
[1.105s] Level 1:colcon.colcon_core.package_identification:_identify(ws/src/zed-ros2-wrapper/zed_wrapper) by extensions ['ignore', 'ignore_ament_install']
[1.105s] Level 1:colcon.colcon_core.package_identification:_identify(ws/src/zed-ros2-wrapper/zed_wrapper) by extension 'ignore'
[1.105s] Level 1:colcon.colcon_core.package_identification:_identify(ws/src/zed-ros2-wrapper/zed_wrapper) by extension 'ignore_ament_install'
[1.106s] Level 1:colcon.colcon_core.package_identification:_identify(ws/src/zed-ros2-wrapper/zed_wrapper) by extensions ['colcon_pkg']
[1.106s] Level 1:colcon.colcon_core.package_identification:_identify(ws/src/zed-ros2-wrapper/zed_wrapper) by extension 'colcon_pkg'
[1.106s] Level 1:colcon.colcon_core.package_identification:_identify(ws/src/zed-ros2-wrapper/zed_wrapper) by extensions ['colcon_meta']
[1.106s] Level 1:colcon.colcon_core.package_identification:_identify(ws/src/zed-ros2-wrapper/zed_wrapper) by extension 'colcon_meta'
[1.106s] Level 1:colcon.colcon_core.package_identification:_identify(ws/src/zed-ros2-wrapper/zed_wrapper) by extensions ['ros']
[1.106s] Level 1:colcon.colcon_core.package_identification:_identify(ws/src/zed-ros2-wrapper/zed_wrapper) by extension 'ros'
[1.109s] DEBUG:colcon.colcon_core.package_identification:Package 'ws/src/zed-ros2-wrapper/zed_wrapper' with type 'ros.ament_cmake' and name 'zed_wrapper'
[1.109s] Level 1:colcon.colcon_core.package_discovery:discover_packages(recursive) using defaults
[1.109s] Level 1:colcon.colcon_core.package_discovery:discover_packages(ignore) discover
[1.109s] Level 1:colcon.colcon_core.package_discovery:discover_packages(ignore) using defaults
[1.109s] Level 1:colcon.colcon_core.package_discovery:discover_packages(path) discover
[1.109s] Level 1:colcon.colcon_core.package_discovery:discover_packages(path) using defaults
