[0.034s] Invoking command in '/home/domerrover/ws/build/zed_components': CMAKE_PREFIX_PATH=/home/domerrover/ws/install/zed_msgs:/home/domerrover/ws/install/zed_ros2:/home/domerrover/ws/install/zed_wrapper:/home/domerrover/ws/install/zed_components:/home/domerrover/ws/install/custom_msgs:/home/domerrover/ws/install/motor_package:/home/domerrover/ws/install/imu_package:/home/domerrover/ws/install/gps_pub_sub:/opt/ros/humble LD_LIBRARY_PATH=/home/domerrover/ws/install/zed_msgs/lib:/home/domerrover/ws/install/zed_components/lib:/home/domerrover/ws/install/custom_msgs/lib:/usr/local/cuda-12.2/lib64:/opt/ros/humble/opt/rviz_ogre_vendor/lib:/opt/ros/humble/lib/aarch64-linux-gnu:/opt/ros/humble/lib:/usr/local/cuda-12.2/lib64 /usr/bin/cmake /home/domerrover/ws/src/zed-ros2-wrapper/zed_components -DCMAKE_BUILD_TYPE=Release -DAMENT_CMAKE_SYMLINK_INSTALL=1 -DCMAKE_INSTALL_PREFIX=/home/domerrover/ws/install/zed_components
[0.183s] -- The C compiler identification is GNU 11.4.0
[0.332s] -- The CXX compiler identification is GNU 11.4.0
[0.357s] -- Detecting C compiler ABI info
[0.557s] -- Detecting C compiler ABI info - done
[0.583s] -- Check for working C compiler: /usr/bin/cc - skipped
[0.585s] -- Detecting C compile features
[0.586s] -- Detecting C compile features - done
[0.599s] -- Detecting CXX compiler ABI info
[0.936s] -- Detecting CXX compiler ABI info - done
[0.962s] -- Check for working CXX compiler: /usr/bin/c++ - skipped
[0.963s] -- Detecting CXX compile features
[0.965s] -- Detecting CXX compile features - done
[0.991s] -- Looking for sgemm_
[1.204s] -- Looking for sgemm_ - not found
[1.209s] -- Looking for pthread.h
[1.417s] -- Looking for pthread.h - found
[1.418s] -- Performing Test CMAKE_HAVE_LIBC_PTHREAD
[1.619s] -- Performing Test CMAKE_HAVE_LIBC_PTHREAD - Success
[1.621s] -- Found Threads: TRUE  
[1.711s] -- Looking for sgemm_
[1.957s] -- Looking for sgemm_ - found
[1.958s] -- Found BLAS: /usr/lib/aarch64-linux-gnu/libopenblas.so  
[2.155s] -- Found CUDA: /usr/local/cuda-12.2 (found suitable version "12.2", minimum required is "12.2") 
[2.238s] -- Found CUDA: /usr/local/cuda-12.2 (found version "12.2") 
[2.247s] -- Found ament_cmake_auto: 1.3.10 (/opt/ros/humble/share/ament_cmake_auto/cmake)
[2.623s] -- Found Python3: /usr/bin/python3 (found version "3.10.12") found components: Interpreter 
[2.768s] -- Override CMake install command with custom implementation using symlinks instead of copying resources
[3.101s] -- Found rosidl_generator_c: 3.1.5 (/opt/ros/humble/share/rosidl_generator_c/cmake)
[3.111s] -- Found rosidl_adapter: 3.1.5 (/opt/ros/humble/share/rosidl_adapter/cmake)
[3.127s] -- Found rosidl_generator_cpp: 3.1.5 (/opt/ros/humble/share/rosidl_generator_cpp/cmake)
[3.151s] -- Using all available rosidl_typesupport_c: rosidl_typesupport_fastrtps_c;rosidl_typesupport_introspection_c
[3.183s] -- Using all available rosidl_typesupport_cpp: rosidl_typesupport_fastrtps_cpp;rosidl_typesupport_introspection_cpp
[3.394s] -- Found rmw_implementation_cmake: 6.1.2 (/opt/ros/humble/share/rmw_implementation_cmake/cmake)
[3.399s] -- Found rmw_fastrtps_cpp: 6.2.7 (/opt/ros/humble/share/rmw_fastrtps_cpp/cmake)
[3.579s] -- Found OpenSSL: /usr/lib/aarch64-linux-gnu/libcrypto.so (found version "3.0.2")  
[3.637s] -- Found FastRTPS: /opt/ros/humble/include  
[3.715s] -- Using RMW implementation 'rmw_fastrtps_cpp' as default
[4.312s] -- Found eigen3_cmake_module: 0.1.1 (/opt/ros/humble/share/eigen3_cmake_module/cmake)
[4.316s] -- Found Eigen3: TRUE (found version "3.4.0") 
[4.316s] -- Ensuring Eigen3 include directory is part of orocos-kdl CMake target
[4.589s] -- Found ament_lint_auto: 0.12.11 (/opt/ros/humble/share/ament_lint_auto/cmake)
[4.671s] -- Added test 'copyright' to check source files copyright and LICENSE
[4.675s] -- Added test 'cppcheck' to perform static code analysis on C / C++ code
[4.676s] -- Configured cppcheck include dirs: /home/domerrover/ws/src/zed-ros2-wrapper/zed_components/src/include;/home/domerrover/ws/src/zed-ros2-wrapper/zed_components/src/zed_camera/include;/home/domerrover/ws/src/zed-ros2-wrapper/zed_components/src/tools/include
[4.676s] -- Configured cppcheck exclude dirs and/or files: 
[4.677s] -- Added test 'lint_cmake' to check CMake code style
[4.681s] -- Added test 'uncrustify' to check C / C++ code style
[4.681s] -- Configured uncrustify additional arguments: 
[4.682s] -- Added test 'xmllint' to check XML markup files
[4.690s] -- Configuring done
[4.776s] -- Generating done
[4.781s] -- Build files have been written to: /home/domerrover/ws/build/zed_components
[4.814s] Invoked command in '/home/domerrover/ws/build/zed_components' returned '0': CMAKE_PREFIX_PATH=/home/domerrover/ws/install/zed_msgs:/home/domerrover/ws/install/zed_ros2:/home/domerrover/ws/install/zed_wrapper:/home/domerrover/ws/install/zed_components:/home/domerrover/ws/install/custom_msgs:/home/domerrover/ws/install/motor_package:/home/domerrover/ws/install/imu_package:/home/domerrover/ws/install/gps_pub_sub:/opt/ros/humble LD_LIBRARY_PATH=/home/domerrover/ws/install/zed_msgs/lib:/home/domerrover/ws/install/zed_components/lib:/home/domerrover/ws/install/custom_msgs/lib:/usr/local/cuda-12.2/lib64:/opt/ros/humble/opt/rviz_ogre_vendor/lib:/opt/ros/humble/lib/aarch64-linux-gnu:/opt/ros/humble/lib:/usr/local/cuda-12.2/lib64 /usr/bin/cmake /home/domerrover/ws/src/zed-ros2-wrapper/zed_components -DCMAKE_BUILD_TYPE=Release -DAMENT_CMAKE_SYMLINK_INSTALL=1 -DCMAKE_INSTALL_PREFIX=/home/domerrover/ws/install/zed_components
[4.819s] Invoking command in '/home/domerrover/ws/build/zed_components': CMAKE_PREFIX_PATH=/home/domerrover/ws/install/zed_msgs:/home/domerrover/ws/install/zed_ros2:/home/domerrover/ws/install/zed_wrapper:/home/domerrover/ws/install/zed_components:/home/domerrover/ws/install/custom_msgs:/home/domerrover/ws/install/motor_package:/home/domerrover/ws/install/imu_package:/home/domerrover/ws/install/gps_pub_sub:/opt/ros/humble LD_LIBRARY_PATH=/home/domerrover/ws/install/zed_msgs/lib:/home/domerrover/ws/install/zed_components/lib:/home/domerrover/ws/install/custom_msgs/lib:/usr/local/cuda-12.2/lib64:/opt/ros/humble/opt/rviz_ogre_vendor/lib:/opt/ros/humble/lib/aarch64-linux-gnu:/opt/ros/humble/lib:/usr/local/cuda-12.2/lib64 /usr/bin/cmake --build /home/domerrover/ws/build/zed_components -- -j6 -l6
[4.973s] [ 50%] [32mBuilding CXX object CMakeFiles/zed_camera_component.dir/src/zed_camera/src/zed_camera_component.cpp.o[0m
[4.973s] [ 50%] [32mBuilding CXX object CMakeFiles/zed_camera_component.dir/src/tools/src/sl_win_avg.cpp.o[0m
[4.973s] [ 50%] [32mBuilding CXX object CMakeFiles/zed_camera_component.dir/src/tools/src/sl_tools.cpp.o[0m
[4.973s] [ 60%] [32mBuilding CXX object CMakeFiles/zed_camera_one_component.dir/src/tools/src/sl_tools.cpp.o[0m
[4.973s] [ 60%] [32mBuilding CXX object CMakeFiles/zed_camera_one_component.dir/src/tools/src/sl_win_avg.cpp.o[0m
[4.974s] [ 60%] [32mBuilding CXX object CMakeFiles/zed_camera_component.dir/src/tools/src/gnss_replay.cpp.o[0m
[5.927s] [ 70%] [32mBuilding CXX object CMakeFiles/zed_camera_one_component.dir/src/tools/src/gnss_replay.cpp.o[0m
[5.966s] [ 80%] [32mBuilding CXX object CMakeFiles/zed_camera_one_component.dir/src/zed_camera/src/zed_camera_one_component.cpp.o[0m
[50.637s] [ 90%] [32m[1mLinking CXX shared library libzed_camera_one_component.so[0m
[51.697s] [ 90%] Built target zed_camera_one_component
[163.993s] [100%] [32m[1mLinking CXX shared library libzed_camera_component.so[0m
[165.363s] [100%] Built target zed_camera_component
[165.401s] Invoked command in '/home/domerrover/ws/build/zed_components' returned '0': CMAKE_PREFIX_PATH=/home/domerrover/ws/install/zed_msgs:/home/domerrover/ws/install/zed_ros2:/home/domerrover/ws/install/zed_wrapper:/home/domerrover/ws/install/zed_components:/home/domerrover/ws/install/custom_msgs:/home/domerrover/ws/install/motor_package:/home/domerrover/ws/install/imu_package:/home/domerrover/ws/install/gps_pub_sub:/opt/ros/humble LD_LIBRARY_PATH=/home/domerrover/ws/install/zed_msgs/lib:/home/domerrover/ws/install/zed_components/lib:/home/domerrover/ws/install/custom_msgs/lib:/usr/local/cuda-12.2/lib64:/opt/ros/humble/opt/rviz_ogre_vendor/lib:/opt/ros/humble/lib/aarch64-linux-gnu:/opt/ros/humble/lib:/usr/local/cuda-12.2/lib64 /usr/bin/cmake --build /home/domerrover/ws/build/zed_components -- -j6 -l6
[165.499s] Invoking command in '/home/domerrover/ws/build/zed_components': CMAKE_PREFIX_PATH=/home/domerrover/ws/install/zed_msgs:/home/domerrover/ws/install/zed_ros2:/home/domerrover/ws/install/zed_wrapper:/home/domerrover/ws/install/zed_components:/home/domerrover/ws/install/custom_msgs:/home/domerrover/ws/install/motor_package:/home/domerrover/ws/install/imu_package:/home/domerrover/ws/install/gps_pub_sub:/opt/ros/humble LD_LIBRARY_PATH=/home/domerrover/ws/install/zed_msgs/lib:/home/domerrover/ws/install/zed_components/lib:/home/domerrover/ws/install/custom_msgs/lib:/usr/local/cuda-12.2/lib64:/opt/ros/humble/opt/rviz_ogre_vendor/lib:/opt/ros/humble/lib/aarch64-linux-gnu:/opt/ros/humble/lib:/usr/local/cuda-12.2/lib64 /usr/bin/cmake --install /home/domerrover/ws/build/zed_components
[165.527s] -- Install configuration: "Release"
[165.528s] -- Execute custom install script
[165.529s] -- Symlinking: /home/domerrover/ws/install/zed_components/lib/libzed_camera_component.so
[165.552s] -- Symlinking: /home/domerrover/ws/install/zed_components/lib/libzed_camera_one_component.so
[165.580s] -- Symlinking: /home/domerrover/ws/install/zed_components/include/zed_components//cost_traversability.hpp
[165.607s] -- Symlinking: /home/domerrover/ws/install/zed_components/include/zed_components//sl_types.hpp
[165.633s] -- Symlinking: /home/domerrover/ws/install/zed_components/include/zed_components//zed_camera_component.hpp
[165.661s] -- Symlinking: /home/domerrover/ws/install/zed_components/include/zed_components//zed_camera_one_component.hpp
[165.688s] -- Symlinking: /home/domerrover/ws/install/zed_components/include/zed_components//gnss_replay.hpp
[165.715s] -- Symlinking: /home/domerrover/ws/install/zed_components/include/zed_components//json.hpp
[165.740s] -- Symlinking: /home/domerrover/ws/install/zed_components/include/zed_components//sl_logging.hpp
[165.767s] -- Symlinking: /home/domerrover/ws/install/zed_components/include/zed_components//sl_tools.hpp
[165.795s] -- Symlinking: /home/domerrover/ws/install/zed_components/include/zed_components//sl_win_avg.hpp
[165.821s] -- Symlinking: /home/domerrover/ws/install/zed_components/include/zed_components//visibility_control.hpp
[165.849s] -- Symlinking: /home/domerrover/ws/install/zed_components/share/zed_components/environment/library_path.sh
[165.874s] -- Symlinking: /home/domerrover/ws/install/zed_components/share/zed_components/environment/library_path.dsv
[165.900s] -- Symlinking: /home/domerrover/ws/install/zed_components/share/ament_index/resource_index/package_run_dependencies/zed_components
[165.927s] -- Symlinking: /home/domerrover/ws/install/zed_components/share/ament_index/resource_index/parent_prefix_path/zed_components
[165.954s] -- Symlinking: /home/domerrover/ws/install/zed_components/share/zed_components/environment/ament_prefix_path.sh
[165.980s] -- Symlinking: /home/domerrover/ws/install/zed_components/share/zed_components/environment/ament_prefix_path.dsv
[166.008s] -- Symlinking: /home/domerrover/ws/install/zed_components/share/zed_components/environment/path.sh
[166.035s] -- Symlinking: /home/domerrover/ws/install/zed_components/share/zed_components/environment/path.dsv
[166.060s] -- Symlinking: /home/domerrover/ws/install/zed_components/share/zed_components/local_setup.bash
[166.087s] -- Symlinking: /home/domerrover/ws/install/zed_components/share/zed_components/local_setup.sh
[166.113s] -- Symlinking: /home/domerrover/ws/install/zed_components/share/zed_components/local_setup.zsh
[166.142s] -- Symlinking: /home/domerrover/ws/install/zed_components/share/zed_components/local_setup.dsv
[166.171s] -- Symlinking: /home/domerrover/ws/install/zed_components/share/zed_components/package.dsv
[166.199s] -- Symlinking: /home/domerrover/ws/install/zed_components/share/ament_index/resource_index/packages/zed_components
[166.228s] -- Symlinking: /home/domerrover/ws/install/zed_components/share/ament_index/resource_index/rclcpp_components/zed_components
[166.256s] -- Symlinking: /home/domerrover/ws/install/zed_components/share/zed_components/cmake/ament_cmake_export_include_directories-extras.cmake
[166.282s] -- Symlinking: /home/domerrover/ws/install/zed_components/share/zed_components/cmake/ament_cmake_export_libraries-extras.cmake
[166.309s] -- Symlinking: /home/domerrover/ws/install/zed_components/share/zed_components/cmake/ament_cmake_export_dependencies-extras.cmake
[166.335s] -- Symlinking: /home/domerrover/ws/install/zed_components/share/zed_components/cmake/zed_componentsConfig.cmake
[166.360s] -- Symlinking: /home/domerrover/ws/install/zed_components/share/zed_components/cmake/zed_componentsConfig-version.cmake
[166.385s] -- Symlinking: /home/domerrover/ws/install/zed_components/share/zed_components/package.xml
[166.418s] Invoked command in '/home/domerrover/ws/build/zed_components' returned '0': CMAKE_PREFIX_PATH=/home/domerrover/ws/install/zed_msgs:/home/domerrover/ws/install/zed_ros2:/home/domerrover/ws/install/zed_wrapper:/home/domerrover/ws/install/zed_components:/home/domerrover/ws/install/custom_msgs:/home/domerrover/ws/install/motor_package:/home/domerrover/ws/install/imu_package:/home/domerrover/ws/install/gps_pub_sub:/opt/ros/humble LD_LIBRARY_PATH=/home/domerrover/ws/install/zed_msgs/lib:/home/domerrover/ws/install/zed_components/lib:/home/domerrover/ws/install/custom_msgs/lib:/usr/local/cuda-12.2/lib64:/opt/ros/humble/opt/rviz_ogre_vendor/lib:/opt/ros/humble/lib/aarch64-linux-gnu:/opt/ros/humble/lib:/usr/local/cuda-12.2/lib64 /usr/bin/cmake --install /home/domerrover/ws/build/zed_components
