[0.049s] Invoking command in '/home/domerrover/ws/build/zed_msgs': CMAKE_PREFIX_PATH=${CMAKE_PREFIX_PATH}:/home/domerrover/ws/install/motor_package:/home/domerrover/ws/install/imu_package:/home/domerrover/ws/install/gps_pub_sub:/opt/ros/humble /usr/bin/cmake /home/domerrover/ws/src/zed-ros2-wrapper/zed-ros2-interfaces -DCMAKE_BUILD_TYPE=Release -DAMENT_CMAKE_SYMLINK_INSTALL=1 -DCMAKE_INSTALL_PREFIX=/home/domerrover/ws/install/zed_msgs
[0.633s] -- The C compiler identification is GNU 11.4.0
[1.037s] -- The CXX compiler identification is GNU 11.4.0
[1.065s] -- Detecting C compiler ABI info
[1.215s] -- Detecting C compiler ABI info - done
[1.229s] -- Check for working C compiler: /usr/bin/cc - skipped
[1.230s] -- Detecting C compile features
[1.236s] -- Detecting C compile features - done
[1.242s] -- Detecting CXX compiler ABI info
[1.399s] -- Detecting CXX compiler ABI info - done
[1.411s] -- Check for working CXX compiler: /usr/bin/c++ - skipped
[1.412s] -- Detecting CXX compile features
[1.413s] -- Detecting CXX compile features - done
[1.417s] -- Found ament_cmake_auto: 1.3.10 (/opt/ros/humble/share/ament_cmake_auto/cmake)
[1.751s] -- Found Python3: /usr/bin/python3 (found version "3.10.12") found components: Interpreter 
[1.912s] -- Override CMake install command with custom implementation using symlinks instead of copying resources
[2.164s] -- Found rosidl_generator_c: 3.1.5 (/opt/ros/humble/share/rosidl_generator_c/cmake)
[2.173s] -- Found rosidl_adapter: 3.1.5 (/opt/ros/humble/share/rosidl_adapter/cmake)
[2.189s] -- Found rosidl_generator_cpp: 3.1.5 (/opt/ros/humble/share/rosidl_generator_cpp/cmake)
[2.214s] -- Using all available rosidl_typesupport_c: rosidl_typesupport_fastrtps_c;rosidl_typesupport_introspection_c
[2.245s] -- Using all available rosidl_typesupport_cpp: rosidl_typesupport_fastrtps_cpp;rosidl_typesupport_introspection_cpp
[2.372s] -- Found ament_lint_auto: 0.12.11 (/opt/ros/humble/share/ament_lint_auto/cmake)
[3.123s] -- Found ament_cmake_ros: 0.10.0 (/opt/ros/humble/share/ament_cmake_ros/cmake)
[4.095s] -- Using all available rosidl_typesupport_c: rosidl_typesupport_fastrtps_c;rosidl_typesupport_introspection_c
[4.456s] -- Using all available rosidl_typesupport_cpp: rosidl_typesupport_fastrtps_cpp;rosidl_typesupport_introspection_cpp
[4.505s] -- Found PythonInterp: /usr/bin/python3 (found suitable version "3.10.12", minimum required is "3.6") 
[4.509s] -- Found python_cmake_module: 0.10.0 (/opt/ros/humble/share/python_cmake_module/cmake)
[4.565s] -- Found PythonLibs: /usr/lib/aarch64-linux-gnu/libpython3.10.so (found suitable version "3.10.12", minimum required is "3.5") 
[4.566s] -- Using PYTHON_EXECUTABLE: /usr/bin/python3
[4.566s] -- Using PYTHON_INCLUDE_DIRS: /usr/include/python3.10
[4.566s] -- Using PYTHON_LIBRARIES: /usr/lib/aarch64-linux-gnu/libpython3.10.so
[4.619s] -- Found PythonExtra: .so  
[4.817s] -- Added test 'copyright' to check source files copyright and LICENSE
[4.825s] -- Added test 'lint_cmake' to check CMake code style
[4.831s] -- Added test 'xmllint' to check XML markup files
[4.846s] -- Configuring done
[4.991s] -- Generating done
[4.997s] -- Build files have been written to: /home/domerrover/ws/build/zed_msgs
[5.032s] Invoked command in '/home/domerrover/ws/build/zed_msgs' returned '0': CMAKE_PREFIX_PATH=${CMAKE_PREFIX_PATH}:/home/domerrover/ws/install/motor_package:/home/domerrover/ws/install/imu_package:/home/domerrover/ws/install/gps_pub_sub:/opt/ros/humble /usr/bin/cmake /home/domerrover/ws/src/zed-ros2-wrapper/zed-ros2-interfaces -DCMAKE_BUILD_TYPE=Release -DAMENT_CMAKE_SYMLINK_INSTALL=1 -DCMAKE_INSTALL_PREFIX=/home/domerrover/ws/install/zed_msgs
[5.033s] Invoking command in '/home/domerrover/ws/build/zed_msgs': CMAKE_PREFIX_PATH=${CMAKE_PREFIX_PATH}:/home/domerrover/ws/install/motor_package:/home/domerrover/ws/install/imu_package:/home/domerrover/ws/install/gps_pub_sub:/opt/ros/humble /usr/bin/cmake --build /home/domerrover/ws/build/zed_msgs -- -j6 -l6
[5.184s] [  0%] [34m[1mGenerating C code for ROS interfaces[0m
[5.226s] [  0%] [34m[1mGenerating C++ code for ROS interfaces[0m
[5.310s] [  0%] Built target ament_cmake_python_symlink_zed_msgs
[6.285s] running egg_info
[6.287s] creating zed_msgs.egg-info
[6.287s] writing zed_msgs.egg-info/PKG-INFO
[6.288s] writing dependency_links to zed_msgs.egg-info/dependency_links.txt
[6.288s] writing top-level names to zed_msgs.egg-info/top_level.txt
[6.289s] writing manifest file 'zed_msgs.egg-info/SOURCES.txt'
[6.294s] reading manifest file 'zed_msgs.egg-info/SOURCES.txt'
[6.295s] writing manifest file 'zed_msgs.egg-info/SOURCES.txt'
[6.410s] [  0%] Built target ament_cmake_python_build_zed_msgs_egg
[9.893s] [  0%] Built target zed_msgs__cpp
[9.914s] [  1%] [34m[1mGenerating C++ type support dispatch for ROS interfaces[0m
[9.930s] [  2%] [34m[1mGenerating C++ type support for eProsima Fast-RTPS[0m
[10.047s] [  2%] [34m[1mGenerating C++ introspection for ROS interfaces[0m
[10.651s] [  3%] [32mBuilding C object CMakeFiles/zed_msgs__rosidl_generator_c.dir/rosidl_generator_c/zed_msgs/msg/detail/object__functions.c.o[0m
[10.672s] [  4%] [32mBuilding C object CMakeFiles/zed_msgs__rosidl_generator_c.dir/rosidl_generator_c/zed_msgs/msg/detail/keypoint2_di__functions.c.o[0m
[10.681s] [  4%] [32mBuilding C object CMakeFiles/zed_msgs__rosidl_generator_c.dir/rosidl_generator_c/zed_msgs/msg/detail/objects_stamped__functions.c.o[0m
[10.952s] [  5%] [32mBuilding C object CMakeFiles/zed_msgs__rosidl_generator_c.dir/rosidl_generator_c/zed_msgs/msg/detail/keypoint2_df__functions.c.o[0m
[11.037s] [  5%] [32mBuilding C object CMakeFiles/zed_msgs__rosidl_generator_c.dir/rosidl_generator_c/zed_msgs/msg/detail/keypoint3_d__functions.c.o[0m
[11.060s] [  6%] [32mBuilding C object CMakeFiles/zed_msgs__rosidl_generator_c.dir/rosidl_generator_c/zed_msgs/msg/detail/bounding_box2_di__functions.c.o[0m
[11.262s] [  6%] [32mBuilding C object CMakeFiles/zed_msgs__rosidl_generator_c.dir/rosidl_generator_c/zed_msgs/msg/detail/bounding_box2_df__functions.c.o[0m
[11.322s] [  7%] [32mBuilding C object CMakeFiles/zed_msgs__rosidl_generator_c.dir/rosidl_generator_c/zed_msgs/msg/detail/bounding_box3_d__functions.c.o[0m
[11.399s] [  7%] [32mBuilding C object CMakeFiles/zed_msgs__rosidl_generator_c.dir/rosidl_generator_c/zed_msgs/msg/detail/skeleton2_d__functions.c.o[0m
[11.571s] [  8%] [32mBuilding C object CMakeFiles/zed_msgs__rosidl_generator_c.dir/rosidl_generator_c/zed_msgs/msg/detail/skeleton3_d__functions.c.o[0m
[11.717s] [  9%] [32mBuilding C object CMakeFiles/zed_msgs__rosidl_generator_c.dir/rosidl_generator_c/zed_msgs/msg/detail/depth_info_stamped__functions.c.o[0m
[11.749s] [  9%] [32mBuilding C object CMakeFiles/zed_msgs__rosidl_generator_c.dir/rosidl_generator_c/zed_msgs/msg/detail/plane_stamped__functions.c.o[0m
[11.934s] [ 10%] [32mBuilding C object CMakeFiles/zed_msgs__rosidl_generator_c.dir/rosidl_generator_c/zed_msgs/msg/detail/pos_track_status__functions.c.o[0m
[12.074s] [ 10%] [32mBuilding C object CMakeFiles/zed_msgs__rosidl_generator_c.dir/rosidl_generator_c/zed_msgs/msg/detail/gnss_fusion_status__functions.c.o[0m
[12.254s] [ 11%] [32mBuilding C object CMakeFiles/zed_msgs__rosidl_generator_c.dir/rosidl_generator_c/zed_msgs/msg/detail/heartbeat__functions.c.o[0m
[12.302s] [ 11%] [32mBuilding C object CMakeFiles/zed_msgs__rosidl_generator_c.dir/rosidl_generator_c/zed_msgs/msg/detail/mag_heading_status__functions.c.o[0m
[12.386s] [ 12%] [32mBuilding C object CMakeFiles/zed_msgs__rosidl_generator_c.dir/rosidl_generator_c/zed_msgs/srv/detail/set_pose__functions.c.o[0m
[12.658s] [ 13%] [32mBuilding C object CMakeFiles/zed_msgs__rosidl_generator_c.dir/rosidl_generator_c/zed_msgs/srv/detail/start_svo_rec__functions.c.o[0m
[12.682s] [ 13%] [32mBuilding C object CMakeFiles/zed_msgs__rosidl_generator_c.dir/rosidl_generator_c/zed_msgs/srv/detail/set_roi__functions.c.o[0m
[13.144s] [ 14%] [32m[1mLinking C shared library libzed_msgs__rosidl_generator_c.so[0m
[13.227s] [ 14%] Built target zed_msgs__rosidl_generator_c
[13.251s] [ 15%] [34m[1mGenerating C type support for eProsima Fast-RTPS[0m
[13.314s] [ 16%] [34m[1mGenerating C introspection for ROS interfaces[0m
[13.446s] [ 17%] [34m[1mGenerating C type support dispatch for ROS interfaces[0m
[13.465s] [ 17%] [32mBuilding CXX object CMakeFiles/zed_msgs__rosidl_typesupport_cpp.dir/rosidl_typesupport_cpp/zed_msgs/msg/object__type_support.cpp.o[0m
[14.137s] [ 18%] [32mBuilding CXX object CMakeFiles/zed_msgs__rosidl_typesupport_cpp.dir/rosidl_typesupport_cpp/zed_msgs/msg/objects_stamped__type_support.cpp.o[0m
[15.034s] [ 19%] [32mBuilding CXX object CMakeFiles/zed_msgs__rosidl_typesupport_introspection_cpp.dir/rosidl_typesupport_introspection_cpp/zed_msgs/msg/detail/object__type_support.cpp.o[0m
[15.088s] [ 20%] [32mBuilding CXX object CMakeFiles/zed_msgs__rosidl_typesupport_fastrtps_cpp.dir/rosidl_typesupport_fastrtps_cpp/zed_msgs/msg/detail/dds_fastrtps/object__type_support.cpp.o[0m
[15.422s] [ 21%] [32mBuilding CXX object CMakeFiles/zed_msgs__rosidl_typesupport_cpp.dir/rosidl_typesupport_cpp/zed_msgs/msg/keypoint2_di__type_support.cpp.o[0m
[16.250s] [ 21%] [32mBuilding CXX object CMakeFiles/zed_msgs__rosidl_typesupport_cpp.dir/rosidl_typesupport_cpp/zed_msgs/msg/keypoint2_df__type_support.cpp.o[0m
[16.287s] [ 21%] [32mBuilding CXX object CMakeFiles/zed_msgs__rosidl_typesupport_fastrtps_cpp.dir/rosidl_typesupport_fastrtps_cpp/zed_msgs/msg/detail/dds_fastrtps/objects_stamped__type_support.cpp.o[0m
[16.305s] [ 21%] [32mBuilding CXX object CMakeFiles/zed_msgs__rosidl_typesupport_introspection_cpp.dir/rosidl_typesupport_introspection_cpp/zed_msgs/msg/detail/objects_stamped__type_support.cpp.o[0m
[16.940s] [ 22%] [32mBuilding CXX object CMakeFiles/zed_msgs__rosidl_typesupport_cpp.dir/rosidl_typesupport_cpp/zed_msgs/msg/keypoint3_d__type_support.cpp.o[0m
[17.677s] [ 22%] [32mBuilding CXX object CMakeFiles/zed_msgs__rosidl_typesupport_cpp.dir/rosidl_typesupport_cpp/zed_msgs/msg/bounding_box2_di__type_support.cpp.o[0m
[17.769s] [ 22%] [32mBuilding CXX object CMakeFiles/zed_msgs__rosidl_typesupport_c.dir/rosidl_typesupport_c/zed_msgs/msg/object__type_support.cpp.o[0m
[17.857s] [ 23%] [32mBuilding CXX object CMakeFiles/zed_msgs__rosidl_typesupport_c.dir/rosidl_typesupport_c/zed_msgs/msg/objects_stamped__type_support.cpp.o[0m
[17.883s] [ 24%] [32mBuilding CXX object CMakeFiles/zed_msgs__rosidl_typesupport_fastrtps_cpp.dir/rosidl_typesupport_fastrtps_cpp/zed_msgs/msg/detail/dds_fastrtps/keypoint2_di__type_support.cpp.o[0m
[17.939s] [ 24%] [32mBuilding CXX object CMakeFiles/zed_msgs__rosidl_typesupport_c.dir/rosidl_typesupport_c/zed_msgs/msg/keypoint2_di__type_support.cpp.o[0m
[18.020s] [ 25%] [32mBuilding CXX object CMakeFiles/zed_msgs__rosidl_typesupport_c.dir/rosidl_typesupport_c/zed_msgs/msg/keypoint2_df__type_support.cpp.o[0m
[18.041s] [ 26%] [32mBuilding CXX object CMakeFiles/zed_msgs__rosidl_typesupport_introspection_cpp.dir/rosidl_typesupport_introspection_cpp/zed_msgs/msg/detail/keypoint2_di__type_support.cpp.o[0m
[18.120s] [ 27%] [32mBuilding CXX object CMakeFiles/zed_msgs__rosidl_typesupport_c.dir/rosidl_typesupport_c/zed_msgs/msg/keypoint3_d__type_support.cpp.o[0m
[18.210s] [ 27%] [32mBuilding CXX object CMakeFiles/zed_msgs__rosidl_typesupport_c.dir/rosidl_typesupport_c/zed_msgs/msg/bounding_box2_di__type_support.cpp.o[0m
[18.240s] [ 27%] [32mBuilding CXX object CMakeFiles/zed_msgs__rosidl_typesupport_fastrtps_c.dir/rosidl_typesupport_fastrtps_c/zed_msgs/msg/detail/object__type_support_c.cpp.o[0m
[18.292s] [ 28%] [32mBuilding CXX object CMakeFiles/zed_msgs__rosidl_typesupport_c.dir/rosidl_typesupport_c/zed_msgs/msg/bounding_box2_df__type_support.cpp.o[0m
[18.330s] [ 29%] [32mBuilding CXX object CMakeFiles/zed_msgs__rosidl_typesupport_cpp.dir/rosidl_typesupport_cpp/zed_msgs/msg/bounding_box2_df__type_support.cpp.o[0m
[18.360s] [ 30%] [32mBuilding C object CMakeFiles/zed_msgs__rosidl_typesupport_introspection_c.dir/rosidl_typesupport_introspection_c/zed_msgs/msg/detail/object__type_support.c.o[0m
[18.381s] [ 30%] [32mBuilding CXX object CMakeFiles/zed_msgs__rosidl_typesupport_c.dir/rosidl_typesupport_c/zed_msgs/msg/bounding_box3_d__type_support.cpp.o[0m
[18.494s] [ 31%] [32mBuilding CXX object CMakeFiles/zed_msgs__rosidl_typesupport_c.dir/rosidl_typesupport_c/zed_msgs/msg/skeleton2_d__type_support.cpp.o[0m
[18.527s] [ 31%] [32mBuilding C object CMakeFiles/zed_msgs__rosidl_typesupport_introspection_c.dir/rosidl_typesupport_introspection_c/zed_msgs/msg/detail/objects_stamped__type_support.c.o[0m
[18.631s] [ 31%] [32mBuilding CXX object CMakeFiles/zed_msgs__rosidl_typesupport_c.dir/rosidl_typesupport_c/zed_msgs/msg/skeleton3_d__type_support.cpp.o[0m
[18.668s] [ 32%] [32mBuilding C object CMakeFiles/zed_msgs__rosidl_typesupport_introspection_c.dir/rosidl_typesupport_introspection_c/zed_msgs/msg/detail/keypoint2_di__type_support.c.o[0m
[18.712s] [ 33%] [32mBuilding CXX object CMakeFiles/zed_msgs__rosidl_typesupport_c.dir/rosidl_typesupport_c/zed_msgs/msg/depth_info_stamped__type_support.cpp.o[0m
[18.807s] [ 33%] [32mBuilding C object CMakeFiles/zed_msgs__rosidl_typesupport_introspection_c.dir/rosidl_typesupport_introspection_c/zed_msgs/msg/detail/keypoint2_df__type_support.c.o[0m
[18.864s] [ 34%] [32mBuilding CXX object CMakeFiles/zed_msgs__rosidl_typesupport_c.dir/rosidl_typesupport_c/zed_msgs/msg/plane_stamped__type_support.cpp.o[0m
[18.919s] [ 34%] [32mBuilding CXX object CMakeFiles/zed_msgs__rosidl_typesupport_fastrtps_cpp.dir/rosidl_typesupport_fastrtps_cpp/zed_msgs/msg/detail/dds_fastrtps/keypoint2_df__type_support.cpp.o[0m
[18.930s] [ 35%] [32mBuilding C object CMakeFiles/zed_msgs__rosidl_typesupport_introspection_c.dir/rosidl_typesupport_introspection_c/zed_msgs/msg/detail/keypoint3_d__type_support.c.o[0m
[18.942s] [ 35%] [32mBuilding CXX object CMakeFiles/zed_msgs__rosidl_typesupport_c.dir/rosidl_typesupport_c/zed_msgs/msg/pos_track_status__type_support.cpp.o[0m
[19.005s] [ 35%] [32mBuilding CXX object CMakeFiles/zed_msgs__rosidl_typesupport_introspection_cpp.dir/rosidl_typesupport_introspection_cpp/zed_msgs/msg/detail/keypoint2_df__type_support.cpp.o[0m
[19.029s] [ 35%] [32mBuilding CXX object CMakeFiles/zed_msgs__rosidl_typesupport_cpp.dir/rosidl_typesupport_cpp/zed_msgs/msg/bounding_box3_d__type_support.cpp.o[0m
[19.055s] [ 35%] [32mBuilding C object CMakeFiles/zed_msgs__rosidl_typesupport_introspection_c.dir/rosidl_typesupport_introspection_c/zed_msgs/msg/detail/bounding_box2_di__type_support.c.o[0m
[19.073s] [ 36%] [32mBuilding CXX object CMakeFiles/zed_msgs__rosidl_typesupport_c.dir/rosidl_typesupport_c/zed_msgs/msg/gnss_fusion_status__type_support.cpp.o[0m
[19.191s] [ 36%] [32mBuilding CXX object CMakeFiles/zed_msgs__rosidl_typesupport_c.dir/rosidl_typesupport_c/zed_msgs/msg/heartbeat__type_support.cpp.o[0m
[19.205s] [ 37%] [32mBuilding C object CMakeFiles/zed_msgs__rosidl_typesupport_introspection_c.dir/rosidl_typesupport_introspection_c/zed_msgs/msg/detail/bounding_box2_df__type_support.c.o[0m
[19.277s] [ 38%] [32mBuilding CXX object CMakeFiles/zed_msgs__rosidl_typesupport_fastrtps_c.dir/rosidl_typesupport_fastrtps_c/zed_msgs/msg/detail/objects_stamped__type_support_c.cpp.o[0m
[19.307s] [ 39%] [32mBuilding CXX object CMakeFiles/zed_msgs__rosidl_typesupport_c.dir/rosidl_typesupport_c/zed_msgs/msg/mag_heading_status__type_support.cpp.o[0m
[19.318s] [ 40%] [32mBuilding C object CMakeFiles/zed_msgs__rosidl_typesupport_introspection_c.dir/rosidl_typesupport_introspection_c/zed_msgs/msg/detail/bounding_box3_d__type_support.c.o[0m
[19.376s] [ 40%] [32mBuilding CXX object CMakeFiles/zed_msgs__rosidl_typesupport_c.dir/rosidl_typesupport_c/zed_msgs/srv/set_pose__type_support.cpp.o[0m
[19.422s] [ 40%] [32mBuilding C object CMakeFiles/zed_msgs__rosidl_typesupport_introspection_c.dir/rosidl_typesupport_introspection_c/zed_msgs/msg/detail/skeleton2_d__type_support.c.o[0m
[19.460s] [ 41%] [32mBuilding CXX object CMakeFiles/zed_msgs__rosidl_typesupport_c.dir/rosidl_typesupport_c/zed_msgs/srv/start_svo_rec__type_support.cpp.o[0m
[19.517s] [ 42%] [32mBuilding C object CMakeFiles/zed_msgs__rosidl_typesupport_introspection_c.dir/rosidl_typesupport_introspection_c/zed_msgs/msg/detail/skeleton3_d__type_support.c.o[0m
[19.541s] [ 43%] [32mBuilding CXX object CMakeFiles/zed_msgs__rosidl_typesupport_c.dir/rosidl_typesupport_c/zed_msgs/srv/set_roi__type_support.cpp.o[0m
[19.618s] [ 43%] [32m[1mLinking CXX shared library libzed_msgs__rosidl_typesupport_c.so[0m
[19.622s] [ 43%] [32mBuilding C object CMakeFiles/zed_msgs__rosidl_typesupport_introspection_c.dir/rosidl_typesupport_introspection_c/zed_msgs/msg/detail/depth_info_stamped__type_support.c.o[0m
[19.710s] [ 45%] [32mBuilding C object CMakeFiles/zed_msgs__rosidl_typesupport_introspection_c.dir/rosidl_typesupport_introspection_c/zed_msgs/msg/detail/plane_stamped__type_support.c.o[0m
[19.710s] [ 45%] [32mBuilding CXX object CMakeFiles/zed_msgs__rosidl_typesupport_cpp.dir/rosidl_typesupport_cpp/zed_msgs/msg/skeleton2_d__type_support.cpp.o[0m
[19.726s] [ 45%] Built target zed_msgs__rosidl_typesupport_c
[19.745s] [ 46%] [32mBuilding CXX object CMakeFiles/zed_msgs__rosidl_typesupport_fastrtps_c.dir/rosidl_typesupport_fastrtps_c/zed_msgs/msg/detail/keypoint2_di__type_support_c.cpp.o[0m
[19.844s] [ 46%] [32mBuilding C object CMakeFiles/zed_msgs__rosidl_typesupport_introspection_c.dir/rosidl_typesupport_introspection_c/zed_msgs/msg/detail/pos_track_status__type_support.c.o[0m
[19.899s] [ 47%] [32mBuilding CXX object CMakeFiles/zed_msgs__rosidl_typesupport_fastrtps_cpp.dir/rosidl_typesupport_fastrtps_cpp/zed_msgs/msg/detail/dds_fastrtps/keypoint3_d__type_support.cpp.o[0m
[19.932s] [ 48%] [32mBuilding C object CMakeFiles/zed_msgs__rosidl_typesupport_introspection_c.dir/rosidl_typesupport_introspection_c/zed_msgs/msg/detail/gnss_fusion_status__type_support.c.o[0m
[19.935s] [ 49%] [32mBuilding CXX object CMakeFiles/zed_msgs__rosidl_typesupport_introspection_cpp.dir/rosidl_typesupport_introspection_cpp/zed_msgs/msg/detail/keypoint3_d__type_support.cpp.o[0m
[20.018s] [ 50%] [32mBuilding C object CMakeFiles/zed_msgs__rosidl_typesupport_introspection_c.dir/rosidl_typesupport_introspection_c/zed_msgs/msg/detail/heartbeat__type_support.c.o[0m
[20.107s] [ 50%] [32mBuilding C object CMakeFiles/zed_msgs__rosidl_typesupport_introspection_c.dir/rosidl_typesupport_introspection_c/zed_msgs/msg/detail/mag_heading_status__type_support.c.o[0m
[20.162s] [ 51%] [32mBuilding C object CMakeFiles/zed_msgs__rosidl_typesupport_introspection_c.dir/rosidl_typesupport_introspection_c/zed_msgs/srv/detail/set_pose__type_support.c.o[0m
[20.194s] [ 51%] [32mBuilding C object CMakeFiles/zed_msgs__rosidl_typesupport_introspection_c.dir/rosidl_typesupport_introspection_c/zed_msgs/srv/detail/start_svo_rec__type_support.c.o[0m
[20.293s] [ 52%] [32mBuilding CXX object CMakeFiles/zed_msgs__rosidl_typesupport_cpp.dir/rosidl_typesupport_cpp/zed_msgs/msg/skeleton3_d__type_support.cpp.o[0m
[20.298s] [ 53%] [32mBuilding C object CMakeFiles/zed_msgs__rosidl_typesupport_introspection_c.dir/rosidl_typesupport_introspection_c/zed_msgs/srv/detail/set_roi__type_support.c.o[0m
[20.398s] [ 53%] [32mBuilding CXX object CMakeFiles/zed_msgs__rosidl_typesupport_cpp.dir/rosidl_typesupport_cpp/zed_msgs/msg/depth_info_stamped__type_support.cpp.o[0m
[20.404s] [ 53%] [32m[1mLinking C shared library libzed_msgs__rosidl_typesupport_introspection_c.so[0m
[20.498s] [ 53%] Built target zed_msgs__rosidl_typesupport_introspection_c
[20.517s] [ 54%] [32mBuilding CXX object CMakeFiles/zed_msgs__rosidl_typesupport_cpp.dir/rosidl_typesupport_cpp/zed_msgs/msg/plane_stamped__type_support.cpp.o[0m
[20.556s] [ 54%] [32mBuilding CXX object CMakeFiles/zed_msgs__rosidl_typesupport_fastrtps_c.dir/rosidl_typesupport_fastrtps_c/zed_msgs/msg/detail/keypoint2_df__type_support_c.cpp.o[0m
[20.829s] [ 55%] [32mBuilding CXX object CMakeFiles/zed_msgs__rosidl_typesupport_introspection_cpp.dir/rosidl_typesupport_introspection_cpp/zed_msgs/msg/detail/bounding_box2_di__type_support.cpp.o[0m
[20.874s] [ 55%] [32mBuilding CXX object CMakeFiles/zed_msgs__rosidl_typesupport_fastrtps_cpp.dir/rosidl_typesupport_fastrtps_cpp/zed_msgs/msg/detail/dds_fastrtps/bounding_box2_di__type_support.cpp.o[0m
[20.962s] [ 55%] [32mBuilding CXX object CMakeFiles/zed_msgs__rosidl_typesupport_cpp.dir/rosidl_typesupport_cpp/zed_msgs/msg/pos_track_status__type_support.cpp.o[0m
[21.053s] [ 56%] [32mBuilding CXX object CMakeFiles/zed_msgs__rosidl_typesupport_cpp.dir/rosidl_typesupport_cpp/zed_msgs/msg/gnss_fusion_status__type_support.cpp.o[0m
[21.165s] [ 56%] [32mBuilding CXX object CMakeFiles/zed_msgs__rosidl_typesupport_cpp.dir/rosidl_typesupport_cpp/zed_msgs/msg/heartbeat__type_support.cpp.o[0m
[21.404s] [ 57%] [32mBuilding CXX object CMakeFiles/zed_msgs__rosidl_typesupport_fastrtps_c.dir/rosidl_typesupport_fastrtps_c/zed_msgs/msg/detail/keypoint3_d__type_support_c.cpp.o[0m
[21.623s] [ 58%] [32mBuilding CXX object CMakeFiles/zed_msgs__rosidl_typesupport_cpp.dir/rosidl_typesupport_cpp/zed_msgs/msg/mag_heading_status__type_support.cpp.o[0m
[21.707s] [ 59%] [32mBuilding CXX object CMakeFiles/zed_msgs__rosidl_typesupport_cpp.dir/rosidl_typesupport_cpp/zed_msgs/srv/set_pose__type_support.cpp.o[0m
[21.738s] [ 59%] [32mBuilding CXX object CMakeFiles/zed_msgs__rosidl_typesupport_introspection_cpp.dir/rosidl_typesupport_introspection_cpp/zed_msgs/msg/detail/bounding_box2_df__type_support.cpp.o[0m
[21.790s] [ 59%] [32mBuilding CXX object CMakeFiles/zed_msgs__rosidl_typesupport_cpp.dir/rosidl_typesupport_cpp/zed_msgs/srv/start_svo_rec__type_support.cpp.o[0m
[21.867s] [ 60%] [32mBuilding CXX object CMakeFiles/zed_msgs__rosidl_typesupport_fastrtps_cpp.dir/rosidl_typesupport_fastrtps_cpp/zed_msgs/msg/detail/dds_fastrtps/bounding_box2_df__type_support.cpp.o[0m
[22.248s] [ 60%] [32mBuilding CXX object CMakeFiles/zed_msgs__rosidl_typesupport_fastrtps_c.dir/rosidl_typesupport_fastrtps_c/zed_msgs/msg/detail/bounding_box2_di__type_support_c.cpp.o[0m
[22.291s] [ 61%] [32mBuilding CXX object CMakeFiles/zed_msgs__rosidl_typesupport_cpp.dir/rosidl_typesupport_cpp/zed_msgs/srv/set_roi__type_support.cpp.o[0m
[22.379s] [ 62%] [32mBuilding CXX object CMakeFiles/zed_msgs__rosidl_typesupport_fastrtps_c.dir/rosidl_typesupport_fastrtps_c/zed_msgs/msg/detail/bounding_box2_df__type_support_c.cpp.o[0m
[22.420s] [ 63%] [32mBuilding CXX object CMakeFiles/zed_msgs__rosidl_typesupport_introspection_cpp.dir/rosidl_typesupport_introspection_cpp/zed_msgs/msg/detail/bounding_box3_d__type_support.cpp.o[0m
[22.652s] [ 63%] [32mBuilding CXX object CMakeFiles/zed_msgs__rosidl_typesupport_fastrtps_c.dir/rosidl_typesupport_fastrtps_c/zed_msgs/msg/detail/bounding_box3_d__type_support_c.cpp.o[0m
[22.869s] [ 64%] [32mBuilding CXX object CMakeFiles/zed_msgs__rosidl_typesupport_fastrtps_cpp.dir/rosidl_typesupport_fastrtps_cpp/zed_msgs/msg/detail/dds_fastrtps/bounding_box3_d__type_support.cpp.o[0m
[22.962s] [ 64%] [32m[1mLinking CXX shared library libzed_msgs__rosidl_typesupport_cpp.so[0m
[23.055s] [ 64%] Built target zed_msgs__rosidl_typesupport_cpp
[23.076s] [ 64%] [32mBuilding CXX object CMakeFiles/zed_msgs__rosidl_typesupport_fastrtps_cpp.dir/rosidl_typesupport_fastrtps_cpp/zed_msgs/msg/detail/dds_fastrtps/skeleton2_d__type_support.cpp.o[0m
[23.123s] [ 65%] [32mBuilding CXX object CMakeFiles/zed_msgs__rosidl_typesupport_fastrtps_c.dir/rosidl_typesupport_fastrtps_c/zed_msgs/msg/detail/skeleton2_d__type_support_c.cpp.o[0m
[23.245s] [ 66%] [32mBuilding CXX object CMakeFiles/zed_msgs__rosidl_typesupport_fastrtps_c.dir/rosidl_typesupport_fastrtps_c/zed_msgs/msg/detail/skeleton3_d__type_support_c.cpp.o[0m
[23.328s] [ 66%] [32mBuilding CXX object CMakeFiles/zed_msgs__rosidl_typesupport_introspection_cpp.dir/rosidl_typesupport_introspection_cpp/zed_msgs/msg/detail/skeleton2_d__type_support.cpp.o[0m
[23.472s] [ 66%] [32mBuilding CXX object CMakeFiles/zed_msgs__rosidl_typesupport_fastrtps_c.dir/rosidl_typesupport_fastrtps_c/zed_msgs/msg/detail/depth_info_stamped__type_support_c.cpp.o[0m
[23.868s] [ 67%] [32mBuilding CXX object CMakeFiles/zed_msgs__rosidl_typesupport_fastrtps_cpp.dir/rosidl_typesupport_fastrtps_cpp/zed_msgs/msg/detail/dds_fastrtps/skeleton3_d__type_support.cpp.o[0m
[24.002s] [ 67%] [32mBuilding CXX object CMakeFiles/zed_msgs__rosidl_typesupport_fastrtps_cpp.dir/rosidl_typesupport_fastrtps_cpp/zed_msgs/msg/detail/dds_fastrtps/depth_info_stamped__type_support.cpp.o[0m
[24.070s] [ 68%] [32mBuilding CXX object CMakeFiles/zed_msgs__rosidl_typesupport_fastrtps_c.dir/rosidl_typesupport_fastrtps_c/zed_msgs/msg/detail/plane_stamped__type_support_c.cpp.o[0m
[24.110s] [ 69%] [32mBuilding CXX object CMakeFiles/zed_msgs__rosidl_typesupport_fastrtps_cpp.dir/rosidl_typesupport_fastrtps_cpp/zed_msgs/msg/detail/dds_fastrtps/plane_stamped__type_support.cpp.o[0m
[24.234s] [ 70%] [32mBuilding CXX object CMakeFiles/zed_msgs__rosidl_typesupport_introspection_cpp.dir/rosidl_typesupport_introspection_cpp/zed_msgs/msg/detail/skeleton3_d__type_support.cpp.o[0m
[24.285s] [ 70%] [32mBuilding CXX object CMakeFiles/zed_msgs__rosidl_typesupport_fastrtps_c.dir/rosidl_typesupport_fastrtps_c/zed_msgs/msg/detail/pos_track_status__type_support_c.cpp.o[0m
[24.877s] [ 70%] [32mBuilding CXX object CMakeFiles/zed_msgs__rosidl_typesupport_fastrtps_cpp.dir/rosidl_typesupport_fastrtps_cpp/zed_msgs/msg/detail/dds_fastrtps/pos_track_status__type_support.cpp.o[0m
[24.967s] [ 71%] [32mBuilding CXX object CMakeFiles/zed_msgs__rosidl_typesupport_fastrtps_c.dir/rosidl_typesupport_fastrtps_c/zed_msgs/msg/detail/gnss_fusion_status__type_support_c.cpp.o[0m
[25.004s] [ 72%] [32mBuilding CXX object CMakeFiles/zed_msgs__rosidl_typesupport_fastrtps_cpp.dir/rosidl_typesupport_fastrtps_cpp/zed_msgs/msg/detail/dds_fastrtps/gnss_fusion_status__type_support.cpp.o[0m
[25.074s] [ 72%] [32mBuilding CXX object CMakeFiles/zed_msgs__rosidl_typesupport_fastrtps_c.dir/rosidl_typesupport_fastrtps_c/zed_msgs/msg/detail/heartbeat__type_support_c.cpp.o[0m
[25.168s] [ 73%] [32mBuilding CXX object CMakeFiles/zed_msgs__rosidl_typesupport_fastrtps_cpp.dir/rosidl_typesupport_fastrtps_cpp/zed_msgs/msg/detail/dds_fastrtps/heartbeat__type_support.cpp.o[0m
[25.203s] [ 73%] [32mBuilding CXX object CMakeFiles/zed_msgs__rosidl_typesupport_introspection_cpp.dir/rosidl_typesupport_introspection_cpp/zed_msgs/msg/detail/depth_info_stamped__type_support.cpp.o[0m
[25.800s] [ 74%] [32mBuilding CXX object CMakeFiles/zed_msgs__rosidl_typesupport_fastrtps_c.dir/rosidl_typesupport_fastrtps_c/zed_msgs/msg/detail/mag_heading_status__type_support_c.cpp.o[0m
[25.854s] [ 75%] [32mBuilding CXX object CMakeFiles/zed_msgs__rosidl_typesupport_introspection_cpp.dir/rosidl_typesupport_introspection_cpp/zed_msgs/msg/detail/plane_stamped__type_support.cpp.o[0m
[25.988s] [ 75%] [32mBuilding CXX object CMakeFiles/zed_msgs__rosidl_typesupport_fastrtps_cpp.dir/rosidl_typesupport_fastrtps_cpp/zed_msgs/msg/detail/dds_fastrtps/mag_heading_status__type_support.cpp.o[0m
[26.020s] [ 76%] [32mBuilding CXX object CMakeFiles/zed_msgs__rosidl_typesupport_fastrtps_c.dir/rosidl_typesupport_fastrtps_c/zed_msgs/srv/detail/set_pose__type_support_c.cpp.o[0m
[26.108s] [ 76%] [32mBuilding CXX object CMakeFiles/zed_msgs__rosidl_typesupport_fastrtps_c.dir/rosidl_typesupport_fastrtps_c/zed_msgs/srv/detail/start_svo_rec__type_support_c.cpp.o[0m
[26.250s] [ 77%] [32mBuilding CXX object CMakeFiles/zed_msgs__rosidl_typesupport_fastrtps_cpp.dir/rosidl_typesupport_fastrtps_cpp/zed_msgs/srv/detail/dds_fastrtps/set_pose__type_support.cpp.o[0m
[26.637s] [ 77%] [32mBuilding CXX object CMakeFiles/zed_msgs__rosidl_typesupport_fastrtps_cpp.dir/rosidl_typesupport_fastrtps_cpp/zed_msgs/srv/detail/dds_fastrtps/start_svo_rec__type_support.cpp.o[0m
[26.909s] [ 78%] [32mBuilding CXX object CMakeFiles/zed_msgs__rosidl_typesupport_fastrtps_cpp.dir/rosidl_typesupport_fastrtps_cpp/zed_msgs/srv/detail/dds_fastrtps/set_roi__type_support.cpp.o[0m
[26.953s] [ 79%] [32mBuilding CXX object CMakeFiles/zed_msgs__rosidl_typesupport_introspection_cpp.dir/rosidl_typesupport_introspection_cpp/zed_msgs/msg/detail/pos_track_status__type_support.cpp.o[0m
[26.990s] [ 80%] [32mBuilding CXX object CMakeFiles/zed_msgs__rosidl_typesupport_fastrtps_c.dir/rosidl_typesupport_fastrtps_c/zed_msgs/srv/detail/set_roi__type_support_c.cpp.o[0m
[27.055s] [ 80%] [32mBuilding CXX object CMakeFiles/zed_msgs__rosidl_typesupport_introspection_cpp.dir/rosidl_typesupport_introspection_cpp/zed_msgs/msg/detail/gnss_fusion_status__type_support.cpp.o[0m
[27.358s] [ 81%] [32mBuilding CXX object CMakeFiles/zed_msgs__rosidl_typesupport_introspection_cpp.dir/rosidl_typesupport_introspection_cpp/zed_msgs/msg/detail/heartbeat__type_support.cpp.o[0m
[27.774s] [ 81%] [32mBuilding CXX object CMakeFiles/zed_msgs__rosidl_typesupport_introspection_cpp.dir/rosidl_typesupport_introspection_cpp/zed_msgs/msg/detail/mag_heading_status__type_support.cpp.o[0m
[27.885s] [ 82%] [32mBuilding CXX object CMakeFiles/zed_msgs__rosidl_typesupport_introspection_cpp.dir/rosidl_typesupport_introspection_cpp/zed_msgs/srv/detail/set_pose__type_support.cpp.o[0m
[27.929s] [ 82%] [32mBuilding CXX object CMakeFiles/zed_msgs__rosidl_typesupport_introspection_cpp.dir/rosidl_typesupport_introspection_cpp/zed_msgs/srv/detail/start_svo_rec__type_support.cpp.o[0m
[27.966s] [ 82%] [32m[1mLinking CXX shared library libzed_msgs__rosidl_typesupport_fastrtps_cpp.so[0m
[27.988s] [ 82%] [32m[1mLinking CXX shared library libzed_msgs__rosidl_typesupport_fastrtps_c.so[0m
[28.140s] [ 82%] Built target zed_msgs__rosidl_typesupport_fastrtps_cpp
[28.161s] [ 83%] [32mBuilding CXX object CMakeFiles/zed_msgs__rosidl_typesupport_introspection_cpp.dir/rosidl_typesupport_introspection_cpp/zed_msgs/srv/detail/set_roi__type_support.cpp.o[0m
[28.181s] [ 83%] Built target zed_msgs__rosidl_typesupport_fastrtps_c
[29.088s] [ 84%] [32m[1mLinking CXX shared library libzed_msgs__rosidl_typesupport_introspection_cpp.so[0m
[29.260s] [ 84%] Built target zed_msgs__rosidl_typesupport_introspection_cpp
[29.317s] [ 84%] Built target zed_msgs
[29.372s] [ 85%] [34m[1mGenerating Python code for ROS interfaces[0m
[36.336s] [ 85%] Built target zed_msgs__py
[36.399s] [ 87%] [32mBuilding C object CMakeFiles/zed_msgs__rosidl_generator_py.dir/rosidl_generator_py/zed_msgs/msg/_keypoint2_di_s.c.o[0m
[36.399s] [ 87%] [32mBuilding C object CMakeFiles/zed_msgs__rosidl_generator_py.dir/rosidl_generator_py/zed_msgs/msg/_object_s.c.o[0m
[36.399s] [ 87%] [32mBuilding C object CMakeFiles/zed_msgs__rosidl_generator_py.dir/rosidl_generator_py/zed_msgs/msg/_keypoint2_df_s.c.o[0m
[36.400s] [ 87%] [32mBuilding C object CMakeFiles/zed_msgs__rosidl_generator_py.dir/rosidl_generator_py/zed_msgs/msg/_objects_stamped_s.c.o[0m
[36.400s] [ 87%] [32mBuilding C object CMakeFiles/zed_msgs__rosidl_generator_py.dir/rosidl_generator_py/zed_msgs/msg/_bounding_box2_di_s.c.o[0m
[36.400s] [ 88%] [32mBuilding C object CMakeFiles/zed_msgs__rosidl_generator_py.dir/rosidl_generator_py/zed_msgs/msg/_keypoint3_d_s.c.o[0m
[36.673s] [ 89%] [32mBuilding C object CMakeFiles/zed_msgs__rosidl_generator_py.dir/rosidl_generator_py/zed_msgs/msg/_bounding_box2_df_s.c.o[0m
[36.674s] [ 89%] [32mBuilding C object CMakeFiles/zed_msgs__rosidl_generator_py.dir/rosidl_generator_py/zed_msgs/msg/_bounding_box3_d_s.c.o[0m
[36.675s] [ 90%] [32mBuilding C object CMakeFiles/zed_msgs__rosidl_generator_py.dir/rosidl_generator_py/zed_msgs/msg/_skeleton2_d_s.c.o[0m
[36.677s] [ 90%] [32mBuilding C object CMakeFiles/zed_msgs__rosidl_generator_py.dir/rosidl_generator_py/zed_msgs/msg/_skeleton3_d_s.c.o[0m
[36.702s] [ 91%] [32mBuilding C object CMakeFiles/zed_msgs__rosidl_generator_py.dir/rosidl_generator_py/zed_msgs/msg/_depth_info_stamped_s.c.o[0m
[36.828s] [ 92%] [32mBuilding C object CMakeFiles/zed_msgs__rosidl_generator_py.dir/rosidl_generator_py/zed_msgs/msg/_plane_stamped_s.c.o[0m
[36.950s] [ 93%] [32mBuilding C object CMakeFiles/zed_msgs__rosidl_generator_py.dir/rosidl_generator_py/zed_msgs/msg/_pos_track_status_s.c.o[0m
[36.950s] [ 93%] [32mBuilding C object CMakeFiles/zed_msgs__rosidl_generator_py.dir/rosidl_generator_py/zed_msgs/msg/_gnss_fusion_status_s.c.o[0m
[36.952s] [ 93%] [32mBuilding C object CMakeFiles/zed_msgs__rosidl_generator_py.dir/rosidl_generator_py/zed_msgs/msg/_heartbeat_s.c.o[0m
[36.961s] [ 94%] [32mBuilding C object CMakeFiles/zed_msgs__rosidl_generator_py.dir/rosidl_generator_py/zed_msgs/msg/_mag_heading_status_s.c.o[0m
[36.989s] [ 94%] [32mBuilding C object CMakeFiles/zed_msgs__rosidl_generator_py.dir/rosidl_generator_py/zed_msgs/srv/_set_pose_s.c.o[0m
[37.155s] [ 95%] [32mBuilding C object CMakeFiles/zed_msgs__rosidl_generator_py.dir/rosidl_generator_py/zed_msgs/srv/_start_svo_rec_s.c.o[0m
[37.207s] [ 96%] [32mBuilding C object CMakeFiles/zed_msgs__rosidl_generator_py.dir/rosidl_generator_py/zed_msgs/srv/_set_roi_s.c.o[0m
[37.518s] [ 96%] [32m[1mLinking C shared library rosidl_generator_py/zed_msgs/libzed_msgs__rosidl_generator_py.so[0m
[37.655s] [ 96%] Built target zed_msgs__rosidl_generator_py
[37.714s] [ 99%] [32mBuilding C object CMakeFiles/zed_msgs__rosidl_typesupport_introspection_c__pyext.dir/rosidl_generator_py/zed_msgs/_zed_msgs_s.ep.rosidl_typesupport_introspection_c.c.o[0m
[37.714s] [ 99%] [32mBuilding C object CMakeFiles/zed_msgs__rosidl_typesupport_fastrtps_c__pyext.dir/rosidl_generator_py/zed_msgs/_zed_msgs_s.ep.rosidl_typesupport_fastrtps_c.c.o[0m
[37.714s] [ 99%] [32mBuilding C object CMakeFiles/zed_msgs__rosidl_typesupport_c__pyext.dir/rosidl_generator_py/zed_msgs/_zed_msgs_s.ep.rosidl_typesupport_c.c.o[0m
[38.545s] [ 99%] [32m[1mLinking C shared library rosidl_generator_py/zed_msgs/zed_msgs_s__rosidl_typesupport_fastrtps_c.cpython-310-aarch64-linux-gnu.so[0m
[38.546s] [ 99%] [32m[1mLinking C shared library rosidl_generator_py/zed_msgs/zed_msgs_s__rosidl_typesupport_c.cpython-310-aarch64-linux-gnu.so[0m
[38.546s] [100%] [32m[1mLinking C shared library rosidl_generator_py/zed_msgs/zed_msgs_s__rosidl_typesupport_introspection_c.cpython-310-aarch64-linux-gnu.so[0m
[38.650s] [100%] Built target zed_msgs__rosidl_typesupport_fastrtps_c__pyext
[38.651s] [100%] Built target zed_msgs__rosidl_typesupport_introspection_c__pyext
[38.651s] [100%] Built target zed_msgs__rosidl_typesupport_c__pyext
[38.689s] Invoked command in '/home/domerrover/ws/build/zed_msgs' returned '0': CMAKE_PREFIX_PATH=${CMAKE_PREFIX_PATH}:/home/domerrover/ws/install/motor_package:/home/domerrover/ws/install/imu_package:/home/domerrover/ws/install/gps_pub_sub:/opt/ros/humble /usr/bin/cmake --build /home/domerrover/ws/build/zed_msgs -- -j6 -l6
[39.519s] Invoking command in '/home/domerrover/ws/build/zed_msgs': CMAKE_PREFIX_PATH=${CMAKE_PREFIX_PATH}:/home/domerrover/ws/install/motor_package:/home/domerrover/ws/install/imu_package:/home/domerrover/ws/install/gps_pub_sub:/opt/ros/humble /usr/bin/cmake --install /home/domerrover/ws/build/zed_msgs
[39.547s] -- Install configuration: "Release"
[39.549s] -- Execute custom install script
[39.549s] -- Symlinking: /home/domerrover/ws/install/zed_msgs/share/ament_index/resource_index/rosidl_interfaces/zed_msgs
[39.580s] -- Symlinking: /home/domerrover/ws/install/zed_msgs/include/zed_msgs/zed_msgs/msg/bounding_box2_df.h
[39.608s] -- Symlinking: /home/domerrover/ws/install/zed_msgs/include/zed_msgs/zed_msgs/msg/bounding_box2_di.h
[39.635s] -- Symlinking: /home/domerrover/ws/install/zed_msgs/include/zed_msgs/zed_msgs/msg/bounding_box3_d.h
[39.661s] -- Symlinking: /home/domerrover/ws/install/zed_msgs/include/zed_msgs/zed_msgs/msg/depth_info_stamped.h
[39.684s] -- Symlinking: /home/domerrover/ws/install/zed_msgs/include/zed_msgs/zed_msgs/msg/detail/bounding_box2_df__functions.h
[39.710s] -- Symlinking: /home/domerrover/ws/install/zed_msgs/include/zed_msgs/zed_msgs/msg/detail/bounding_box2_df__struct.h
[39.736s] -- Symlinking: /home/domerrover/ws/install/zed_msgs/include/zed_msgs/zed_msgs/msg/detail/bounding_box2_df__type_support.h
[39.763s] -- Symlinking: /home/domerrover/ws/install/zed_msgs/include/zed_msgs/zed_msgs/msg/detail/bounding_box2_di__functions.h
[39.789s] -- Symlinking: /home/domerrover/ws/install/zed_msgs/include/zed_msgs/zed_msgs/msg/detail/bounding_box2_di__struct.h
[39.817s] -- Symlinking: /home/domerrover/ws/install/zed_msgs/include/zed_msgs/zed_msgs/msg/detail/bounding_box2_di__type_support.h
[39.845s] -- Symlinking: /home/domerrover/ws/install/zed_msgs/include/zed_msgs/zed_msgs/msg/detail/bounding_box3_d__functions.h
[39.872s] -- Symlinking: /home/domerrover/ws/install/zed_msgs/include/zed_msgs/zed_msgs/msg/detail/bounding_box3_d__struct.h
[39.899s] -- Symlinking: /home/domerrover/ws/install/zed_msgs/include/zed_msgs/zed_msgs/msg/detail/bounding_box3_d__type_support.h
[39.926s] -- Symlinking: /home/domerrover/ws/install/zed_msgs/include/zed_msgs/zed_msgs/msg/detail/depth_info_stamped__functions.h
[39.953s] -- Symlinking: /home/domerrover/ws/install/zed_msgs/include/zed_msgs/zed_msgs/msg/detail/depth_info_stamped__struct.h
[39.979s] -- Symlinking: /home/domerrover/ws/install/zed_msgs/include/zed_msgs/zed_msgs/msg/detail/depth_info_stamped__type_support.h
[40.006s] -- Symlinking: /home/domerrover/ws/install/zed_msgs/include/zed_msgs/zed_msgs/msg/detail/gnss_fusion_status__functions.h
[40.033s] -- Symlinking: /home/domerrover/ws/install/zed_msgs/include/zed_msgs/zed_msgs/msg/detail/gnss_fusion_status__struct.h
[40.059s] -- Symlinking: /home/domerrover/ws/install/zed_msgs/include/zed_msgs/zed_msgs/msg/detail/gnss_fusion_status__type_support.h
[40.085s] -- Symlinking: /home/domerrover/ws/install/zed_msgs/include/zed_msgs/zed_msgs/msg/detail/heartbeat__functions.h
[40.113s] -- Symlinking: /home/domerrover/ws/install/zed_msgs/include/zed_msgs/zed_msgs/msg/detail/heartbeat__struct.h
[40.140s] -- Symlinking: /home/domerrover/ws/install/zed_msgs/include/zed_msgs/zed_msgs/msg/detail/heartbeat__type_support.h
[40.167s] -- Symlinking: /home/domerrover/ws/install/zed_msgs/include/zed_msgs/zed_msgs/msg/detail/keypoint2_df__functions.h
[40.194s] -- Symlinking: /home/domerrover/ws/install/zed_msgs/include/zed_msgs/zed_msgs/msg/detail/keypoint2_df__struct.h
[40.220s] -- Symlinking: /home/domerrover/ws/install/zed_msgs/include/zed_msgs/zed_msgs/msg/detail/keypoint2_df__type_support.h
[40.247s] -- Symlinking: /home/domerrover/ws/install/zed_msgs/include/zed_msgs/zed_msgs/msg/detail/keypoint2_di__functions.h
[40.275s] -- Symlinking: /home/domerrover/ws/install/zed_msgs/include/zed_msgs/zed_msgs/msg/detail/keypoint2_di__struct.h
[40.303s] -- Symlinking: /home/domerrover/ws/install/zed_msgs/include/zed_msgs/zed_msgs/msg/detail/keypoint2_di__type_support.h
[40.330s] -- Symlinking: /home/domerrover/ws/install/zed_msgs/include/zed_msgs/zed_msgs/msg/detail/keypoint3_d__functions.h
[40.357s] -- Symlinking: /home/domerrover/ws/install/zed_msgs/include/zed_msgs/zed_msgs/msg/detail/keypoint3_d__struct.h
[40.383s] -- Symlinking: /home/domerrover/ws/install/zed_msgs/include/zed_msgs/zed_msgs/msg/detail/keypoint3_d__type_support.h
[40.409s] -- Symlinking: /home/domerrover/ws/install/zed_msgs/include/zed_msgs/zed_msgs/msg/detail/mag_heading_status__functions.h
[40.436s] -- Symlinking: /home/domerrover/ws/install/zed_msgs/include/zed_msgs/zed_msgs/msg/detail/mag_heading_status__struct.h
[40.462s] -- Symlinking: /home/domerrover/ws/install/zed_msgs/include/zed_msgs/zed_msgs/msg/detail/mag_heading_status__type_support.h
[40.488s] -- Symlinking: /home/domerrover/ws/install/zed_msgs/include/zed_msgs/zed_msgs/msg/detail/object__functions.h
[40.514s] -- Symlinking: /home/domerrover/ws/install/zed_msgs/include/zed_msgs/zed_msgs/msg/detail/object__struct.h
[40.541s] -- Symlinking: /home/domerrover/ws/install/zed_msgs/include/zed_msgs/zed_msgs/msg/detail/object__type_support.h
[40.567s] -- Symlinking: /home/domerrover/ws/install/zed_msgs/include/zed_msgs/zed_msgs/msg/detail/objects_stamped__functions.h
[40.593s] -- Symlinking: /home/domerrover/ws/install/zed_msgs/include/zed_msgs/zed_msgs/msg/detail/objects_stamped__struct.h
[40.620s] -- Symlinking: /home/domerrover/ws/install/zed_msgs/include/zed_msgs/zed_msgs/msg/detail/objects_stamped__type_support.h
[40.645s] -- Symlinking: /home/domerrover/ws/install/zed_msgs/include/zed_msgs/zed_msgs/msg/detail/plane_stamped__functions.h
[40.671s] -- Symlinking: /home/domerrover/ws/install/zed_msgs/include/zed_msgs/zed_msgs/msg/detail/plane_stamped__struct.h
[40.698s] -- Symlinking: /home/domerrover/ws/install/zed_msgs/include/zed_msgs/zed_msgs/msg/detail/plane_stamped__type_support.h
[40.724s] -- Symlinking: /home/domerrover/ws/install/zed_msgs/include/zed_msgs/zed_msgs/msg/detail/pos_track_status__functions.h
[40.751s] -- Symlinking: /home/domerrover/ws/install/zed_msgs/include/zed_msgs/zed_msgs/msg/detail/pos_track_status__struct.h
[40.778s] -- Symlinking: /home/domerrover/ws/install/zed_msgs/include/zed_msgs/zed_msgs/msg/detail/pos_track_status__type_support.h
[40.804s] -- Symlinking: /home/domerrover/ws/install/zed_msgs/include/zed_msgs/zed_msgs/msg/detail/skeleton2_d__functions.h
[40.831s] -- Symlinking: /home/domerrover/ws/install/zed_msgs/include/zed_msgs/zed_msgs/msg/detail/skeleton2_d__struct.h
[40.858s] -- Symlinking: /home/domerrover/ws/install/zed_msgs/include/zed_msgs/zed_msgs/msg/detail/skeleton2_d__type_support.h
[40.884s] -- Symlinking: /home/domerrover/ws/install/zed_msgs/include/zed_msgs/zed_msgs/msg/detail/skeleton3_d__functions.h
[40.910s] -- Symlinking: /home/domerrover/ws/install/zed_msgs/include/zed_msgs/zed_msgs/msg/detail/skeleton3_d__struct.h
[40.937s] -- Symlinking: /home/domerrover/ws/install/zed_msgs/include/zed_msgs/zed_msgs/msg/detail/skeleton3_d__type_support.h
[40.964s] -- Symlinking: /home/domerrover/ws/install/zed_msgs/include/zed_msgs/zed_msgs/msg/gnss_fusion_status.h
[40.991s] -- Symlinking: /home/domerrover/ws/install/zed_msgs/include/zed_msgs/zed_msgs/msg/heartbeat.h
[41.019s] -- Symlinking: /home/domerrover/ws/install/zed_msgs/include/zed_msgs/zed_msgs/msg/keypoint2_df.h
[41.045s] -- Symlinking: /home/domerrover/ws/install/zed_msgs/include/zed_msgs/zed_msgs/msg/keypoint2_di.h
[41.072s] -- Symlinking: /home/domerrover/ws/install/zed_msgs/include/zed_msgs/zed_msgs/msg/keypoint3_d.h
[41.099s] -- Symlinking: /home/domerrover/ws/install/zed_msgs/include/zed_msgs/zed_msgs/msg/mag_heading_status.h
[41.126s] -- Symlinking: /home/domerrover/ws/install/zed_msgs/include/zed_msgs/zed_msgs/msg/object.h
[41.153s] -- Symlinking: /home/domerrover/ws/install/zed_msgs/include/zed_msgs/zed_msgs/msg/objects_stamped.h
[41.180s] -- Symlinking: /home/domerrover/ws/install/zed_msgs/include/zed_msgs/zed_msgs/msg/plane_stamped.h
[41.208s] -- Symlinking: /home/domerrover/ws/install/zed_msgs/include/zed_msgs/zed_msgs/msg/pos_track_status.h
[41.235s] -- Symlinking: /home/domerrover/ws/install/zed_msgs/include/zed_msgs/zed_msgs/msg/rosidl_generator_c__visibility_control.h
[41.262s] -- Symlinking: /home/domerrover/ws/install/zed_msgs/include/zed_msgs/zed_msgs/msg/skeleton2_d.h
[41.288s] -- Symlinking: /home/domerrover/ws/install/zed_msgs/include/zed_msgs/zed_msgs/msg/skeleton3_d.h
[41.316s] -- Symlinking: /home/domerrover/ws/install/zed_msgs/include/zed_msgs/zed_msgs/srv/detail/set_pose__functions.h
[41.343s] -- Symlinking: /home/domerrover/ws/install/zed_msgs/include/zed_msgs/zed_msgs/srv/detail/set_pose__struct.h
[41.369s] -- Symlinking: /home/domerrover/ws/install/zed_msgs/include/zed_msgs/zed_msgs/srv/detail/set_pose__type_support.h
[41.397s] -- Symlinking: /home/domerrover/ws/install/zed_msgs/include/zed_msgs/zed_msgs/srv/detail/set_roi__functions.h
[41.423s] -- Symlinking: /home/domerrover/ws/install/zed_msgs/include/zed_msgs/zed_msgs/srv/detail/set_roi__struct.h
[41.449s] -- Symlinking: /home/domerrover/ws/install/zed_msgs/include/zed_msgs/zed_msgs/srv/detail/set_roi__type_support.h
[41.477s] -- Symlinking: /home/domerrover/ws/install/zed_msgs/include/zed_msgs/zed_msgs/srv/detail/start_svo_rec__functions.h
[41.505s] -- Symlinking: /home/domerrover/ws/install/zed_msgs/include/zed_msgs/zed_msgs/srv/detail/start_svo_rec__struct.h
[41.536s] -- Symlinking: /home/domerrover/ws/install/zed_msgs/include/zed_msgs/zed_msgs/srv/detail/start_svo_rec__type_support.h
[41.565s] -- Symlinking: /home/domerrover/ws/install/zed_msgs/include/zed_msgs/zed_msgs/srv/set_pose.h
[41.590s] -- Symlinking: /home/domerrover/ws/install/zed_msgs/include/zed_msgs/zed_msgs/srv/set_roi.h
[41.617s] -- Symlinking: /home/domerrover/ws/install/zed_msgs/include/zed_msgs/zed_msgs/srv/start_svo_rec.h
[41.644s] -- Symlinking: /home/domerrover/ws/install/zed_msgs/share/zed_msgs/environment/library_path.sh
[41.671s] -- Symlinking: /home/domerrover/ws/install/zed_msgs/share/zed_msgs/environment/library_path.dsv
[41.701s] -- Symlinking: /home/domerrover/ws/install/zed_msgs/include/zed_msgs/zed_msgs/msg/detail/bounding_box2_df__rosidl_typesupport_fastrtps_c.h
[41.729s] -- Symlinking: /home/domerrover/ws/install/zed_msgs/include/zed_msgs/zed_msgs/msg/detail/bounding_box2_di__rosidl_typesupport_fastrtps_c.h
[41.755s] -- Symlinking: /home/domerrover/ws/install/zed_msgs/include/zed_msgs/zed_msgs/msg/detail/bounding_box3_d__rosidl_typesupport_fastrtps_c.h
[41.781s] -- Symlinking: /home/domerrover/ws/install/zed_msgs/include/zed_msgs/zed_msgs/msg/detail/depth_info_stamped__rosidl_typesupport_fastrtps_c.h
[41.807s] -- Symlinking: /home/domerrover/ws/install/zed_msgs/include/zed_msgs/zed_msgs/msg/detail/gnss_fusion_status__rosidl_typesupport_fastrtps_c.h
[41.833s] -- Symlinking: /home/domerrover/ws/install/zed_msgs/include/zed_msgs/zed_msgs/msg/detail/heartbeat__rosidl_typesupport_fastrtps_c.h
[41.859s] -- Symlinking: /home/domerrover/ws/install/zed_msgs/include/zed_msgs/zed_msgs/msg/detail/keypoint2_df__rosidl_typesupport_fastrtps_c.h
[41.886s] -- Symlinking: /home/domerrover/ws/install/zed_msgs/include/zed_msgs/zed_msgs/msg/detail/keypoint2_di__rosidl_typesupport_fastrtps_c.h
[41.912s] -- Symlinking: /home/domerrover/ws/install/zed_msgs/include/zed_msgs/zed_msgs/msg/detail/keypoint3_d__rosidl_typesupport_fastrtps_c.h
[41.939s] -- Symlinking: /home/domerrover/ws/install/zed_msgs/include/zed_msgs/zed_msgs/msg/detail/mag_heading_status__rosidl_typesupport_fastrtps_c.h
[41.966s] -- Symlinking: /home/domerrover/ws/install/zed_msgs/include/zed_msgs/zed_msgs/msg/detail/object__rosidl_typesupport_fastrtps_c.h
[41.992s] -- Symlinking: /home/domerrover/ws/install/zed_msgs/include/zed_msgs/zed_msgs/msg/detail/objects_stamped__rosidl_typesupport_fastrtps_c.h
[42.019s] -- Symlinking: /home/domerrover/ws/install/zed_msgs/include/zed_msgs/zed_msgs/msg/detail/plane_stamped__rosidl_typesupport_fastrtps_c.h
[42.044s] -- Symlinking: /home/domerrover/ws/install/zed_msgs/include/zed_msgs/zed_msgs/msg/detail/pos_track_status__rosidl_typesupport_fastrtps_c.h
[42.071s] -- Symlinking: /home/domerrover/ws/install/zed_msgs/include/zed_msgs/zed_msgs/msg/detail/skeleton2_d__rosidl_typesupport_fastrtps_c.h
[42.098s] -- Symlinking: /home/domerrover/ws/install/zed_msgs/include/zed_msgs/zed_msgs/msg/detail/skeleton3_d__rosidl_typesupport_fastrtps_c.h
[42.123s] -- Symlinking: /home/domerrover/ws/install/zed_msgs/include/zed_msgs/zed_msgs/msg/rosidl_typesupport_fastrtps_c__visibility_control.h
[42.150s] -- Symlinking: /home/domerrover/ws/install/zed_msgs/include/zed_msgs/zed_msgs/srv/detail/set_pose__rosidl_typesupport_fastrtps_c.h
[42.177s] -- Symlinking: /home/domerrover/ws/install/zed_msgs/include/zed_msgs/zed_msgs/srv/detail/set_roi__rosidl_typesupport_fastrtps_c.h
[42.203s] -- Symlinking: /home/domerrover/ws/install/zed_msgs/include/zed_msgs/zed_msgs/srv/detail/start_svo_rec__rosidl_typesupport_fastrtps_c.h
[42.233s] -- Symlinking: /home/domerrover/ws/install/zed_msgs/include/zed_msgs/zed_msgs/msg/bounding_box2_df.hpp
[42.263s] -- Symlinking: /home/domerrover/ws/install/zed_msgs/include/zed_msgs/zed_msgs/msg/bounding_box2_di.hpp
[42.289s] -- Symlinking: /home/domerrover/ws/install/zed_msgs/include/zed_msgs/zed_msgs/msg/bounding_box3_d.hpp
[42.317s] -- Symlinking: /home/domerrover/ws/install/zed_msgs/include/zed_msgs/zed_msgs/msg/depth_info_stamped.hpp
[42.344s] -- Symlinking: /home/domerrover/ws/install/zed_msgs/include/zed_msgs/zed_msgs/msg/detail/bounding_box2_df__builder.hpp
[42.372s] -- Symlinking: /home/domerrover/ws/install/zed_msgs/include/zed_msgs/zed_msgs/msg/detail/bounding_box2_df__struct.hpp
[42.398s] -- Symlinking: /home/domerrover/ws/install/zed_msgs/include/zed_msgs/zed_msgs/msg/detail/bounding_box2_df__traits.hpp
[42.425s] -- Symlinking: /home/domerrover/ws/install/zed_msgs/include/zed_msgs/zed_msgs/msg/detail/bounding_box2_di__builder.hpp
[42.452s] -- Symlinking: /home/domerrover/ws/install/zed_msgs/include/zed_msgs/zed_msgs/msg/detail/bounding_box2_di__struct.hpp
[42.479s] -- Symlinking: /home/domerrover/ws/install/zed_msgs/include/zed_msgs/zed_msgs/msg/detail/bounding_box2_di__traits.hpp
[42.508s] -- Symlinking: /home/domerrover/ws/install/zed_msgs/include/zed_msgs/zed_msgs/msg/detail/bounding_box3_d__builder.hpp
[42.535s] -- Symlinking: /home/domerrover/ws/install/zed_msgs/include/zed_msgs/zed_msgs/msg/detail/bounding_box3_d__struct.hpp
[42.561s] -- Symlinking: /home/domerrover/ws/install/zed_msgs/include/zed_msgs/zed_msgs/msg/detail/bounding_box3_d__traits.hpp
[42.589s] -- Symlinking: /home/domerrover/ws/install/zed_msgs/include/zed_msgs/zed_msgs/msg/detail/depth_info_stamped__builder.hpp
[42.615s] -- Symlinking: /home/domerrover/ws/install/zed_msgs/include/zed_msgs/zed_msgs/msg/detail/depth_info_stamped__struct.hpp
[42.642s] -- Symlinking: /home/domerrover/ws/install/zed_msgs/include/zed_msgs/zed_msgs/msg/detail/depth_info_stamped__traits.hpp
[42.668s] -- Symlinking: /home/domerrover/ws/install/zed_msgs/include/zed_msgs/zed_msgs/msg/detail/gnss_fusion_status__builder.hpp
[42.695s] -- Symlinking: /home/domerrover/ws/install/zed_msgs/include/zed_msgs/zed_msgs/msg/detail/gnss_fusion_status__struct.hpp
[42.723s] -- Symlinking: /home/domerrover/ws/install/zed_msgs/include/zed_msgs/zed_msgs/msg/detail/gnss_fusion_status__traits.hpp
[42.750s] -- Symlinking: /home/domerrover/ws/install/zed_msgs/include/zed_msgs/zed_msgs/msg/detail/heartbeat__builder.hpp
[42.777s] -- Symlinking: /home/domerrover/ws/install/zed_msgs/include/zed_msgs/zed_msgs/msg/detail/heartbeat__struct.hpp
[42.804s] -- Symlinking: /home/domerrover/ws/install/zed_msgs/include/zed_msgs/zed_msgs/msg/detail/heartbeat__traits.hpp
[42.831s] -- Symlinking: /home/domerrover/ws/install/zed_msgs/include/zed_msgs/zed_msgs/msg/detail/keypoint2_df__builder.hpp
[42.858s] -- Symlinking: /home/domerrover/ws/install/zed_msgs/include/zed_msgs/zed_msgs/msg/detail/keypoint2_df__struct.hpp
[42.886s] -- Symlinking: /home/domerrover/ws/install/zed_msgs/include/zed_msgs/zed_msgs/msg/detail/keypoint2_df__traits.hpp
[42.911s] -- Symlinking: /home/domerrover/ws/install/zed_msgs/include/zed_msgs/zed_msgs/msg/detail/keypoint2_di__builder.hpp
[42.938s] -- Symlinking: /home/domerrover/ws/install/zed_msgs/include/zed_msgs/zed_msgs/msg/detail/keypoint2_di__struct.hpp
[42.964s] -- Symlinking: /home/domerrover/ws/install/zed_msgs/include/zed_msgs/zed_msgs/msg/detail/keypoint2_di__traits.hpp
[42.991s] -- Symlinking: /home/domerrover/ws/install/zed_msgs/include/zed_msgs/zed_msgs/msg/detail/keypoint3_d__builder.hpp
[43.019s] -- Symlinking: /home/domerrover/ws/install/zed_msgs/include/zed_msgs/zed_msgs/msg/detail/keypoint3_d__struct.hpp
[43.044s] -- Symlinking: /home/domerrover/ws/install/zed_msgs/include/zed_msgs/zed_msgs/msg/detail/keypoint3_d__traits.hpp
[43.072s] -- Symlinking: /home/domerrover/ws/install/zed_msgs/include/zed_msgs/zed_msgs/msg/detail/mag_heading_status__builder.hpp
[43.098s] -- Symlinking: /home/domerrover/ws/install/zed_msgs/include/zed_msgs/zed_msgs/msg/detail/mag_heading_status__struct.hpp
[43.125s] -- Symlinking: /home/domerrover/ws/install/zed_msgs/include/zed_msgs/zed_msgs/msg/detail/mag_heading_status__traits.hpp
[43.152s] -- Symlinking: /home/domerrover/ws/install/zed_msgs/include/zed_msgs/zed_msgs/msg/detail/object__builder.hpp
[43.178s] -- Symlinking: /home/domerrover/ws/install/zed_msgs/include/zed_msgs/zed_msgs/msg/detail/object__struct.hpp
[43.206s] -- Symlinking: /home/domerrover/ws/install/zed_msgs/include/zed_msgs/zed_msgs/msg/detail/object__traits.hpp
[43.232s] -- Symlinking: /home/domerrover/ws/install/zed_msgs/include/zed_msgs/zed_msgs/msg/detail/objects_stamped__builder.hpp
[43.259s] -- Symlinking: /home/domerrover/ws/install/zed_msgs/include/zed_msgs/zed_msgs/msg/detail/objects_stamped__struct.hpp
[43.288s] -- Symlinking: /home/domerrover/ws/install/zed_msgs/include/zed_msgs/zed_msgs/msg/detail/objects_stamped__traits.hpp
[43.316s] -- Symlinking: /home/domerrover/ws/install/zed_msgs/include/zed_msgs/zed_msgs/msg/detail/plane_stamped__builder.hpp
[43.342s] -- Symlinking: /home/domerrover/ws/install/zed_msgs/include/zed_msgs/zed_msgs/msg/detail/plane_stamped__struct.hpp
[43.369s] -- Symlinking: /home/domerrover/ws/install/zed_msgs/include/zed_msgs/zed_msgs/msg/detail/plane_stamped__traits.hpp
[43.391s] -- Symlinking: /home/domerrover/ws/install/zed_msgs/include/zed_msgs/zed_msgs/msg/detail/pos_track_status__builder.hpp
[43.418s] -- Symlinking: /home/domerrover/ws/install/zed_msgs/include/zed_msgs/zed_msgs/msg/detail/pos_track_status__struct.hpp
[43.444s] -- Symlinking: /home/domerrover/ws/install/zed_msgs/include/zed_msgs/zed_msgs/msg/detail/pos_track_status__traits.hpp
[43.471s] -- Symlinking: /home/domerrover/ws/install/zed_msgs/include/zed_msgs/zed_msgs/msg/detail/skeleton2_d__builder.hpp
[43.499s] -- Symlinking: /home/domerrover/ws/install/zed_msgs/include/zed_msgs/zed_msgs/msg/detail/skeleton2_d__struct.hpp
[43.525s] -- Symlinking: /home/domerrover/ws/install/zed_msgs/include/zed_msgs/zed_msgs/msg/detail/skeleton2_d__traits.hpp
[43.552s] -- Symlinking: /home/domerrover/ws/install/zed_msgs/include/zed_msgs/zed_msgs/msg/detail/skeleton3_d__builder.hpp
[43.578s] -- Symlinking: /home/domerrover/ws/install/zed_msgs/include/zed_msgs/zed_msgs/msg/detail/skeleton3_d__struct.hpp
[43.606s] -- Symlinking: /home/domerrover/ws/install/zed_msgs/include/zed_msgs/zed_msgs/msg/detail/skeleton3_d__traits.hpp
[43.632s] -- Symlinking: /home/domerrover/ws/install/zed_msgs/include/zed_msgs/zed_msgs/msg/gnss_fusion_status.hpp
[43.659s] -- Symlinking: /home/domerrover/ws/install/zed_msgs/include/zed_msgs/zed_msgs/msg/heartbeat.hpp
[43.687s] -- Symlinking: /home/domerrover/ws/install/zed_msgs/include/zed_msgs/zed_msgs/msg/keypoint2_df.hpp
[43.713s] -- Symlinking: /home/domerrover/ws/install/zed_msgs/include/zed_msgs/zed_msgs/msg/keypoint2_di.hpp
[43.739s] -- Symlinking: /home/domerrover/ws/install/zed_msgs/include/zed_msgs/zed_msgs/msg/keypoint3_d.hpp
[43.766s] -- Symlinking: /home/domerrover/ws/install/zed_msgs/include/zed_msgs/zed_msgs/msg/mag_heading_status.hpp
[43.792s] -- Symlinking: /home/domerrover/ws/install/zed_msgs/include/zed_msgs/zed_msgs/msg/object.hpp
[43.820s] -- Symlinking: /home/domerrover/ws/install/zed_msgs/include/zed_msgs/zed_msgs/msg/objects_stamped.hpp
[43.846s] -- Symlinking: /home/domerrover/ws/install/zed_msgs/include/zed_msgs/zed_msgs/msg/plane_stamped.hpp
[43.873s] -- Symlinking: /home/domerrover/ws/install/zed_msgs/include/zed_msgs/zed_msgs/msg/pos_track_status.hpp
[43.900s] -- Symlinking: /home/domerrover/ws/install/zed_msgs/include/zed_msgs/zed_msgs/msg/skeleton2_d.hpp
[43.927s] -- Symlinking: /home/domerrover/ws/install/zed_msgs/include/zed_msgs/zed_msgs/msg/skeleton3_d.hpp
[43.955s] -- Symlinking: /home/domerrover/ws/install/zed_msgs/include/zed_msgs/zed_msgs/srv/detail/set_pose__builder.hpp
[43.981s] -- Symlinking: /home/domerrover/ws/install/zed_msgs/include/zed_msgs/zed_msgs/srv/detail/set_pose__struct.hpp
[44.008s] -- Symlinking: /home/domerrover/ws/install/zed_msgs/include/zed_msgs/zed_msgs/srv/detail/set_pose__traits.hpp
[44.034s] -- Symlinking: /home/domerrover/ws/install/zed_msgs/include/zed_msgs/zed_msgs/srv/detail/set_roi__builder.hpp
[44.074s] -- Symlinking: /home/domerrover/ws/install/zed_msgs/include/zed_msgs/zed_msgs/srv/detail/set_roi__struct.hpp
[44.102s] -- Symlinking: /home/domerrover/ws/install/zed_msgs/include/zed_msgs/zed_msgs/srv/detail/set_roi__traits.hpp
[44.129s] -- Symlinking: /home/domerrover/ws/install/zed_msgs/include/zed_msgs/zed_msgs/srv/detail/start_svo_rec__builder.hpp
[44.157s] -- Symlinking: /home/domerrover/ws/install/zed_msgs/include/zed_msgs/zed_msgs/srv/detail/start_svo_rec__struct.hpp
[44.184s] -- Symlinking: /home/domerrover/ws/install/zed_msgs/include/zed_msgs/zed_msgs/srv/detail/start_svo_rec__traits.hpp
[44.211s] -- Symlinking: /home/domerrover/ws/install/zed_msgs/include/zed_msgs/zed_msgs/srv/set_pose.hpp
[44.237s] -- Symlinking: /home/domerrover/ws/install/zed_msgs/include/zed_msgs/zed_msgs/srv/set_roi.hpp
[44.259s] -- Symlinking: /home/domerrover/ws/install/zed_msgs/include/zed_msgs/zed_msgs/srv/start_svo_rec.hpp
[44.289s] -- Symlinking: /home/domerrover/ws/install/zed_msgs/include/zed_msgs/zed_msgs/msg/detail/bounding_box2_df__rosidl_typesupport_fastrtps_cpp.hpp
[44.318s] -- Symlinking: /home/domerrover/ws/install/zed_msgs/include/zed_msgs/zed_msgs/msg/detail/bounding_box2_di__rosidl_typesupport_fastrtps_cpp.hpp
[44.346s] -- Symlinking: /home/domerrover/ws/install/zed_msgs/include/zed_msgs/zed_msgs/msg/detail/bounding_box3_d__rosidl_typesupport_fastrtps_cpp.hpp
[44.373s] -- Symlinking: /home/domerrover/ws/install/zed_msgs/include/zed_msgs/zed_msgs/msg/detail/depth_info_stamped__rosidl_typesupport_fastrtps_cpp.hpp
[44.400s] -- Symlinking: /home/domerrover/ws/install/zed_msgs/include/zed_msgs/zed_msgs/msg/detail/gnss_fusion_status__rosidl_typesupport_fastrtps_cpp.hpp
[44.428s] -- Symlinking: /home/domerrover/ws/install/zed_msgs/include/zed_msgs/zed_msgs/msg/detail/heartbeat__rosidl_typesupport_fastrtps_cpp.hpp
[44.454s] -- Symlinking: /home/domerrover/ws/install/zed_msgs/include/zed_msgs/zed_msgs/msg/detail/keypoint2_df__rosidl_typesupport_fastrtps_cpp.hpp
[44.481s] -- Symlinking: /home/domerrover/ws/install/zed_msgs/include/zed_msgs/zed_msgs/msg/detail/keypoint2_di__rosidl_typesupport_fastrtps_cpp.hpp
[44.508s] -- Symlinking: /home/domerrover/ws/install/zed_msgs/include/zed_msgs/zed_msgs/msg/detail/keypoint3_d__rosidl_typesupport_fastrtps_cpp.hpp
[44.535s] -- Symlinking: /home/domerrover/ws/install/zed_msgs/include/zed_msgs/zed_msgs/msg/detail/mag_heading_status__rosidl_typesupport_fastrtps_cpp.hpp
[44.562s] -- Symlinking: /home/domerrover/ws/install/zed_msgs/include/zed_msgs/zed_msgs/msg/detail/object__rosidl_typesupport_fastrtps_cpp.hpp
[44.588s] -- Symlinking: /home/domerrover/ws/install/zed_msgs/include/zed_msgs/zed_msgs/msg/detail/objects_stamped__rosidl_typesupport_fastrtps_cpp.hpp
[44.615s] -- Symlinking: /home/domerrover/ws/install/zed_msgs/include/zed_msgs/zed_msgs/msg/detail/plane_stamped__rosidl_typesupport_fastrtps_cpp.hpp
[44.642s] -- Symlinking: /home/domerrover/ws/install/zed_msgs/include/zed_msgs/zed_msgs/msg/detail/pos_track_status__rosidl_typesupport_fastrtps_cpp.hpp
[44.668s] -- Symlinking: /home/domerrover/ws/install/zed_msgs/include/zed_msgs/zed_msgs/msg/detail/skeleton2_d__rosidl_typesupport_fastrtps_cpp.hpp
[44.695s] -- Symlinking: /home/domerrover/ws/install/zed_msgs/include/zed_msgs/zed_msgs/msg/detail/skeleton3_d__rosidl_typesupport_fastrtps_cpp.hpp
[44.721s] -- Symlinking: /home/domerrover/ws/install/zed_msgs/include/zed_msgs/zed_msgs/msg/rosidl_typesupport_fastrtps_cpp__visibility_control.h
[44.748s] -- Symlinking: /home/domerrover/ws/install/zed_msgs/include/zed_msgs/zed_msgs/srv/detail/set_pose__rosidl_typesupport_fastrtps_cpp.hpp
[44.775s] -- Symlinking: /home/domerrover/ws/install/zed_msgs/include/zed_msgs/zed_msgs/srv/detail/set_roi__rosidl_typesupport_fastrtps_cpp.hpp
[44.802s] -- Symlinking: /home/domerrover/ws/install/zed_msgs/include/zed_msgs/zed_msgs/srv/detail/start_svo_rec__rosidl_typesupport_fastrtps_cpp.hpp
[44.830s] -- Symlinking: /home/domerrover/ws/install/zed_msgs/include/zed_msgs/zed_msgs/msg/detail/bounding_box2_df__rosidl_typesupport_introspection_c.h
[44.858s] -- Symlinking: /home/domerrover/ws/install/zed_msgs/include/zed_msgs/zed_msgs/msg/detail/bounding_box2_di__rosidl_typesupport_introspection_c.h
[44.884s] -- Symlinking: /home/domerrover/ws/install/zed_msgs/include/zed_msgs/zed_msgs/msg/detail/bounding_box3_d__rosidl_typesupport_introspection_c.h
[44.910s] -- Symlinking: /home/domerrover/ws/install/zed_msgs/include/zed_msgs/zed_msgs/msg/detail/depth_info_stamped__rosidl_typesupport_introspection_c.h
[44.937s] -- Symlinking: /home/domerrover/ws/install/zed_msgs/include/zed_msgs/zed_msgs/msg/detail/gnss_fusion_status__rosidl_typesupport_introspection_c.h
[44.964s] -- Symlinking: /home/domerrover/ws/install/zed_msgs/include/zed_msgs/zed_msgs/msg/detail/heartbeat__rosidl_typesupport_introspection_c.h
[44.990s] -- Symlinking: /home/domerrover/ws/install/zed_msgs/include/zed_msgs/zed_msgs/msg/detail/keypoint2_df__rosidl_typesupport_introspection_c.h
[45.016s] -- Symlinking: /home/domerrover/ws/install/zed_msgs/include/zed_msgs/zed_msgs/msg/detail/keypoint2_di__rosidl_typesupport_introspection_c.h
[45.042s] -- Symlinking: /home/domerrover/ws/install/zed_msgs/include/zed_msgs/zed_msgs/msg/detail/keypoint3_d__rosidl_typesupport_introspection_c.h
[45.069s] -- Symlinking: /home/domerrover/ws/install/zed_msgs/include/zed_msgs/zed_msgs/msg/detail/mag_heading_status__rosidl_typesupport_introspection_c.h
[45.096s] -- Symlinking: /home/domerrover/ws/install/zed_msgs/include/zed_msgs/zed_msgs/msg/detail/object__rosidl_typesupport_introspection_c.h
[45.123s] -- Symlinking: /home/domerrover/ws/install/zed_msgs/include/zed_msgs/zed_msgs/msg/detail/objects_stamped__rosidl_typesupport_introspection_c.h
[45.150s] -- Symlinking: /home/domerrover/ws/install/zed_msgs/include/zed_msgs/zed_msgs/msg/detail/plane_stamped__rosidl_typesupport_introspection_c.h
[45.176s] -- Symlinking: /home/domerrover/ws/install/zed_msgs/include/zed_msgs/zed_msgs/msg/detail/pos_track_status__rosidl_typesupport_introspection_c.h
[45.203s] -- Symlinking: /home/domerrover/ws/install/zed_msgs/include/zed_msgs/zed_msgs/msg/detail/skeleton2_d__rosidl_typesupport_introspection_c.h
[45.230s] -- Symlinking: /home/domerrover/ws/install/zed_msgs/include/zed_msgs/zed_msgs/msg/detail/skeleton3_d__rosidl_typesupport_introspection_c.h
[45.256s] -- Symlinking: /home/domerrover/ws/install/zed_msgs/include/zed_msgs/zed_msgs/msg/rosidl_typesupport_introspection_c__visibility_control.h
[45.284s] -- Symlinking: /home/domerrover/ws/install/zed_msgs/include/zed_msgs/zed_msgs/srv/detail/set_pose__rosidl_typesupport_introspection_c.h
[45.310s] -- Symlinking: /home/domerrover/ws/install/zed_msgs/include/zed_msgs/zed_msgs/srv/detail/set_roi__rosidl_typesupport_introspection_c.h
[45.337s] -- Symlinking: /home/domerrover/ws/install/zed_msgs/include/zed_msgs/zed_msgs/srv/detail/start_svo_rec__rosidl_typesupport_introspection_c.h
[45.365s] -- Symlinking: /home/domerrover/ws/install/zed_msgs/include/zed_msgs/zed_msgs/msg/detail/bounding_box2_df__rosidl_typesupport_introspection_cpp.hpp
[45.392s] -- Symlinking: /home/domerrover/ws/install/zed_msgs/include/zed_msgs/zed_msgs/msg/detail/bounding_box2_di__rosidl_typesupport_introspection_cpp.hpp
[45.419s] -- Symlinking: /home/domerrover/ws/install/zed_msgs/include/zed_msgs/zed_msgs/msg/detail/bounding_box3_d__rosidl_typesupport_introspection_cpp.hpp
[45.446s] -- Symlinking: /home/domerrover/ws/install/zed_msgs/include/zed_msgs/zed_msgs/msg/detail/depth_info_stamped__rosidl_typesupport_introspection_cpp.hpp
[45.472s] -- Symlinking: /home/domerrover/ws/install/zed_msgs/include/zed_msgs/zed_msgs/msg/detail/gnss_fusion_status__rosidl_typesupport_introspection_cpp.hpp
[45.499s] -- Symlinking: /home/domerrover/ws/install/zed_msgs/include/zed_msgs/zed_msgs/msg/detail/heartbeat__rosidl_typesupport_introspection_cpp.hpp
[45.525s] -- Symlinking: /home/domerrover/ws/install/zed_msgs/include/zed_msgs/zed_msgs/msg/detail/keypoint2_df__rosidl_typesupport_introspection_cpp.hpp
[45.553s] -- Symlinking: /home/domerrover/ws/install/zed_msgs/include/zed_msgs/zed_msgs/msg/detail/keypoint2_di__rosidl_typesupport_introspection_cpp.hpp
[45.580s] -- Symlinking: /home/domerrover/ws/install/zed_msgs/include/zed_msgs/zed_msgs/msg/detail/keypoint3_d__rosidl_typesupport_introspection_cpp.hpp
[45.608s] -- Symlinking: /home/domerrover/ws/install/zed_msgs/include/zed_msgs/zed_msgs/msg/detail/mag_heading_status__rosidl_typesupport_introspection_cpp.hpp
[45.635s] -- Symlinking: /home/domerrover/ws/install/zed_msgs/include/zed_msgs/zed_msgs/msg/detail/object__rosidl_typesupport_introspection_cpp.hpp
[45.662s] -- Symlinking: /home/domerrover/ws/install/zed_msgs/include/zed_msgs/zed_msgs/msg/detail/objects_stamped__rosidl_typesupport_introspection_cpp.hpp
[45.689s] -- Symlinking: /home/domerrover/ws/install/zed_msgs/include/zed_msgs/zed_msgs/msg/detail/plane_stamped__rosidl_typesupport_introspection_cpp.hpp
[45.715s] -- Symlinking: /home/domerrover/ws/install/zed_msgs/include/zed_msgs/zed_msgs/msg/detail/pos_track_status__rosidl_typesupport_introspection_cpp.hpp
[45.741s] -- Symlinking: /home/domerrover/ws/install/zed_msgs/include/zed_msgs/zed_msgs/msg/detail/skeleton2_d__rosidl_typesupport_introspection_cpp.hpp
[45.768s] -- Symlinking: /home/domerrover/ws/install/zed_msgs/include/zed_msgs/zed_msgs/msg/detail/skeleton3_d__rosidl_typesupport_introspection_cpp.hpp
[45.793s] -- Symlinking: /home/domerrover/ws/install/zed_msgs/include/zed_msgs/zed_msgs/srv/detail/set_pose__rosidl_typesupport_introspection_cpp.hpp
[45.819s] -- Symlinking: /home/domerrover/ws/install/zed_msgs/include/zed_msgs/zed_msgs/srv/detail/set_roi__rosidl_typesupport_introspection_cpp.hpp
[45.845s] -- Symlinking: /home/domerrover/ws/install/zed_msgs/include/zed_msgs/zed_msgs/srv/detail/start_svo_rec__rosidl_typesupport_introspection_cpp.hpp
[45.872s] -- Symlinking: /home/domerrover/ws/install/zed_msgs/share/zed_msgs/environment/pythonpath.sh
[45.902s] -- Symlinking: /home/domerrover/ws/install/zed_msgs/share/zed_msgs/environment/pythonpath.dsv
[45.930s] -- Symlinking: /home/domerrover/ws/install/zed_msgs/local/lib/python3.10/dist-packages/zed_msgs-4.2.1-py3.10.egg-info/PKG-INFO
[45.958s] -- Symlinking: /home/domerrover/ws/install/zed_msgs/local/lib/python3.10/dist-packages/zed_msgs-4.2.1-py3.10.egg-info/SOURCES.txt
[45.985s] -- Symlinking: /home/domerrover/ws/install/zed_msgs/local/lib/python3.10/dist-packages/zed_msgs-4.2.1-py3.10.egg-info/dependency_links.txt
[46.012s] -- Symlinking: /home/domerrover/ws/install/zed_msgs/local/lib/python3.10/dist-packages/zed_msgs-4.2.1-py3.10.egg-info/top_level.txt
[46.042s] -- Symlinking: /home/domerrover/ws/install/zed_msgs/local/lib/python3.10/dist-packages/zed_msgs/__init__.py
[46.070s] -- Symlinking: /home/domerrover/ws/install/zed_msgs/local/lib/python3.10/dist-packages/zed_msgs/_zed_msgs_s.ep.rosidl_typesupport_c.c
[46.101s] -- Symlinking: /home/domerrover/ws/install/zed_msgs/local/lib/python3.10/dist-packages/zed_msgs/_zed_msgs_s.ep.rosidl_typesupport_fastrtps_c.c
[46.129s] -- Symlinking: /home/domerrover/ws/install/zed_msgs/local/lib/python3.10/dist-packages/zed_msgs/_zed_msgs_s.ep.rosidl_typesupport_introspection_c.c
[46.156s] -- Symlinking: /home/domerrover/ws/install/zed_msgs/local/lib/python3.10/dist-packages/zed_msgs/libzed_msgs__rosidl_generator_py.so
[46.182s] -- Symlinking: /home/domerrover/ws/install/zed_msgs/local/lib/python3.10/dist-packages/zed_msgs/msg/__init__.py
[46.209s] -- Symlinking: /home/domerrover/ws/install/zed_msgs/local/lib/python3.10/dist-packages/zed_msgs/msg/_bounding_box2_df.py
[46.235s] -- Symlinking: /home/domerrover/ws/install/zed_msgs/local/lib/python3.10/dist-packages/zed_msgs/msg/_bounding_box2_df_s.c
[46.262s] -- Symlinking: /home/domerrover/ws/install/zed_msgs/local/lib/python3.10/dist-packages/zed_msgs/msg/_bounding_box2_di.py
[46.289s] -- Symlinking: /home/domerrover/ws/install/zed_msgs/local/lib/python3.10/dist-packages/zed_msgs/msg/_bounding_box2_di_s.c
[46.316s] -- Symlinking: /home/domerrover/ws/install/zed_msgs/local/lib/python3.10/dist-packages/zed_msgs/msg/_bounding_box3_d.py
[46.344s] -- Symlinking: /home/domerrover/ws/install/zed_msgs/local/lib/python3.10/dist-packages/zed_msgs/msg/_bounding_box3_d_s.c
[46.371s] -- Symlinking: /home/domerrover/ws/install/zed_msgs/local/lib/python3.10/dist-packages/zed_msgs/msg/_depth_info_stamped.py
[46.398s] -- Symlinking: /home/domerrover/ws/install/zed_msgs/local/lib/python3.10/dist-packages/zed_msgs/msg/_depth_info_stamped_s.c
[46.424s] -- Symlinking: /home/domerrover/ws/install/zed_msgs/local/lib/python3.10/dist-packages/zed_msgs/msg/_gnss_fusion_status.py
[46.451s] -- Symlinking: /home/domerrover/ws/install/zed_msgs/local/lib/python3.10/dist-packages/zed_msgs/msg/_gnss_fusion_status_s.c
[46.478s] -- Symlinking: /home/domerrover/ws/install/zed_msgs/local/lib/python3.10/dist-packages/zed_msgs/msg/_heartbeat.py
[46.505s] -- Symlinking: /home/domerrover/ws/install/zed_msgs/local/lib/python3.10/dist-packages/zed_msgs/msg/_heartbeat_s.c
[46.531s] -- Symlinking: /home/domerrover/ws/install/zed_msgs/local/lib/python3.10/dist-packages/zed_msgs/msg/_keypoint2_df.py
[46.558s] -- Symlinking: /home/domerrover/ws/install/zed_msgs/local/lib/python3.10/dist-packages/zed_msgs/msg/_keypoint2_df_s.c
[46.585s] -- Symlinking: /home/domerrover/ws/install/zed_msgs/local/lib/python3.10/dist-packages/zed_msgs/msg/_keypoint2_di.py
[46.612s] -- Symlinking: /home/domerrover/ws/install/zed_msgs/local/lib/python3.10/dist-packages/zed_msgs/msg/_keypoint2_di_s.c
[46.637s] -- Symlinking: /home/domerrover/ws/install/zed_msgs/local/lib/python3.10/dist-packages/zed_msgs/msg/_keypoint3_d.py
[46.664s] -- Symlinking: /home/domerrover/ws/install/zed_msgs/local/lib/python3.10/dist-packages/zed_msgs/msg/_keypoint3_d_s.c
[46.692s] -- Symlinking: /home/domerrover/ws/install/zed_msgs/local/lib/python3.10/dist-packages/zed_msgs/msg/_mag_heading_status.py
[46.717s] -- Symlinking: /home/domerrover/ws/install/zed_msgs/local/lib/python3.10/dist-packages/zed_msgs/msg/_mag_heading_status_s.c
[46.744s] -- Symlinking: /home/domerrover/ws/install/zed_msgs/local/lib/python3.10/dist-packages/zed_msgs/msg/_object.py
[46.771s] -- Symlinking: /home/domerrover/ws/install/zed_msgs/local/lib/python3.10/dist-packages/zed_msgs/msg/_object_s.c
[46.797s] -- Symlinking: /home/domerrover/ws/install/zed_msgs/local/lib/python3.10/dist-packages/zed_msgs/msg/_objects_stamped.py
[46.823s] -- Symlinking: /home/domerrover/ws/install/zed_msgs/local/lib/python3.10/dist-packages/zed_msgs/msg/_objects_stamped_s.c
[46.849s] -- Symlinking: /home/domerrover/ws/install/zed_msgs/local/lib/python3.10/dist-packages/zed_msgs/msg/_plane_stamped.py
[46.876s] -- Symlinking: /home/domerrover/ws/install/zed_msgs/local/lib/python3.10/dist-packages/zed_msgs/msg/_plane_stamped_s.c
[46.903s] -- Symlinking: /home/domerrover/ws/install/zed_msgs/local/lib/python3.10/dist-packages/zed_msgs/msg/_pos_track_status.py
[46.929s] -- Symlinking: /home/domerrover/ws/install/zed_msgs/local/lib/python3.10/dist-packages/zed_msgs/msg/_pos_track_status_s.c
[46.954s] -- Symlinking: /home/domerrover/ws/install/zed_msgs/local/lib/python3.10/dist-packages/zed_msgs/msg/_skeleton2_d.py
[46.980s] -- Symlinking: /home/domerrover/ws/install/zed_msgs/local/lib/python3.10/dist-packages/zed_msgs/msg/_skeleton2_d_s.c
[47.008s] -- Symlinking: /home/domerrover/ws/install/zed_msgs/local/lib/python3.10/dist-packages/zed_msgs/msg/_skeleton3_d.py
[47.037s] -- Symlinking: /home/domerrover/ws/install/zed_msgs/local/lib/python3.10/dist-packages/zed_msgs/msg/_skeleton3_d_s.c
[47.064s] -- Symlinking: /home/domerrover/ws/install/zed_msgs/local/lib/python3.10/dist-packages/zed_msgs/srv/__init__.py
[47.091s] -- Symlinking: /home/domerrover/ws/install/zed_msgs/local/lib/python3.10/dist-packages/zed_msgs/srv/_set_pose.py
[47.117s] -- Symlinking: /home/domerrover/ws/install/zed_msgs/local/lib/python3.10/dist-packages/zed_msgs/srv/_set_pose_s.c
[47.144s] -- Symlinking: /home/domerrover/ws/install/zed_msgs/local/lib/python3.10/dist-packages/zed_msgs/srv/_set_roi.py
[47.171s] -- Symlinking: /home/domerrover/ws/install/zed_msgs/local/lib/python3.10/dist-packages/zed_msgs/srv/_set_roi_s.c
[47.199s] -- Symlinking: /home/domerrover/ws/install/zed_msgs/local/lib/python3.10/dist-packages/zed_msgs/srv/_start_svo_rec.py
[47.226s] -- Symlinking: /home/domerrover/ws/install/zed_msgs/local/lib/python3.10/dist-packages/zed_msgs/srv/_start_svo_rec_s.c
[47.253s] -- Symlinking: /home/domerrover/ws/install/zed_msgs/local/lib/python3.10/dist-packages/zed_msgs/zed_msgs_s__rosidl_typesupport_c.cpython-310-aarch64-linux-gnu.so
[47.280s] -- Symlinking: /home/domerrover/ws/install/zed_msgs/local/lib/python3.10/dist-packages/zed_msgs/zed_msgs_s__rosidl_typesupport_fastrtps_c.cpython-310-aarch64-linux-gnu.so
[47.306s] -- Symlinking: /home/domerrover/ws/install/zed_msgs/local/lib/python3.10/dist-packages/zed_msgs/zed_msgs_s__rosidl_typesupport_introspection_c.cpython-310-aarch64-linux-gnu.so
[47.333s] -- Up-to-date symlink: /home/domerrover/ws/install/zed_msgs/local/lib/python3.10/dist-packages/zed_msgs/zed_msgs_s__rosidl_typesupport_fastrtps_c.cpython-310-aarch64-linux-gnu.so
[47.334s] -- Up-to-date symlink: /home/domerrover/ws/install/zed_msgs/local/lib/python3.10/dist-packages/zed_msgs/zed_msgs_s__rosidl_typesupport_introspection_c.cpython-310-aarch64-linux-gnu.so
[47.334s] -- Up-to-date symlink: /home/domerrover/ws/install/zed_msgs/local/lib/python3.10/dist-packages/zed_msgs/zed_msgs_s__rosidl_typesupport_c.cpython-310-aarch64-linux-gnu.so
[47.335s] -- Symlinking: /home/domerrover/ws/install/zed_msgs/share/zed_msgs/msg/Object.idl
[47.362s] -- Symlinking: /home/domerrover/ws/install/zed_msgs/share/zed_msgs/msg/ObjectsStamped.idl
[47.390s] -- Symlinking: /home/domerrover/ws/install/zed_msgs/share/zed_msgs/msg/Keypoint2Di.idl
[47.417s] -- Symlinking: /home/domerrover/ws/install/zed_msgs/share/zed_msgs/msg/Keypoint2Df.idl
[47.444s] -- Symlinking: /home/domerrover/ws/install/zed_msgs/share/zed_msgs/msg/Keypoint3D.idl
[47.473s] -- Symlinking: /home/domerrover/ws/install/zed_msgs/share/zed_msgs/msg/BoundingBox2Di.idl
[47.500s] -- Symlinking: /home/domerrover/ws/install/zed_msgs/share/zed_msgs/msg/BoundingBox2Df.idl
[47.527s] -- Symlinking: /home/domerrover/ws/install/zed_msgs/share/zed_msgs/msg/BoundingBox3D.idl
[47.555s] -- Symlinking: /home/domerrover/ws/install/zed_msgs/share/zed_msgs/msg/Skeleton2D.idl
[47.581s] -- Symlinking: /home/domerrover/ws/install/zed_msgs/share/zed_msgs/msg/Skeleton3D.idl
[47.607s] -- Symlinking: /home/domerrover/ws/install/zed_msgs/share/zed_msgs/msg/DepthInfoStamped.idl
[47.633s] -- Symlinking: /home/domerrover/ws/install/zed_msgs/share/zed_msgs/msg/PlaneStamped.idl
[47.658s] -- Symlinking: /home/domerrover/ws/install/zed_msgs/share/zed_msgs/msg/PosTrackStatus.idl
[47.686s] -- Symlinking: /home/domerrover/ws/install/zed_msgs/share/zed_msgs/msg/GnssFusionStatus.idl
[47.712s] -- Symlinking: /home/domerrover/ws/install/zed_msgs/share/zed_msgs/msg/Heartbeat.idl
[47.739s] -- Symlinking: /home/domerrover/ws/install/zed_msgs/share/zed_msgs/msg/MagHeadingStatus.idl
[47.766s] -- Symlinking: /home/domerrover/ws/install/zed_msgs/share/zed_msgs/srv/SetPose.idl
[47.791s] -- Symlinking: /home/domerrover/ws/install/zed_msgs/share/zed_msgs/srv/StartSvoRec.idl
[47.819s] -- Symlinking: /home/domerrover/ws/install/zed_msgs/share/zed_msgs/srv/SetROI.idl
[47.845s] -- Symlinking: /home/domerrover/ws/install/zed_msgs/share/zed_msgs/msg/Object.msg
[47.870s] -- Symlinking: /home/domerrover/ws/install/zed_msgs/share/zed_msgs/msg/ObjectsStamped.msg
[47.896s] -- Symlinking: /home/domerrover/ws/install/zed_msgs/share/zed_msgs/msg/Keypoint2Di.msg
[47.923s] -- Symlinking: /home/domerrover/ws/install/zed_msgs/share/zed_msgs/msg/Keypoint2Df.msg
[47.949s] -- Symlinking: /home/domerrover/ws/install/zed_msgs/share/zed_msgs/msg/Keypoint3D.msg
[47.977s] -- Symlinking: /home/domerrover/ws/install/zed_msgs/share/zed_msgs/msg/BoundingBox2Di.msg
[48.003s] -- Symlinking: /home/domerrover/ws/install/zed_msgs/share/zed_msgs/msg/BoundingBox2Df.msg
[48.029s] -- Symlinking: /home/domerrover/ws/install/zed_msgs/share/zed_msgs/msg/BoundingBox3D.msg
[48.057s] -- Symlinking: /home/domerrover/ws/install/zed_msgs/share/zed_msgs/msg/Skeleton2D.msg
[48.085s] -- Symlinking: /home/domerrover/ws/install/zed_msgs/share/zed_msgs/msg/Skeleton3D.msg
[48.112s] -- Symlinking: /home/domerrover/ws/install/zed_msgs/share/zed_msgs/msg/DepthInfoStamped.msg
[48.138s] -- Symlinking: /home/domerrover/ws/install/zed_msgs/share/zed_msgs/msg/PlaneStamped.msg
[48.163s] -- Symlinking: /home/domerrover/ws/install/zed_msgs/share/zed_msgs/msg/PosTrackStatus.msg
[48.189s] -- Symlinking: /home/domerrover/ws/install/zed_msgs/share/zed_msgs/msg/GnssFusionStatus.msg
[48.218s] -- Symlinking: /home/domerrover/ws/install/zed_msgs/share/zed_msgs/msg/Heartbeat.msg
[48.244s] -- Symlinking: /home/domerrover/ws/install/zed_msgs/share/zed_msgs/msg/MagHeadingStatus.msg
[48.271s] -- Symlinking: /home/domerrover/ws/install/zed_msgs/share/zed_msgs/srv/SetPose.srv
[48.298s] -- Symlinking: /home/domerrover/ws/install/zed_msgs/share/zed_msgs/srv/SetPose_Request.msg
[48.325s] -- Symlinking: /home/domerrover/ws/install/zed_msgs/share/zed_msgs/srv/SetPose_Response.msg
[48.352s] -- Symlinking: /home/domerrover/ws/install/zed_msgs/share/zed_msgs/srv/StartSvoRec.srv
[48.378s] -- Symlinking: /home/domerrover/ws/install/zed_msgs/share/zed_msgs/srv/StartSvoRec_Request.msg
[48.405s] -- Symlinking: /home/domerrover/ws/install/zed_msgs/share/zed_msgs/srv/StartSvoRec_Response.msg
[48.432s] -- Symlinking: /home/domerrover/ws/install/zed_msgs/share/zed_msgs/srv/SetROI.srv
[48.459s] -- Symlinking: /home/domerrover/ws/install/zed_msgs/share/zed_msgs/srv/SetROI_Request.msg
[48.485s] -- Symlinking: /home/domerrover/ws/install/zed_msgs/share/zed_msgs/srv/SetROI_Response.msg
[48.514s] -- Symlinking: /home/domerrover/ws/install/zed_msgs/share/zed_msgs/meshes/virtual.stl
[48.544s] -- Symlinking: /home/domerrover/ws/install/zed_msgs/share/zed_msgs/meshes/zed.stl
[48.571s] -- Symlinking: /home/domerrover/ws/install/zed_msgs/share/zed_msgs/meshes/zed2.stl
[48.598s] -- Symlinking: /home/domerrover/ws/install/zed_msgs/share/zed_msgs/meshes/zed2i.stl
[48.625s] -- Symlinking: /home/domerrover/ws/install/zed_msgs/share/zed_msgs/meshes/zedm.stl
[48.650s] -- Symlinking: /home/domerrover/ws/install/zed_msgs/share/zed_msgs/meshes/zedx.stl
[48.677s] -- Symlinking: /home/domerrover/ws/install/zed_msgs/share/zed_msgs/meshes/zedxm.stl
[48.702s] -- Symlinking: /home/domerrover/ws/install/zed_msgs/share/zed_msgs/meshes/zedxone4k.stl
[48.730s] -- Symlinking: /home/domerrover/ws/install/zed_msgs/share/zed_msgs/meshes/zedxonegs.stl
[48.757s] -- Symlinking: /home/domerrover/ws/install/zed_msgs/share/ament_index/resource_index/package_run_dependencies/zed_msgs
[48.784s] -- Symlinking: /home/domerrover/ws/install/zed_msgs/share/ament_index/resource_index/parent_prefix_path/zed_msgs
[48.811s] -- Symlinking: /home/domerrover/ws/install/zed_msgs/share/zed_msgs/environment/ament_prefix_path.sh
[48.837s] -- Symlinking: /home/domerrover/ws/install/zed_msgs/share/zed_msgs/environment/ament_prefix_path.dsv
[48.866s] -- Symlinking: /home/domerrover/ws/install/zed_msgs/share/zed_msgs/environment/path.sh
[48.897s] -- Symlinking: /home/domerrover/ws/install/zed_msgs/share/zed_msgs/environment/path.dsv
[48.924s] -- Symlinking: /home/domerrover/ws/install/zed_msgs/share/zed_msgs/local_setup.bash
[48.953s] -- Symlinking: /home/domerrover/ws/install/zed_msgs/share/zed_msgs/local_setup.sh
[48.978s] -- Symlinking: /home/domerrover/ws/install/zed_msgs/share/zed_msgs/local_setup.zsh
[49.005s] -- Symlinking: /home/domerrover/ws/install/zed_msgs/share/zed_msgs/local_setup.dsv
[49.030s] -- Symlinking: /home/domerrover/ws/install/zed_msgs/share/zed_msgs/package.dsv
[49.083s] -- Symlinking: /home/domerrover/ws/install/zed_msgs/share/ament_index/resource_index/packages/zed_msgs
[49.112s] -- Symlinking: /home/domerrover/ws/install/zed_msgs/share/zed_msgs/cmake/rosidl_cmake-extras.cmake
[49.139s] -- Symlinking: /home/domerrover/ws/install/zed_msgs/share/zed_msgs/cmake/ament_cmake_export_dependencies-extras.cmake
[49.166s] -- Symlinking: /home/domerrover/ws/install/zed_msgs/share/zed_msgs/cmake/ament_cmake_export_include_directories-extras.cmake
[49.192s] -- Symlinking: /home/domerrover/ws/install/zed_msgs/share/zed_msgs/cmake/ament_cmake_export_libraries-extras.cmake
[49.218s] -- Symlinking: /home/domerrover/ws/install/zed_msgs/share/zed_msgs/cmake/ament_cmake_export_targets-extras.cmake
[49.244s] -- Symlinking: /home/domerrover/ws/install/zed_msgs/share/zed_msgs/cmake/rosidl_cmake_export_typesupport_targets-extras.cmake
[49.272s] -- Symlinking: /home/domerrover/ws/install/zed_msgs/share/zed_msgs/cmake/rosidl_cmake_export_typesupport_libraries-extras.cmake
[49.298s] -- Symlinking: /home/domerrover/ws/install/zed_msgs/share/zed_msgs/cmake/zed_msgsConfig.cmake
[49.324s] -- Symlinking: /home/domerrover/ws/install/zed_msgs/share/zed_msgs/cmake/zed_msgsConfig-version.cmake
[49.352s] -- Symlinking: /home/domerrover/ws/install/zed_msgs/share/zed_msgs/package.xml
[49.379s] -- Installing: /home/domerrover/ws/install/zed_msgs/lib/libzed_msgs__rosidl_generator_c.so
[49.380s] -- Set runtime path of "/home/domerrover/ws/install/zed_msgs/lib/libzed_msgs__rosidl_generator_c.so" to ""
[49.381s] -- Installing: /home/domerrover/ws/install/zed_msgs/lib/libzed_msgs__rosidl_typesupport_fastrtps_c.so
[49.382s] -- Set runtime path of "/home/domerrover/ws/install/zed_msgs/lib/libzed_msgs__rosidl_typesupport_fastrtps_c.so" to ""
[49.383s] -- Installing: /home/domerrover/ws/install/zed_msgs/lib/libzed_msgs__rosidl_typesupport_fastrtps_cpp.so
[49.384s] -- Set runtime path of "/home/domerrover/ws/install/zed_msgs/lib/libzed_msgs__rosidl_typesupport_fastrtps_cpp.so" to ""
[49.384s] -- Installing: /home/domerrover/ws/install/zed_msgs/lib/libzed_msgs__rosidl_typesupport_introspection_c.so
[49.386s] -- Set runtime path of "/home/domerrover/ws/install/zed_msgs/lib/libzed_msgs__rosidl_typesupport_introspection_c.so" to ""
[49.386s] -- Installing: /home/domerrover/ws/install/zed_msgs/lib/libzed_msgs__rosidl_typesupport_c.so
[49.387s] -- Set runtime path of "/home/domerrover/ws/install/zed_msgs/lib/libzed_msgs__rosidl_typesupport_c.so" to ""
[49.387s] -- Installing: /home/domerrover/ws/install/zed_msgs/lib/libzed_msgs__rosidl_typesupport_introspection_cpp.so
[49.389s] -- Set runtime path of "/home/domerrover/ws/install/zed_msgs/lib/libzed_msgs__rosidl_typesupport_introspection_cpp.so" to ""
[49.389s] -- Installing: /home/domerrover/ws/install/zed_msgs/lib/libzed_msgs__rosidl_typesupport_cpp.so
[49.391s] -- Set runtime path of "/home/domerrover/ws/install/zed_msgs/lib/libzed_msgs__rosidl_typesupport_cpp.so" to ""
[49.520s] Listing '/home/domerrover/ws/install/zed_msgs/local/lib/python3.10/dist-packages/zed_msgs'...
[49.521s] Compiling '/home/domerrover/ws/install/zed_msgs/local/lib/python3.10/dist-packages/zed_msgs/__init__.py'...
[49.521s] Listing '/home/domerrover/ws/install/zed_msgs/local/lib/python3.10/dist-packages/zed_msgs/msg'...
[49.521s] Compiling '/home/domerrover/ws/install/zed_msgs/local/lib/python3.10/dist-packages/zed_msgs/msg/__init__.py'...
[49.521s] Compiling '/home/domerrover/ws/install/zed_msgs/local/lib/python3.10/dist-packages/zed_msgs/msg/_bounding_box2_df.py'...
[49.522s] Compiling '/home/domerrover/ws/install/zed_msgs/local/lib/python3.10/dist-packages/zed_msgs/msg/_bounding_box2_di.py'...
[49.522s] Compiling '/home/domerrover/ws/install/zed_msgs/local/lib/python3.10/dist-packages/zed_msgs/msg/_bounding_box3_d.py'...
[49.522s] Compiling '/home/domerrover/ws/install/zed_msgs/local/lib/python3.10/dist-packages/zed_msgs/msg/_depth_info_stamped.py'...
[49.522s] Compiling '/home/domerrover/ws/install/zed_msgs/local/lib/python3.10/dist-packages/zed_msgs/msg/_gnss_fusion_status.py'...
[49.523s] Compiling '/home/domerrover/ws/install/zed_msgs/local/lib/python3.10/dist-packages/zed_msgs/msg/_heartbeat.py'...
[49.523s] Compiling '/home/domerrover/ws/install/zed_msgs/local/lib/python3.10/dist-packages/zed_msgs/msg/_keypoint2_df.py'...
[49.523s] Compiling '/home/domerrover/ws/install/zed_msgs/local/lib/python3.10/dist-packages/zed_msgs/msg/_keypoint2_di.py'...
[49.523s] Compiling '/home/domerrover/ws/install/zed_msgs/local/lib/python3.10/dist-packages/zed_msgs/msg/_keypoint3_d.py'...
[49.523s] Compiling '/home/domerrover/ws/install/zed_msgs/local/lib/python3.10/dist-packages/zed_msgs/msg/_mag_heading_status.py'...
[49.524s] Compiling '/home/domerrover/ws/install/zed_msgs/local/lib/python3.10/dist-packages/zed_msgs/msg/_object.py'...
[49.524s] Compiling '/home/domerrover/ws/install/zed_msgs/local/lib/python3.10/dist-packages/zed_msgs/msg/_objects_stamped.py'...
[49.524s] Compiling '/home/domerrover/ws/install/zed_msgs/local/lib/python3.10/dist-packages/zed_msgs/msg/_plane_stamped.py'...
[49.524s] Compiling '/home/domerrover/ws/install/zed_msgs/local/lib/python3.10/dist-packages/zed_msgs/msg/_pos_track_status.py'...
[49.524s] Compiling '/home/domerrover/ws/install/zed_msgs/local/lib/python3.10/dist-packages/zed_msgs/msg/_skeleton2_d.py'...
[49.525s] Compiling '/home/domerrover/ws/install/zed_msgs/local/lib/python3.10/dist-packages/zed_msgs/msg/_skeleton3_d.py'...
[49.525s] Listing '/home/domerrover/ws/install/zed_msgs/local/lib/python3.10/dist-packages/zed_msgs/srv'...
[49.525s] Compiling '/home/domerrover/ws/install/zed_msgs/local/lib/python3.10/dist-packages/zed_msgs/srv/__init__.py'...
[49.525s] Compiling '/home/domerrover/ws/install/zed_msgs/local/lib/python3.10/dist-packages/zed_msgs/srv/_set_pose.py'...
[49.526s] Compiling '/home/domerrover/ws/install/zed_msgs/local/lib/python3.10/dist-packages/zed_msgs/srv/_set_roi.py'...
[49.526s] Compiling '/home/domerrover/ws/install/zed_msgs/local/lib/python3.10/dist-packages/zed_msgs/srv/_start_svo_rec.py'...
[49.531s] -- Installing: /home/domerrover/ws/install/zed_msgs/lib/libzed_msgs__rosidl_generator_py.so
[49.532s] -- Set runtime path of "/home/domerrover/ws/install/zed_msgs/lib/libzed_msgs__rosidl_generator_py.so" to ""
[49.533s] -- Installing: /home/domerrover/ws/install/zed_msgs/share/zed_msgs/cmake/export_zed_msgs__rosidl_generator_cExport.cmake
[49.533s] -- Installing: /home/domerrover/ws/install/zed_msgs/share/zed_msgs/cmake/export_zed_msgs__rosidl_generator_cExport-release.cmake
[49.533s] -- Installing: /home/domerrover/ws/install/zed_msgs/share/zed_msgs/cmake/export_zed_msgs__rosidl_typesupport_fastrtps_cExport.cmake
[49.534s] -- Installing: /home/domerrover/ws/install/zed_msgs/share/zed_msgs/cmake/export_zed_msgs__rosidl_typesupport_fastrtps_cExport-release.cmake
[49.534s] -- Installing: /home/domerrover/ws/install/zed_msgs/share/zed_msgs/cmake/export_zed_msgs__rosidl_generator_cppExport.cmake
[49.535s] -- Installing: /home/domerrover/ws/install/zed_msgs/share/zed_msgs/cmake/export_zed_msgs__rosidl_typesupport_fastrtps_cppExport.cmake
[49.535s] -- Installing: /home/domerrover/ws/install/zed_msgs/share/zed_msgs/cmake/export_zed_msgs__rosidl_typesupport_fastrtps_cppExport-release.cmake
[49.536s] -- Installing: /home/domerrover/ws/install/zed_msgs/share/zed_msgs/cmake/zed_msgs__rosidl_typesupport_introspection_cExport.cmake
[49.537s] -- Installing: /home/domerrover/ws/install/zed_msgs/share/zed_msgs/cmake/zed_msgs__rosidl_typesupport_introspection_cExport-release.cmake
[49.537s] -- Installing: /home/domerrover/ws/install/zed_msgs/share/zed_msgs/cmake/zed_msgs__rosidl_typesupport_cExport.cmake
[49.538s] -- Installing: /home/domerrover/ws/install/zed_msgs/share/zed_msgs/cmake/zed_msgs__rosidl_typesupport_cExport-release.cmake
[49.538s] -- Installing: /home/domerrover/ws/install/zed_msgs/share/zed_msgs/cmake/zed_msgs__rosidl_typesupport_introspection_cppExport.cmake
[49.539s] -- Installing: /home/domerrover/ws/install/zed_msgs/share/zed_msgs/cmake/zed_msgs__rosidl_typesupport_introspection_cppExport-release.cmake
[49.539s] -- Installing: /home/domerrover/ws/install/zed_msgs/share/zed_msgs/cmake/zed_msgs__rosidl_typesupport_cppExport.cmake
[49.540s] -- Installing: /home/domerrover/ws/install/zed_msgs/share/zed_msgs/cmake/zed_msgs__rosidl_typesupport_cppExport-release.cmake
[49.541s] -- Installing: /home/domerrover/ws/install/zed_msgs/share/zed_msgs/cmake/export_zed_msgs__rosidl_generator_pyExport.cmake
[49.541s] -- Installing: /home/domerrover/ws/install/zed_msgs/share/zed_msgs/cmake/export_zed_msgs__rosidl_generator_pyExport-release.cmake
[49.560s] Invoked command in '/home/domerrover/ws/build/zed_msgs' returned '0': CMAKE_PREFIX_PATH=${CMAKE_PREFIX_PATH}:/home/domerrover/ws/install/motor_package:/home/domerrover/ws/install/imu_package:/home/domerrover/ws/install/gps_pub_sub:/opt/ros/humble /usr/bin/cmake --install /home/domerrover/ws/build/zed_msgs
