[1.376s] Invoking command in '/home/domerrover/ws/src/motor_package': PYTHONPATH=/home/domerrover/ws/build/motor_package/prefix_override:/usr/lib/python3/dist-packages/colcon_core/task/python/colcon_distutils_commands:/home/domerrover/ws/install/motor_package/lib/python3.10/site-packages:${PYTHONPATH} /usr/bin/python3 -W ignore:setup.py install is deprecated setup.py egg_info --egg-base ../../build/motor_package build --build-base /home/domerrover/ws/build/motor_package/build install --record /home/domerrover/ws/build/motor_package/install.log --single-version-externally-managed install_data
[1.902s] running egg_info
[1.903s] writing ../../build/motor_package/motor_package.egg-info/PKG-INFO
[1.904s] writing dependency_links to ../../build/motor_package/motor_package.egg-info/dependency_links.txt
[1.905s] writing entry points to ../../build/motor_package/motor_package.egg-info/entry_points.txt
[1.905s] writing requirements to ../../build/motor_package/motor_package.egg-info/requires.txt
[1.905s] writing top-level names to ../../build/motor_package/motor_package.egg-info/top_level.txt
[1.909s] reading manifest file '../../build/motor_package/motor_package.egg-info/SOURCES.txt'
[1.910s] writing manifest file '../../build/motor_package/motor_package.egg-info/SOURCES.txt'
[1.911s] running build
[1.911s] running build_py
[1.911s] copying motor_package/joystick_talker.py -> /home/domerrover/ws/build/motor_package/build/lib/motor_package
[1.912s] running install
[1.913s] running install_lib
[1.914s] copying /home/domerrover/ws/build/motor_package/build/lib/motor_package/joystick_talker.py -> /home/domerrover/ws/install/motor_package/lib/python3.10/site-packages/motor_package
[1.915s] byte-compiling /home/domerrover/ws/install/motor_package/lib/python3.10/site-packages/motor_package/joystick_talker.py to joystick_talker.cpython-310.pyc
[1.919s] running install_data
[1.919s] running install_egg_info
[1.923s] removing '/home/domerrover/ws/install/motor_package/lib/python3.10/site-packages/motor_package-0.0.0-py3.10.egg-info' (and everything under it)
[1.923s] Copying ../../build/motor_package/motor_package.egg-info to /home/domerrover/ws/install/motor_package/lib/python3.10/site-packages/motor_package-0.0.0-py3.10.egg-info
[1.925s] running install_scripts
[1.969s] Installing jetsonTalker script to /home/domerrover/ws/install/motor_package/lib/motor_package
[1.969s] Installing joystickTalker script to /home/domerrover/ws/install/motor_package/lib/motor_package
[1.970s] writing list of installed files to '/home/domerrover/ws/build/motor_package/install.log'
[2.035s] Invoked command in '/home/domerrover/ws/src/motor_package' returned '0': PYTHONPATH=/home/domerrover/ws/build/motor_package/prefix_override:/usr/lib/python3/dist-packages/colcon_core/task/python/colcon_distutils_commands:/home/domerrover/ws/install/motor_package/lib/python3.10/site-packages:${PYTHONPATH} /usr/bin/python3 -W ignore:setup.py install is deprecated setup.py egg_info --egg-base ../../build/motor_package build --build-base /home/domerrover/ws/build/motor_package/build install --record /home/domerrover/ws/build/motor_package/install.log --single-version-externally-managed install_data
