-- The C compiler identification is GNU 11.4.0
-- The CXX compiler identification is GNU 11.4.0
-- Detecting C compiler ABI info
-- Detecting C compiler ABI info - done
-- Check for working C compiler: /usr/bin/cc - skipped
-- Detecting C compile features
-- Detecting C compile features - done
-- Detecting CXX compiler ABI info
-- Detecting CXX compiler ABI info - done
-- Check for working CXX compiler: /usr/bin/c++ - skipped
-- Detecting CXX compile features
-- Detecting CXX compile features - done
-- Found ament_cmake: 1.3.10 (/opt/ros/humble/share/ament_cmake/cmake)
-- Found Python3: /usr/bin/python3 (found version "3.10.12") found components: Interpreter 
-- Override CMake install command with custom implementation using symlinks instead of copying resources
-- Found rosidl_default_generators: 1.2.0 (/opt/ros/humble/share/rosidl_default_generators/cmake)
-- Using all available rosidl_typesupport_c: rosidl_typesupport_fastrtps_c;rosidl_typesupport_introspection_c
-- Found rosidl_adapter: 3.1.5 (/opt/ros/humble/share/rosidl_adapter/cmake)
-- Using all available rosidl_typesupport_cpp: rosidl_typesupport_fastrtps_cpp;rosidl_typesupport_introspection_cpp
-- Found ament_cmake_ros: 0.10.0 (/opt/ros/humble/share/ament_cmake_ros/cmake)
-- Using all available rosidl_typesupport_c: rosidl_typesupport_fastrtps_c;rosidl_typesupport_introspection_c
-- Using all available rosidl_typesupport_cpp: rosidl_typesupport_fastrtps_cpp;rosidl_typesupport_introspection_cpp
-- Found PythonInterp: /usr/bin/python3 (found suitable version "3.10.12", minimum required is "3.6") 
-- Found python_cmake_module: 0.10.0 (/opt/ros/humble/share/python_cmake_module/cmake)
-- Found PythonLibs: /usr/lib/aarch64-linux-gnu/libpython3.10.so (found suitable version "3.10.12", minimum required is "3.5") 
-- Using PYTHON_EXECUTABLE: /usr/bin/python3
-- Using PYTHON_INCLUDE_DIRS: /usr/include/python3.10
-- Using PYTHON_LIBRARIES: /usr/lib/aarch64-linux-gnu/libpython3.10.so
-- Found PythonExtra: .so  
-- Configuring done
-- Generating done
-- Build files have been written to: /home/domerrover/ws/build/custom_msgs
[  3%] [34m[1mGenerating C code for ROS interfaces[0m
[  6%] [34m[1mGenerating C++ code for ROS interfaces[0m
[  6%] Built target ament_cmake_python_symlink_custom_msgs
running egg_info
creating custom_msgs.egg-info
writing custom_msgs.egg-info/PKG-INFO
writing dependency_links to custom_msgs.egg-info/dependency_links.txt
writing top-level names to custom_msgs.egg-info/top_level.txt
writing manifest file 'custom_msgs.egg-info/SOURCES.txt'
reading manifest file 'custom_msgs.egg-info/SOURCES.txt'
writing manifest file 'custom_msgs.egg-info/SOURCES.txt'
[  6%] Built target custom_msgs__cpp
[ 12%] [34m[1mGenerating C++ type support for eProsima Fast-RTPS[0m
[ 12%] [34m[1mGenerating C++ type support dispatch for ROS interfaces[0m
[ 16%] [34m[1mGenerating C++ introspection for ROS interfaces[0m
[ 19%] [32mBuilding C object CMakeFiles/custom_msgs__rosidl_generator_c.dir/rosidl_generator_c/custom_msgs/msg/detail/coords__functions.c.o[0m
[ 19%] Built target ament_cmake_python_build_custom_msgs_egg
[ 22%] [32m[1mLinking C shared library libcustom_msgs__rosidl_generator_c.so[0m
[ 22%] Built target custom_msgs__rosidl_generator_c
[ 25%] [34m[1mGenerating C type support for eProsima Fast-RTPS[0m
[ 29%] [34m[1mGenerating C type support dispatch for ROS interfaces[0m
[ 32%] [34m[1mGenerating C introspection for ROS interfaces[0m
[ 35%] [32mBuilding CXX object CMakeFiles/custom_msgs__rosidl_typesupport_fastrtps_cpp.dir/rosidl_typesupport_fastrtps_cpp/custom_msgs/msg/detail/dds_fastrtps/coords__type_support.cpp.o[0m
[ 38%] [32mBuilding CXX object CMakeFiles/custom_msgs__rosidl_typesupport_cpp.dir/rosidl_typesupport_cpp/custom_msgs/msg/coords__type_support.cpp.o[0m
[ 41%] [32mBuilding CXX object CMakeFiles/custom_msgs__rosidl_typesupport_introspection_cpp.dir/rosidl_typesupport_introspection_cpp/custom_msgs/msg/detail/coords__type_support.cpp.o[0m
[ 45%] [32mBuilding CXX object CMakeFiles/custom_msgs__rosidl_typesupport_fastrtps_c.dir/rosidl_typesupport_fastrtps_c/custom_msgs/msg/detail/coords__type_support_c.cpp.o[0m
[ 48%] [32mBuilding CXX object CMakeFiles/custom_msgs__rosidl_typesupport_c.dir/rosidl_typesupport_c/custom_msgs/msg/coords__type_support.cpp.o[0m
[ 51%] [32mBuilding C object CMakeFiles/custom_msgs__rosidl_typesupport_introspection_c.dir/rosidl_typesupport_introspection_c/custom_msgs/msg/detail/coords__type_support.c.o[0m
[ 54%] [32m[1mLinking CXX shared library libcustom_msgs__rosidl_typesupport_c.so[0m
[ 58%] [32m[1mLinking C shared library libcustom_msgs__rosidl_typesupport_introspection_c.so[0m
[ 58%] Built target custom_msgs__rosidl_typesupport_c
[ 58%] Built target custom_msgs__rosidl_typesupport_introspection_c
[ 61%] [32m[1mLinking CXX shared library libcustom_msgs__rosidl_typesupport_cpp.so[0m
[ 64%] [32m[1mLinking CXX shared library libcustom_msgs__rosidl_typesupport_introspection_cpp.so[0m
[ 64%] Built target custom_msgs__rosidl_typesupport_cpp
[ 64%] Built target custom_msgs__rosidl_typesupport_introspection_cpp
[ 67%] [32m[1mLinking CXX shared library libcustom_msgs__rosidl_typesupport_fastrtps_cpp.so[0m
[ 70%] [32m[1mLinking CXX shared library libcustom_msgs__rosidl_typesupport_fastrtps_c.so[0m
[ 70%] Built target custom_msgs__rosidl_typesupport_fastrtps_cpp
[ 70%] Built target custom_msgs__rosidl_typesupport_fastrtps_c
[ 70%] Built target custom_msgs
[ 74%] [34m[1mGenerating Python code for ROS interfaces[0m
[ 74%] Built target custom_msgs__py
[ 77%] [32mBuilding C object CMakeFiles/custom_msgs__rosidl_generator_py.dir/rosidl_generator_py/custom_msgs/msg/_coords_s.c.o[0m
[ 80%] [32m[1mLinking C shared library rosidl_generator_py/custom_msgs/libcustom_msgs__rosidl_generator_py.so[0m
[ 80%] Built target custom_msgs__rosidl_generator_py
[ 90%] [32mBuilding C object CMakeFiles/custom_msgs__rosidl_typesupport_introspection_c__pyext.dir/rosidl_generator_py/custom_msgs/_custom_msgs_s.ep.rosidl_typesupport_introspection_c.c.o[0m
[ 90%] [32mBuilding C object CMakeFiles/custom_msgs__rosidl_typesupport_c__pyext.dir/rosidl_generator_py/custom_msgs/_custom_msgs_s.ep.rosidl_typesupport_c.c.o[0m
[ 90%] [32mBuilding C object CMakeFiles/custom_msgs__rosidl_typesupport_fastrtps_c__pyext.dir/rosidl_generator_py/custom_msgs/_custom_msgs_s.ep.rosidl_typesupport_fastrtps_c.c.o[0m
[ 96%] [32m[1mLinking C shared library rosidl_generator_py/custom_msgs/custom_msgs_s__rosidl_typesupport_c.cpython-310-aarch64-linux-gnu.so[0m
[ 96%] [32m[1mLinking C shared library rosidl_generator_py/custom_msgs/custom_msgs_s__rosidl_typesupport_introspection_c.cpython-310-aarch64-linux-gnu.so[0m
[100%] [32m[1mLinking C shared library rosidl_generator_py/custom_msgs/custom_msgs_s__rosidl_typesupport_fastrtps_c.cpython-310-aarch64-linux-gnu.so[0m
[100%] Built target custom_msgs__rosidl_typesupport_introspection_c__pyext
[100%] Built target custom_msgs__rosidl_typesupport_c__pyext
[100%] Built target custom_msgs__rosidl_typesupport_fastrtps_c__pyext
-- Install configuration: "Release"
-- Execute custom install script
-- Symlinking: /home/domerrover/ws/install/custom_msgs/share/ament_index/resource_index/rosidl_interfaces/custom_msgs
-- Symlinking: /home/domerrover/ws/install/custom_msgs/include/custom_msgs/custom_msgs/msg/coords.h
-- Symlinking: /home/domerrover/ws/install/custom_msgs/include/custom_msgs/custom_msgs/msg/detail/coords__functions.h
-- Symlinking: /home/domerrover/ws/install/custom_msgs/include/custom_msgs/custom_msgs/msg/detail/coords__struct.h
-- Symlinking: /home/domerrover/ws/install/custom_msgs/include/custom_msgs/custom_msgs/msg/detail/coords__type_support.h
-- Symlinking: /home/domerrover/ws/install/custom_msgs/include/custom_msgs/custom_msgs/msg/rosidl_generator_c__visibility_control.h
-- Symlinking: /home/domerrover/ws/install/custom_msgs/share/custom_msgs/environment/library_path.sh
-- Symlinking: /home/domerrover/ws/install/custom_msgs/share/custom_msgs/environment/library_path.dsv
-- Symlinking: /home/domerrover/ws/install/custom_msgs/include/custom_msgs/custom_msgs/msg/detail/coords__rosidl_typesupport_fastrtps_c.h
-- Symlinking: /home/domerrover/ws/install/custom_msgs/include/custom_msgs/custom_msgs/msg/rosidl_typesupport_fastrtps_c__visibility_control.h
-- Symlinking: /home/domerrover/ws/install/custom_msgs/include/custom_msgs/custom_msgs/msg/detail/coords__rosidl_typesupport_introspection_c.h
-- Symlinking: /home/domerrover/ws/install/custom_msgs/include/custom_msgs/custom_msgs/msg/rosidl_typesupport_introspection_c__visibility_control.h
-- Symlinking: /home/domerrover/ws/install/custom_msgs/include/custom_msgs/custom_msgs/msg/coords.hpp
-- Symlinking: /home/domerrover/ws/install/custom_msgs/include/custom_msgs/custom_msgs/msg/detail/coords__builder.hpp
-- Symlinking: /home/domerrover/ws/install/custom_msgs/include/custom_msgs/custom_msgs/msg/detail/coords__struct.hpp
-- Symlinking: /home/domerrover/ws/install/custom_msgs/include/custom_msgs/custom_msgs/msg/detail/coords__traits.hpp
-- Symlinking: /home/domerrover/ws/install/custom_msgs/include/custom_msgs/custom_msgs/msg/detail/coords__rosidl_typesupport_fastrtps_cpp.hpp
-- Symlinking: /home/domerrover/ws/install/custom_msgs/include/custom_msgs/custom_msgs/msg/rosidl_typesupport_fastrtps_cpp__visibility_control.h
-- Symlinking: /home/domerrover/ws/install/custom_msgs/include/custom_msgs/custom_msgs/msg/detail/coords__rosidl_typesupport_introspection_cpp.hpp
-- Symlinking: /home/domerrover/ws/install/custom_msgs/share/custom_msgs/environment/pythonpath.sh
-- Symlinking: /home/domerrover/ws/install/custom_msgs/share/custom_msgs/environment/pythonpath.dsv
-- Symlinking: /home/domerrover/ws/install/custom_msgs/local/lib/python3.10/dist-packages/custom_msgs-0.0.0-py3.10.egg-info/PKG-INFO
-- Symlinking: /home/domerrover/ws/install/custom_msgs/local/lib/python3.10/dist-packages/custom_msgs-0.0.0-py3.10.egg-info/SOURCES.txt
-- Symlinking: /home/domerrover/ws/install/custom_msgs/local/lib/python3.10/dist-packages/custom_msgs-0.0.0-py3.10.egg-info/dependency_links.txt
-- Symlinking: /home/domerrover/ws/install/custom_msgs/local/lib/python3.10/dist-packages/custom_msgs-0.0.0-py3.10.egg-info/top_level.txt
-- Symlinking: /home/domerrover/ws/install/custom_msgs/local/lib/python3.10/dist-packages/custom_msgs/__init__.py
-- Symlinking: /home/domerrover/ws/install/custom_msgs/local/lib/python3.10/dist-packages/custom_msgs/_custom_msgs_s.ep.rosidl_typesupport_c.c
-- Symlinking: /home/domerrover/ws/install/custom_msgs/local/lib/python3.10/dist-packages/custom_msgs/_custom_msgs_s.ep.rosidl_typesupport_fastrtps_c.c
-- Symlinking: /home/domerrover/ws/install/custom_msgs/local/lib/python3.10/dist-packages/custom_msgs/_custom_msgs_s.ep.rosidl_typesupport_introspection_c.c
-- Symlinking: /home/domerrover/ws/install/custom_msgs/local/lib/python3.10/dist-packages/custom_msgs/custom_msgs_s__rosidl_typesupport_c.cpython-310-aarch64-linux-gnu.so
-- Symlinking: /home/domerrover/ws/install/custom_msgs/local/lib/python3.10/dist-packages/custom_msgs/custom_msgs_s__rosidl_typesupport_fastrtps_c.cpython-310-aarch64-linux-gnu.so
-- Symlinking: /home/domerrover/ws/install/custom_msgs/local/lib/python3.10/dist-packages/custom_msgs/custom_msgs_s__rosidl_typesupport_introspection_c.cpython-310-aarch64-linux-gnu.so
-- Symlinking: /home/domerrover/ws/install/custom_msgs/local/lib/python3.10/dist-packages/custom_msgs/libcustom_msgs__rosidl_generator_py.so
-- Symlinking: /home/domerrover/ws/install/custom_msgs/local/lib/python3.10/dist-packages/custom_msgs/msg/__init__.py
-- Symlinking: /home/domerrover/ws/install/custom_msgs/local/lib/python3.10/dist-packages/custom_msgs/msg/_coords.py
-- Symlinking: /home/domerrover/ws/install/custom_msgs/local/lib/python3.10/dist-packages/custom_msgs/msg/_coords_s.c
-- Up-to-date symlink: /home/domerrover/ws/install/custom_msgs/local/lib/python3.10/dist-packages/custom_msgs/custom_msgs_s__rosidl_typesupport_fastrtps_c.cpython-310-aarch64-linux-gnu.so
-- Up-to-date symlink: /home/domerrover/ws/install/custom_msgs/local/lib/python3.10/dist-packages/custom_msgs/custom_msgs_s__rosidl_typesupport_introspection_c.cpython-310-aarch64-linux-gnu.so
-- Up-to-date symlink: /home/domerrover/ws/install/custom_msgs/local/lib/python3.10/dist-packages/custom_msgs/custom_msgs_s__rosidl_typesupport_c.cpython-310-aarch64-linux-gnu.so
-- Symlinking: /home/domerrover/ws/install/custom_msgs/share/custom_msgs/msg/Coords.idl
-- Symlinking: /home/domerrover/ws/install/custom_msgs/share/custom_msgs/msg/Coords.msg
-- Symlinking: /home/domerrover/ws/install/custom_msgs/share/ament_index/resource_index/package_run_dependencies/custom_msgs
-- Symlinking: /home/domerrover/ws/install/custom_msgs/share/ament_index/resource_index/parent_prefix_path/custom_msgs
-- Symlinking: /home/domerrover/ws/install/custom_msgs/share/custom_msgs/environment/ament_prefix_path.sh
-- Symlinking: /home/domerrover/ws/install/custom_msgs/share/custom_msgs/environment/ament_prefix_path.dsv
-- Symlinking: /home/domerrover/ws/install/custom_msgs/share/custom_msgs/environment/path.sh
-- Symlinking: /home/domerrover/ws/install/custom_msgs/share/custom_msgs/environment/path.dsv
-- Symlinking: /home/domerrover/ws/install/custom_msgs/share/custom_msgs/local_setup.bash
-- Symlinking: /home/domerrover/ws/install/custom_msgs/share/custom_msgs/local_setup.sh
-- Symlinking: /home/domerrover/ws/install/custom_msgs/share/custom_msgs/local_setup.zsh
-- Symlinking: /home/domerrover/ws/install/custom_msgs/share/custom_msgs/local_setup.dsv
-- Symlinking: /home/domerrover/ws/install/custom_msgs/share/custom_msgs/package.dsv
-- Symlinking: /home/domerrover/ws/install/custom_msgs/share/ament_index/resource_index/packages/custom_msgs
-- Symlinking: /home/domerrover/ws/install/custom_msgs/share/custom_msgs/cmake/rosidl_cmake-extras.cmake
-- Symlinking: /home/domerrover/ws/install/custom_msgs/share/custom_msgs/cmake/ament_cmake_export_include_directories-extras.cmake
-- Symlinking: /home/domerrover/ws/install/custom_msgs/share/custom_msgs/cmake/ament_cmake_export_libraries-extras.cmake
-- Symlinking: /home/domerrover/ws/install/custom_msgs/share/custom_msgs/cmake/ament_cmake_export_targets-extras.cmake
-- Symlinking: /home/domerrover/ws/install/custom_msgs/share/custom_msgs/cmake/rosidl_cmake_export_typesupport_targets-extras.cmake
-- Symlinking: /home/domerrover/ws/install/custom_msgs/share/custom_msgs/cmake/ament_cmake_export_dependencies-extras.cmake
-- Symlinking: /home/domerrover/ws/install/custom_msgs/share/custom_msgs/cmake/rosidl_cmake_export_typesupport_libraries-extras.cmake
-- Symlinking: /home/domerrover/ws/install/custom_msgs/share/custom_msgs/cmake/custom_msgsConfig.cmake
-- Symlinking: /home/domerrover/ws/install/custom_msgs/share/custom_msgs/cmake/custom_msgsConfig-version.cmake
-- Symlinking: /home/domerrover/ws/install/custom_msgs/share/custom_msgs/package.xml
-- Installing: /home/domerrover/ws/install/custom_msgs/lib/libcustom_msgs__rosidl_generator_c.so
-- Set runtime path of "/home/domerrover/ws/install/custom_msgs/lib/libcustom_msgs__rosidl_generator_c.so" to ""
-- Installing: /home/domerrover/ws/install/custom_msgs/lib/libcustom_msgs__rosidl_typesupport_fastrtps_c.so
-- Set runtime path of "/home/domerrover/ws/install/custom_msgs/lib/libcustom_msgs__rosidl_typesupport_fastrtps_c.so" to ""
-- Installing: /home/domerrover/ws/install/custom_msgs/lib/libcustom_msgs__rosidl_typesupport_introspection_c.so
-- Set runtime path of "/home/domerrover/ws/install/custom_msgs/lib/libcustom_msgs__rosidl_typesupport_introspection_c.so" to ""
-- Installing: /home/domerrover/ws/install/custom_msgs/lib/libcustom_msgs__rosidl_typesupport_c.so
-- Set runtime path of "/home/domerrover/ws/install/custom_msgs/lib/libcustom_msgs__rosidl_typesupport_c.so" to ""
-- Installing: /home/domerrover/ws/install/custom_msgs/lib/libcustom_msgs__rosidl_typesupport_fastrtps_cpp.so
-- Set runtime path of "/home/domerrover/ws/install/custom_msgs/lib/libcustom_msgs__rosidl_typesupport_fastrtps_cpp.so" to ""
-- Installing: /home/domerrover/ws/install/custom_msgs/lib/libcustom_msgs__rosidl_typesupport_introspection_cpp.so
-- Set runtime path of "/home/domerrover/ws/install/custom_msgs/lib/libcustom_msgs__rosidl_typesupport_introspection_cpp.so" to ""
-- Installing: /home/domerrover/ws/install/custom_msgs/lib/libcustom_msgs__rosidl_typesupport_cpp.so
-- Set runtime path of "/home/domerrover/ws/install/custom_msgs/lib/libcustom_msgs__rosidl_typesupport_cpp.so" to ""
Listing '/home/domerrover/ws/install/custom_msgs/local/lib/python3.10/dist-packages/custom_msgs'...
Compiling '/home/domerrover/ws/install/custom_msgs/local/lib/python3.10/dist-packages/custom_msgs/__init__.py'...
Listing '/home/domerrover/ws/install/custom_msgs/local/lib/python3.10/dist-packages/custom_msgs/msg'...
Compiling '/home/domerrover/ws/install/custom_msgs/local/lib/python3.10/dist-packages/custom_msgs/msg/__init__.py'...
Compiling '/home/domerrover/ws/install/custom_msgs/local/lib/python3.10/dist-packages/custom_msgs/msg/_coords.py'...
-- Installing: /home/domerrover/ws/install/custom_msgs/lib/libcustom_msgs__rosidl_generator_py.so
-- Set runtime path of "/home/domerrover/ws/install/custom_msgs/lib/libcustom_msgs__rosidl_generator_py.so" to ""
-- Installing: /home/domerrover/ws/install/custom_msgs/share/custom_msgs/cmake/export_custom_msgs__rosidl_generator_cExport.cmake
-- Installing: /home/domerrover/ws/install/custom_msgs/share/custom_msgs/cmake/export_custom_msgs__rosidl_generator_cExport-release.cmake
-- Installing: /home/domerrover/ws/install/custom_msgs/share/custom_msgs/cmake/export_custom_msgs__rosidl_typesupport_fastrtps_cExport.cmake
-- Installing: /home/domerrover/ws/install/custom_msgs/share/custom_msgs/cmake/export_custom_msgs__rosidl_typesupport_fastrtps_cExport-release.cmake
-- Installing: /home/domerrover/ws/install/custom_msgs/share/custom_msgs/cmake/custom_msgs__rosidl_typesupport_introspection_cExport.cmake
-- Installing: /home/domerrover/ws/install/custom_msgs/share/custom_msgs/cmake/custom_msgs__rosidl_typesupport_introspection_cExport-release.cmake
-- Installing: /home/domerrover/ws/install/custom_msgs/share/custom_msgs/cmake/custom_msgs__rosidl_typesupport_cExport.cmake
-- Installing: /home/domerrover/ws/install/custom_msgs/share/custom_msgs/cmake/custom_msgs__rosidl_typesupport_cExport-release.cmake
-- Installing: /home/domerrover/ws/install/custom_msgs/share/custom_msgs/cmake/export_custom_msgs__rosidl_generator_cppExport.cmake
-- Installing: /home/domerrover/ws/install/custom_msgs/share/custom_msgs/cmake/export_custom_msgs__rosidl_typesupport_fastrtps_cppExport.cmake
-- Installing: /home/domerrover/ws/install/custom_msgs/share/custom_msgs/cmake/export_custom_msgs__rosidl_typesupport_fastrtps_cppExport-release.cmake
-- Installing: /home/domerrover/ws/install/custom_msgs/share/custom_msgs/cmake/custom_msgs__rosidl_typesupport_introspection_cppExport.cmake
-- Installing: /home/domerrover/ws/install/custom_msgs/share/custom_msgs/cmake/custom_msgs__rosidl_typesupport_introspection_cppExport-release.cmake
-- Installing: /home/domerrover/ws/install/custom_msgs/share/custom_msgs/cmake/custom_msgs__rosidl_typesupport_cppExport.cmake
-- Installing: /home/domerrover/ws/install/custom_msgs/share/custom_msgs/cmake/custom_msgs__rosidl_typesupport_cppExport-release.cmake
-- Installing: /home/domerrover/ws/install/custom_msgs/share/custom_msgs/cmake/export_custom_msgs__rosidl_generator_pyExport.cmake
-- Installing: /home/domerrover/ws/install/custom_msgs/share/custom_msgs/cmake/export_custom_msgs__rosidl_generator_pyExport-release.cmake
