[0.044s] Invoking command in '/home/domerrover/ws/build/custom_msgs': CMAKE_PREFIX_PATH=${CMAKE_PREFIX_PATH}:/home/domerrover/ws/install/motor_package:/home/domerrover/ws/install/imu_package:/home/domerrover/ws/install/gps_pub_sub:/opt/ros/humble /usr/bin/cmake /home/domerrover/ws/src/custom_msgs -DCMAKE_BUILD_TYPE=Release -DAMENT_CMAKE_SYMLINK_INSTALL=1 -DCMAKE_INSTALL_PREFIX=/home/domerrover/ws/install/custom_msgs
[0.621s] -- The C compiler identification is GNU 11.4.0
[1.026s] -- The CXX compiler identification is GNU 11.4.0
[1.054s] -- Detecting C compiler ABI info
[1.208s] -- Detecting C compiler ABI info - done
[1.218s] -- Check for working C compiler: /usr/bin/cc - skipped
[1.219s] -- Detecting C compile features
[1.221s] -- Detecting C compile features - done
[1.227s] -- Detecting CXX compiler ABI info
[1.381s] -- Detecting CXX compiler ABI info - done
[1.394s] -- Check for working CXX compiler: /usr/bin/c++ - skipped
[1.395s] -- Detecting CXX compile features
[1.396s] -- Detecting CXX compile features - done
[1.403s] -- Found ament_cmake: 1.3.10 (/opt/ros/humble/share/ament_cmake/cmake)
[1.736s] -- Found Python3: /usr/bin/python3 (found version "3.10.12") found components: Interpreter 
[1.900s] -- Override CMake install command with custom implementation using symlinks instead of copying resources
[1.951s] -- Found rosidl_default_generators: 1.2.0 (/opt/ros/humble/share/rosidl_default_generators/cmake)
[1.958s] -- Using all available rosidl_typesupport_c: rosidl_typesupport_fastrtps_c;rosidl_typesupport_introspection_c
[1.972s] -- Found rosidl_adapter: 3.1.5 (/opt/ros/humble/share/rosidl_adapter/cmake)
[2.053s] -- Using all available rosidl_typesupport_cpp: rosidl_typesupport_fastrtps_cpp;rosidl_typesupport_introspection_cpp
[2.637s] -- Found ament_cmake_ros: 0.10.0 (/opt/ros/humble/share/ament_cmake_ros/cmake)
[3.042s] -- Using all available rosidl_typesupport_c: rosidl_typesupport_fastrtps_c;rosidl_typesupport_introspection_c
[3.595s] -- Using all available rosidl_typesupport_cpp: rosidl_typesupport_fastrtps_cpp;rosidl_typesupport_introspection_cpp
[3.652s] -- Found PythonInterp: /usr/bin/python3 (found suitable version "3.10.12", minimum required is "3.6") 
[3.656s] -- Found python_cmake_module: 0.10.0 (/opt/ros/humble/share/python_cmake_module/cmake)
[3.717s] -- Found PythonLibs: /usr/lib/aarch64-linux-gnu/libpython3.10.so (found suitable version "3.10.12", minimum required is "3.5") 
[3.717s] -- Using PYTHON_EXECUTABLE: /usr/bin/python3
[3.717s] -- Using PYTHON_INCLUDE_DIRS: /usr/include/python3.10
[3.717s] -- Using PYTHON_LIBRARIES: /usr/lib/aarch64-linux-gnu/libpython3.10.so
[3.768s] -- Found PythonExtra: .so  
[3.898s] -- Configuring done
[3.954s] -- Generating done
[3.959s] -- Build files have been written to: /home/domerrover/ws/build/custom_msgs
[3.982s] Invoked command in '/home/domerrover/ws/build/custom_msgs' returned '0': CMAKE_PREFIX_PATH=${CMAKE_PREFIX_PATH}:/home/domerrover/ws/install/motor_package:/home/domerrover/ws/install/imu_package:/home/domerrover/ws/install/gps_pub_sub:/opt/ros/humble /usr/bin/cmake /home/domerrover/ws/src/custom_msgs -DCMAKE_BUILD_TYPE=Release -DAMENT_CMAKE_SYMLINK_INSTALL=1 -DCMAKE_INSTALL_PREFIX=/home/domerrover/ws/install/custom_msgs
[3.986s] Invoking command in '/home/domerrover/ws/build/custom_msgs': CMAKE_PREFIX_PATH=${CMAKE_PREFIX_PATH}:/home/domerrover/ws/install/motor_package:/home/domerrover/ws/install/imu_package:/home/domerrover/ws/install/gps_pub_sub:/opt/ros/humble /usr/bin/cmake --build /home/domerrover/ws/build/custom_msgs -- -j6 -l6
[4.064s] [  3%] [34m[1mGenerating C code for ROS interfaces[0m
[4.084s] [  6%] [34m[1mGenerating C++ code for ROS interfaces[0m
[4.105s] [  6%] Built target ament_cmake_python_symlink_custom_msgs
[4.633s] running egg_info
[4.634s] creating custom_msgs.egg-info
[4.634s] writing custom_msgs.egg-info/PKG-INFO
[4.635s] writing dependency_links to custom_msgs.egg-info/dependency_links.txt
[4.635s] writing top-level names to custom_msgs.egg-info/top_level.txt
[4.636s] writing manifest file 'custom_msgs.egg-info/SOURCES.txt'
[4.641s] reading manifest file 'custom_msgs.egg-info/SOURCES.txt'
[4.642s] writing manifest file 'custom_msgs.egg-info/SOURCES.txt'
[4.649s] [  6%] Built target custom_msgs__cpp
[4.670s] [ 12%] [34m[1mGenerating C++ type support for eProsima Fast-RTPS[0m
[4.670s] [ 12%] [34m[1mGenerating C++ type support dispatch for ROS interfaces[0m
[4.693s] [ 16%] [34m[1mGenerating C++ introspection for ROS interfaces[0m
[4.699s] [ 19%] [32mBuilding C object CMakeFiles/custom_msgs__rosidl_generator_c.dir/rosidl_generator_c/custom_msgs/msg/detail/coords__functions.c.o[0m
[4.725s] [ 19%] Built target ament_cmake_python_build_custom_msgs_egg
[4.970s] [ 22%] [32m[1mLinking C shared library libcustom_msgs__rosidl_generator_c.so[0m
[5.040s] [ 22%] Built target custom_msgs__rosidl_generator_c
[5.065s] [ 25%] [34m[1mGenerating C type support for eProsima Fast-RTPS[0m
[5.076s] [ 29%] [34m[1mGenerating C type support dispatch for ROS interfaces[0m
[5.097s] [ 32%] [34m[1mGenerating C introspection for ROS interfaces[0m
[5.288s] [ 35%] [32mBuilding CXX object CMakeFiles/custom_msgs__rosidl_typesupport_fastrtps_cpp.dir/rosidl_typesupport_fastrtps_cpp/custom_msgs/msg/detail/dds_fastrtps/coords__type_support.cpp.o[0m
[5.310s] [ 38%] [32mBuilding CXX object CMakeFiles/custom_msgs__rosidl_typesupport_cpp.dir/rosidl_typesupport_cpp/custom_msgs/msg/coords__type_support.cpp.o[0m
[5.427s] [ 41%] [32mBuilding CXX object CMakeFiles/custom_msgs__rosidl_typesupport_introspection_cpp.dir/rosidl_typesupport_introspection_cpp/custom_msgs/msg/detail/coords__type_support.cpp.o[0m
[5.815s] [ 45%] [32mBuilding CXX object CMakeFiles/custom_msgs__rosidl_typesupport_fastrtps_c.dir/rosidl_typesupport_fastrtps_c/custom_msgs/msg/detail/coords__type_support_c.cpp.o[0m
[5.831s] [ 48%] [32mBuilding CXX object CMakeFiles/custom_msgs__rosidl_typesupport_c.dir/rosidl_typesupport_c/custom_msgs/msg/coords__type_support.cpp.o[0m
[5.883s] [ 51%] [32mBuilding C object CMakeFiles/custom_msgs__rosidl_typesupport_introspection_c.dir/rosidl_typesupport_introspection_c/custom_msgs/msg/detail/coords__type_support.c.o[0m
[6.007s] [ 54%] [32m[1mLinking CXX shared library libcustom_msgs__rosidl_typesupport_c.so[0m
[6.067s] [ 58%] [32m[1mLinking C shared library libcustom_msgs__rosidl_typesupport_introspection_c.so[0m
[6.184s] [ 58%] Built target custom_msgs__rosidl_typesupport_c
[6.239s] [ 58%] Built target custom_msgs__rosidl_typesupport_introspection_c
[6.564s] [ 61%] [32m[1mLinking CXX shared library libcustom_msgs__rosidl_typesupport_cpp.so[0m
[6.641s] [ 64%] [32m[1mLinking CXX shared library libcustom_msgs__rosidl_typesupport_introspection_cpp.so[0m
[6.702s] [ 64%] Built target custom_msgs__rosidl_typesupport_cpp
[6.753s] [ 64%] Built target custom_msgs__rosidl_typesupport_introspection_cpp
[6.779s] [ 67%] [32m[1mLinking CXX shared library libcustom_msgs__rosidl_typesupport_fastrtps_cpp.so[0m
[6.922s] [ 70%] [32m[1mLinking CXX shared library libcustom_msgs__rosidl_typesupport_fastrtps_c.so[0m
[6.934s] [ 70%] Built target custom_msgs__rosidl_typesupport_fastrtps_cpp
[7.067s] [ 70%] Built target custom_msgs__rosidl_typesupport_fastrtps_c
[7.104s] [ 70%] Built target custom_msgs
[7.143s] [ 74%] [34m[1mGenerating Python code for ROS interfaces[0m
[7.733s] [ 74%] Built target custom_msgs__py
[7.771s] [ 77%] [32mBuilding C object CMakeFiles/custom_msgs__rosidl_generator_py.dir/rosidl_generator_py/custom_msgs/msg/_coords_s.c.o[0m
[8.098s] [ 80%] [32m[1mLinking C shared library rosidl_generator_py/custom_msgs/libcustom_msgs__rosidl_generator_py.so[0m
[8.166s] [ 80%] Built target custom_msgs__rosidl_generator_py
[8.204s] [ 90%] [32mBuilding C object CMakeFiles/custom_msgs__rosidl_typesupport_introspection_c__pyext.dir/rosidl_generator_py/custom_msgs/_custom_msgs_s.ep.rosidl_typesupport_introspection_c.c.o[0m
[8.204s] [ 90%] [32mBuilding C object CMakeFiles/custom_msgs__rosidl_typesupport_c__pyext.dir/rosidl_generator_py/custom_msgs/_custom_msgs_s.ep.rosidl_typesupport_c.c.o[0m
[8.204s] [ 90%] [32mBuilding C object CMakeFiles/custom_msgs__rosidl_typesupport_fastrtps_c__pyext.dir/rosidl_generator_py/custom_msgs/_custom_msgs_s.ep.rosidl_typesupport_fastrtps_c.c.o[0m
[8.440s] [ 96%] [32m[1mLinking C shared library rosidl_generator_py/custom_msgs/custom_msgs_s__rosidl_typesupport_c.cpython-310-aarch64-linux-gnu.so[0m
[8.445s] [ 96%] [32m[1mLinking C shared library rosidl_generator_py/custom_msgs/custom_msgs_s__rosidl_typesupport_introspection_c.cpython-310-aarch64-linux-gnu.so[0m
[8.449s] [100%] [32m[1mLinking C shared library rosidl_generator_py/custom_msgs/custom_msgs_s__rosidl_typesupport_fastrtps_c.cpython-310-aarch64-linux-gnu.so[0m
[8.506s] [100%] Built target custom_msgs__rosidl_typesupport_introspection_c__pyext
[8.506s] [100%] Built target custom_msgs__rosidl_typesupport_c__pyext
[8.517s] [100%] Built target custom_msgs__rosidl_typesupport_fastrtps_c__pyext
[8.541s] Invoked command in '/home/domerrover/ws/build/custom_msgs' returned '0': CMAKE_PREFIX_PATH=${CMAKE_PREFIX_PATH}:/home/domerrover/ws/install/motor_package:/home/domerrover/ws/install/imu_package:/home/domerrover/ws/install/gps_pub_sub:/opt/ros/humble /usr/bin/cmake --build /home/domerrover/ws/build/custom_msgs -- -j6 -l6
[8.650s] Invoking command in '/home/domerrover/ws/build/custom_msgs': CMAKE_PREFIX_PATH=${CMAKE_PREFIX_PATH}:/home/domerrover/ws/install/motor_package:/home/domerrover/ws/install/imu_package:/home/domerrover/ws/install/gps_pub_sub:/opt/ros/humble /usr/bin/cmake --install /home/domerrover/ws/build/custom_msgs
[8.665s] -- Install configuration: "Release"
[8.665s] -- Execute custom install script
[8.666s] -- Symlinking: /home/domerrover/ws/install/custom_msgs/share/ament_index/resource_index/rosidl_interfaces/custom_msgs
[8.684s] -- Symlinking: /home/domerrover/ws/install/custom_msgs/include/custom_msgs/custom_msgs/msg/coords.h
[8.701s] -- Symlinking: /home/domerrover/ws/install/custom_msgs/include/custom_msgs/custom_msgs/msg/detail/coords__functions.h
[8.718s] -- Symlinking: /home/domerrover/ws/install/custom_msgs/include/custom_msgs/custom_msgs/msg/detail/coords__struct.h
[8.734s] -- Symlinking: /home/domerrover/ws/install/custom_msgs/include/custom_msgs/custom_msgs/msg/detail/coords__type_support.h
[8.751s] -- Symlinking: /home/domerrover/ws/install/custom_msgs/include/custom_msgs/custom_msgs/msg/rosidl_generator_c__visibility_control.h
[8.803s] -- Symlinking: /home/domerrover/ws/install/custom_msgs/share/custom_msgs/environment/library_path.sh
[8.821s] -- Symlinking: /home/domerrover/ws/install/custom_msgs/share/custom_msgs/environment/library_path.dsv
[8.838s] -- Symlinking: /home/domerrover/ws/install/custom_msgs/include/custom_msgs/custom_msgs/msg/detail/coords__rosidl_typesupport_fastrtps_c.h
[8.855s] -- Symlinking: /home/domerrover/ws/install/custom_msgs/include/custom_msgs/custom_msgs/msg/rosidl_typesupport_fastrtps_c__visibility_control.h
[8.872s] -- Symlinking: /home/domerrover/ws/install/custom_msgs/include/custom_msgs/custom_msgs/msg/detail/coords__rosidl_typesupport_introspection_c.h
[8.888s] -- Symlinking: /home/domerrover/ws/install/custom_msgs/include/custom_msgs/custom_msgs/msg/rosidl_typesupport_introspection_c__visibility_control.h
[8.905s] -- Symlinking: /home/domerrover/ws/install/custom_msgs/include/custom_msgs/custom_msgs/msg/coords.hpp
[8.922s] -- Symlinking: /home/domerrover/ws/install/custom_msgs/include/custom_msgs/custom_msgs/msg/detail/coords__builder.hpp
[8.938s] -- Symlinking: /home/domerrover/ws/install/custom_msgs/include/custom_msgs/custom_msgs/msg/detail/coords__struct.hpp
[8.955s] -- Symlinking: /home/domerrover/ws/install/custom_msgs/include/custom_msgs/custom_msgs/msg/detail/coords__traits.hpp
[8.972s] -- Symlinking: /home/domerrover/ws/install/custom_msgs/include/custom_msgs/custom_msgs/msg/detail/coords__rosidl_typesupport_fastrtps_cpp.hpp
[8.990s] -- Symlinking: /home/domerrover/ws/install/custom_msgs/include/custom_msgs/custom_msgs/msg/rosidl_typesupport_fastrtps_cpp__visibility_control.h
[9.009s] -- Symlinking: /home/domerrover/ws/install/custom_msgs/include/custom_msgs/custom_msgs/msg/detail/coords__rosidl_typesupport_introspection_cpp.hpp
[9.026s] -- Symlinking: /home/domerrover/ws/install/custom_msgs/share/custom_msgs/environment/pythonpath.sh
[9.043s] -- Symlinking: /home/domerrover/ws/install/custom_msgs/share/custom_msgs/environment/pythonpath.dsv
[9.060s] -- Symlinking: /home/domerrover/ws/install/custom_msgs/local/lib/python3.10/dist-packages/custom_msgs-0.0.0-py3.10.egg-info/PKG-INFO
[9.077s] -- Symlinking: /home/domerrover/ws/install/custom_msgs/local/lib/python3.10/dist-packages/custom_msgs-0.0.0-py3.10.egg-info/SOURCES.txt
[9.094s] -- Symlinking: /home/domerrover/ws/install/custom_msgs/local/lib/python3.10/dist-packages/custom_msgs-0.0.0-py3.10.egg-info/dependency_links.txt
[9.110s] -- Symlinking: /home/domerrover/ws/install/custom_msgs/local/lib/python3.10/dist-packages/custom_msgs-0.0.0-py3.10.egg-info/top_level.txt
[9.128s] -- Symlinking: /home/domerrover/ws/install/custom_msgs/local/lib/python3.10/dist-packages/custom_msgs/__init__.py
[9.145s] -- Symlinking: /home/domerrover/ws/install/custom_msgs/local/lib/python3.10/dist-packages/custom_msgs/_custom_msgs_s.ep.rosidl_typesupport_c.c
[9.163s] -- Symlinking: /home/domerrover/ws/install/custom_msgs/local/lib/python3.10/dist-packages/custom_msgs/_custom_msgs_s.ep.rosidl_typesupport_fastrtps_c.c
[9.179s] -- Symlinking: /home/domerrover/ws/install/custom_msgs/local/lib/python3.10/dist-packages/custom_msgs/_custom_msgs_s.ep.rosidl_typesupport_introspection_c.c
[9.197s] -- Symlinking: /home/domerrover/ws/install/custom_msgs/local/lib/python3.10/dist-packages/custom_msgs/custom_msgs_s__rosidl_typesupport_c.cpython-310-aarch64-linux-gnu.so
[9.212s] -- Symlinking: /home/domerrover/ws/install/custom_msgs/local/lib/python3.10/dist-packages/custom_msgs/custom_msgs_s__rosidl_typesupport_fastrtps_c.cpython-310-aarch64-linux-gnu.so
[9.230s] -- Symlinking: /home/domerrover/ws/install/custom_msgs/local/lib/python3.10/dist-packages/custom_msgs/custom_msgs_s__rosidl_typesupport_introspection_c.cpython-310-aarch64-linux-gnu.so
[9.246s] -- Symlinking: /home/domerrover/ws/install/custom_msgs/local/lib/python3.10/dist-packages/custom_msgs/libcustom_msgs__rosidl_generator_py.so
[9.262s] -- Symlinking: /home/domerrover/ws/install/custom_msgs/local/lib/python3.10/dist-packages/custom_msgs/msg/__init__.py
[9.279s] -- Symlinking: /home/domerrover/ws/install/custom_msgs/local/lib/python3.10/dist-packages/custom_msgs/msg/_coords.py
[9.295s] -- Symlinking: /home/domerrover/ws/install/custom_msgs/local/lib/python3.10/dist-packages/custom_msgs/msg/_coords_s.c
[9.313s] -- Up-to-date symlink: /home/domerrover/ws/install/custom_msgs/local/lib/python3.10/dist-packages/custom_msgs/custom_msgs_s__rosidl_typesupport_fastrtps_c.cpython-310-aarch64-linux-gnu.so
[9.313s] -- Up-to-date symlink: /home/domerrover/ws/install/custom_msgs/local/lib/python3.10/dist-packages/custom_msgs/custom_msgs_s__rosidl_typesupport_introspection_c.cpython-310-aarch64-linux-gnu.so
[9.314s] -- Up-to-date symlink: /home/domerrover/ws/install/custom_msgs/local/lib/python3.10/dist-packages/custom_msgs/custom_msgs_s__rosidl_typesupport_c.cpython-310-aarch64-linux-gnu.so
[9.314s] -- Symlinking: /home/domerrover/ws/install/custom_msgs/share/custom_msgs/msg/Coords.idl
[9.330s] -- Symlinking: /home/domerrover/ws/install/custom_msgs/share/custom_msgs/msg/Coords.msg
[9.347s] -- Symlinking: /home/domerrover/ws/install/custom_msgs/share/ament_index/resource_index/package_run_dependencies/custom_msgs
[9.364s] -- Symlinking: /home/domerrover/ws/install/custom_msgs/share/ament_index/resource_index/parent_prefix_path/custom_msgs
[9.381s] -- Symlinking: /home/domerrover/ws/install/custom_msgs/share/custom_msgs/environment/ament_prefix_path.sh
[9.398s] -- Symlinking: /home/domerrover/ws/install/custom_msgs/share/custom_msgs/environment/ament_prefix_path.dsv
[9.417s] -- Symlinking: /home/domerrover/ws/install/custom_msgs/share/custom_msgs/environment/path.sh
[9.436s] -- Symlinking: /home/domerrover/ws/install/custom_msgs/share/custom_msgs/environment/path.dsv
[9.457s] -- Symlinking: /home/domerrover/ws/install/custom_msgs/share/custom_msgs/local_setup.bash
[9.476s] -- Symlinking: /home/domerrover/ws/install/custom_msgs/share/custom_msgs/local_setup.sh
[9.495s] -- Symlinking: /home/domerrover/ws/install/custom_msgs/share/custom_msgs/local_setup.zsh
[9.518s] -- Symlinking: /home/domerrover/ws/install/custom_msgs/share/custom_msgs/local_setup.dsv
[9.552s] -- Symlinking: /home/domerrover/ws/install/custom_msgs/share/custom_msgs/package.dsv
[9.569s] -- Symlinking: /home/domerrover/ws/install/custom_msgs/share/ament_index/resource_index/packages/custom_msgs
[9.590s] -- Symlinking: /home/domerrover/ws/install/custom_msgs/share/custom_msgs/cmake/rosidl_cmake-extras.cmake
[9.612s] -- Symlinking: /home/domerrover/ws/install/custom_msgs/share/custom_msgs/cmake/ament_cmake_export_include_directories-extras.cmake
[9.636s] -- Symlinking: /home/domerrover/ws/install/custom_msgs/share/custom_msgs/cmake/ament_cmake_export_libraries-extras.cmake
[9.653s] -- Symlinking: /home/domerrover/ws/install/custom_msgs/share/custom_msgs/cmake/ament_cmake_export_targets-extras.cmake
[9.670s] -- Symlinking: /home/domerrover/ws/install/custom_msgs/share/custom_msgs/cmake/rosidl_cmake_export_typesupport_targets-extras.cmake
[9.689s] -- Symlinking: /home/domerrover/ws/install/custom_msgs/share/custom_msgs/cmake/ament_cmake_export_dependencies-extras.cmake
[9.705s] -- Symlinking: /home/domerrover/ws/install/custom_msgs/share/custom_msgs/cmake/rosidl_cmake_export_typesupport_libraries-extras.cmake
[9.726s] -- Symlinking: /home/domerrover/ws/install/custom_msgs/share/custom_msgs/cmake/custom_msgsConfig.cmake
[9.753s] -- Symlinking: /home/domerrover/ws/install/custom_msgs/share/custom_msgs/cmake/custom_msgsConfig-version.cmake
[9.773s] -- Symlinking: /home/domerrover/ws/install/custom_msgs/share/custom_msgs/package.xml
[9.794s] -- Installing: /home/domerrover/ws/install/custom_msgs/lib/libcustom_msgs__rosidl_generator_c.so
[9.795s] -- Set runtime path of "/home/domerrover/ws/install/custom_msgs/lib/libcustom_msgs__rosidl_generator_c.so" to ""
[9.796s] -- Installing: /home/domerrover/ws/install/custom_msgs/lib/libcustom_msgs__rosidl_typesupport_fastrtps_c.so
[9.797s] -- Set runtime path of "/home/domerrover/ws/install/custom_msgs/lib/libcustom_msgs__rosidl_typesupport_fastrtps_c.so" to ""
[9.798s] -- Installing: /home/domerrover/ws/install/custom_msgs/lib/libcustom_msgs__rosidl_typesupport_introspection_c.so
[9.799s] -- Set runtime path of "/home/domerrover/ws/install/custom_msgs/lib/libcustom_msgs__rosidl_typesupport_introspection_c.so" to ""
[9.800s] -- Installing: /home/domerrover/ws/install/custom_msgs/lib/libcustom_msgs__rosidl_typesupport_c.so
[9.802s] -- Set runtime path of "/home/domerrover/ws/install/custom_msgs/lib/libcustom_msgs__rosidl_typesupport_c.so" to ""
[9.802s] -- Installing: /home/domerrover/ws/install/custom_msgs/lib/libcustom_msgs__rosidl_typesupport_fastrtps_cpp.so
[9.812s] -- Set runtime path of "/home/domerrover/ws/install/custom_msgs/lib/libcustom_msgs__rosidl_typesupport_fastrtps_cpp.so" to ""
[9.819s] -- Installing: /home/domerrover/ws/install/custom_msgs/lib/libcustom_msgs__rosidl_typesupport_introspection_cpp.so
[9.821s] -- Set runtime path of "/home/domerrover/ws/install/custom_msgs/lib/libcustom_msgs__rosidl_typesupport_introspection_cpp.so" to ""
[9.822s] -- Installing: /home/domerrover/ws/install/custom_msgs/lib/libcustom_msgs__rosidl_typesupport_cpp.so
[9.823s] -- Set runtime path of "/home/domerrover/ws/install/custom_msgs/lib/libcustom_msgs__rosidl_typesupport_cpp.so" to ""
[9.900s] Listing '/home/domerrover/ws/install/custom_msgs/local/lib/python3.10/dist-packages/custom_msgs'...
[9.900s] Compiling '/home/domerrover/ws/install/custom_msgs/local/lib/python3.10/dist-packages/custom_msgs/__init__.py'...
[9.900s] Listing '/home/domerrover/ws/install/custom_msgs/local/lib/python3.10/dist-packages/custom_msgs/msg'...
[9.901s] Compiling '/home/domerrover/ws/install/custom_msgs/local/lib/python3.10/dist-packages/custom_msgs/msg/__init__.py'...
[9.901s] Compiling '/home/domerrover/ws/install/custom_msgs/local/lib/python3.10/dist-packages/custom_msgs/msg/_coords.py'...
[9.913s] -- Installing: /home/domerrover/ws/install/custom_msgs/lib/libcustom_msgs__rosidl_generator_py.so
[9.913s] -- Set runtime path of "/home/domerrover/ws/install/custom_msgs/lib/libcustom_msgs__rosidl_generator_py.so" to ""
[9.914s] -- Installing: /home/domerrover/ws/install/custom_msgs/share/custom_msgs/cmake/export_custom_msgs__rosidl_generator_cExport.cmake
[9.914s] -- Installing: /home/domerrover/ws/install/custom_msgs/share/custom_msgs/cmake/export_custom_msgs__rosidl_generator_cExport-release.cmake
[9.914s] -- Installing: /home/domerrover/ws/install/custom_msgs/share/custom_msgs/cmake/export_custom_msgs__rosidl_typesupport_fastrtps_cExport.cmake
[9.914s] -- Installing: /home/domerrover/ws/install/custom_msgs/share/custom_msgs/cmake/export_custom_msgs__rosidl_typesupport_fastrtps_cExport-release.cmake
[9.914s] -- Installing: /home/domerrover/ws/install/custom_msgs/share/custom_msgs/cmake/custom_msgs__rosidl_typesupport_introspection_cExport.cmake
[9.915s] -- Installing: /home/domerrover/ws/install/custom_msgs/share/custom_msgs/cmake/custom_msgs__rosidl_typesupport_introspection_cExport-release.cmake
[9.915s] -- Installing: /home/domerrover/ws/install/custom_msgs/share/custom_msgs/cmake/custom_msgs__rosidl_typesupport_cExport.cmake
[9.915s] -- Installing: /home/domerrover/ws/install/custom_msgs/share/custom_msgs/cmake/custom_msgs__rosidl_typesupport_cExport-release.cmake
[9.916s] -- Installing: /home/domerrover/ws/install/custom_msgs/share/custom_msgs/cmake/export_custom_msgs__rosidl_generator_cppExport.cmake
[9.916s] -- Installing: /home/domerrover/ws/install/custom_msgs/share/custom_msgs/cmake/export_custom_msgs__rosidl_typesupport_fastrtps_cppExport.cmake
[9.917s] -- Installing: /home/domerrover/ws/install/custom_msgs/share/custom_msgs/cmake/export_custom_msgs__rosidl_typesupport_fastrtps_cppExport-release.cmake
[9.917s] -- Installing: /home/domerrover/ws/install/custom_msgs/share/custom_msgs/cmake/custom_msgs__rosidl_typesupport_introspection_cppExport.cmake
[9.917s] -- Installing: /home/domerrover/ws/install/custom_msgs/share/custom_msgs/cmake/custom_msgs__rosidl_typesupport_introspection_cppExport-release.cmake
[9.918s] -- Installing: /home/domerrover/ws/install/custom_msgs/share/custom_msgs/cmake/custom_msgs__rosidl_typesupport_cppExport.cmake
[9.918s] -- Installing: /home/domerrover/ws/install/custom_msgs/share/custom_msgs/cmake/custom_msgs__rosidl_typesupport_cppExport-release.cmake
[9.918s] -- Installing: /home/domerrover/ws/install/custom_msgs/share/custom_msgs/cmake/export_custom_msgs__rosidl_generator_pyExport.cmake
[9.918s] -- Installing: /home/domerrover/ws/install/custom_msgs/share/custom_msgs/cmake/export_custom_msgs__rosidl_generator_pyExport-release.cmake
[9.925s] Invoked command in '/home/domerrover/ws/build/custom_msgs' returned '0': CMAKE_PREFIX_PATH=${CMAKE_PREFIX_PATH}:/home/domerrover/ws/install/motor_package:/home/domerrover/ws/install/imu_package:/home/domerrover/ws/install/gps_pub_sub:/opt/ros/humble /usr/bin/cmake --install /home/domerrover/ws/build/custom_msgs
