[1.328s] Invoking command in '/home/domerrover/ws/src/motor_package': PYTHONPATH=/home/domerrover/ws/build/motor_package/prefix_override:/usr/lib/python3/dist-packages/colcon_core/task/python/colcon_distutils_commands:/home/domerrover/ws/install/motor_package/lib/python3.10/site-packages:${PYTHONPATH} /usr/bin/python3 -W ignore:setup.py install is deprecated setup.py egg_info --egg-base ../../build/motor_package build --build-base /home/domerrover/ws/build/motor_package/build install --record /home/domerrover/ws/build/motor_package/install.log --single-version-externally-managed install_data
[1.840s] running egg_info
[1.841s] writing ../../build/motor_package/motor_package.egg-info/PKG-INFO
[1.842s] writing dependency_links to ../../build/motor_package/motor_package.egg-info/dependency_links.txt
[1.842s] writing entry points to ../../build/motor_package/motor_package.egg-info/entry_points.txt
[1.843s] writing requirements to ../../build/motor_package/motor_package.egg-info/requires.txt
[1.843s] writing top-level names to ../../build/motor_package/motor_package.egg-info/top_level.txt
[1.847s] reading manifest file '../../build/motor_package/motor_package.egg-info/SOURCES.txt'
[1.848s] writing manifest file '../../build/motor_package/motor_package.egg-info/SOURCES.txt'
[1.848s] running build
[1.849s] running build_py
[1.849s] copying motor_package/joystick_talker.py -> /home/domerrover/ws/build/motor_package/build/lib/motor_package
[1.850s] running install
[1.850s] running install_lib
[1.852s] copying /home/domerrover/ws/build/motor_package/build/lib/motor_package/joystick_talker.py -> /home/domerrover/ws/install/motor_package/lib/python3.10/site-packages/motor_package
[1.853s] byte-compiling /home/domerrover/ws/install/motor_package/lib/python3.10/site-packages/motor_package/joystick_talker.py to joystick_talker.cpython-310.pyc
[1.856s] running install_data
[1.857s] running install_egg_info
[1.860s] removing '/home/domerrover/ws/install/motor_package/lib/python3.10/site-packages/motor_package-0.0.0-py3.10.egg-info' (and everything under it)
[1.861s] Copying ../../build/motor_package/motor_package.egg-info to /home/domerrover/ws/install/motor_package/lib/python3.10/site-packages/motor_package-0.0.0-py3.10.egg-info
[1.863s] running install_scripts
[1.907s] Installing jetsonTalker script to /home/domerrover/ws/install/motor_package/lib/motor_package
[1.908s] Installing joystickTalker script to /home/domerrover/ws/install/motor_package/lib/motor_package
[1.908s] writing list of installed files to '/home/domerrover/ws/build/motor_package/install.log'
[1.973s] Invoked command in '/home/domerrover/ws/src/motor_package' returned '0': PYTHONPATH=/home/domerrover/ws/build/motor_package/prefix_override:/usr/lib/python3/dist-packages/colcon_core/task/python/colcon_distutils_commands:/home/domerrover/ws/install/motor_package/lib/python3.10/site-packages:${PYTHONPATH} /usr/bin/python3 -W ignore:setup.py install is deprecated setup.py egg_info --egg-base ../../build/motor_package build --build-base /home/domerrover/ws/build/motor_package/build install --record /home/domerrover/ws/build/motor_package/install.log --single-version-externally-managed install_data
