running egg_info
creating ../build/motor_package/motor_package.egg-info
writing ../build/motor_package/motor_package.egg-info/PKG-INFO
writing dependency_links to ../build/motor_package/motor_package.egg-info/dependency_links.txt
writing entry points to ../build/motor_package/motor_package.egg-info/entry_points.txt
writing requirements to ../build/motor_package/motor_package.egg-info/requires.txt
writing top-level names to ../build/motor_package/motor_package.egg-info/top_level.txt
writing manifest file '../build/motor_package/motor_package.egg-info/SOURCES.txt'
reading manifest file '../build/motor_package/motor_package.egg-info/SOURCES.txt'
writing manifest file '../build/motor_package/motor_package.egg-info/SOURCES.txt'
running build
running build_py
creating /home/domerrover/ws/src/build/motor_package/build
creating /home/domerrover/ws/src/build/motor_package/build/lib
creating /home/domerrover/ws/src/build/motor_package/build/lib/motor_package
copying motor_package/__init__.py -> /home/domerrover/ws/src/build/motor_package/build/lib/motor_package
running install
running install_lib
creating /home/domerrover/ws/src/install/motor_package/lib/python3.10/site-packages/motor_package
copying /home/domerrover/ws/src/build/motor_package/build/lib/motor_package/__init__.py -> /home/domerrover/ws/src/install/motor_package/lib/python3.10/site-packages/motor_package
byte-compiling /home/domerrover/ws/src/install/motor_package/lib/python3.10/site-packages/motor_package/__init__.py to __init__.cpython-310.pyc
running install_data
creating /home/domerrover/ws/src/install/motor_package/share/ament_index
creating /home/domerrover/ws/src/install/motor_package/share/ament_index/resource_index
creating /home/domerrover/ws/src/install/motor_package/share/ament_index/resource_index/packages
copying resource/motor_package -> /home/domerrover/ws/src/install/motor_package/share/ament_index/resource_index/packages
copying package.xml -> /home/domerrover/ws/src/install/motor_package/share/motor_package
running install_egg_info
Copying ../build/motor_package/motor_package.egg-info to /home/domerrover/ws/src/install/motor_package/lib/python3.10/site-packages/motor_package-0.0.0-py3.10.egg-info
running install_scripts
writing list of installed files to '/home/domerrover/ws/src/build/motor_package/install.log'
