[1.308s] Invoking command in '/home/domerrover/ws/src/motor_package': PYTHONPATH=/home/domerrover/ws/src/build/motor_package/prefix_override:/usr/lib/python3/dist-packages/colcon_core/task/python/colcon_distutils_commands:/home/domerrover/ws/src/install/motor_package/lib/python3.10/site-packages:${PYTHONPATH} /usr/bin/python3 -W ignore:setup.py install is deprecated setup.py egg_info --egg-base ../build/motor_package build --build-base /home/domerrover/ws/src/build/motor_package/build install --record /home/domerrover/ws/src/build/motor_package/install.log --single-version-externally-managed install_data
[1.773s] running egg_info
[1.775s] creating ../build/motor_package/motor_package.egg-info
[1.775s] writing ../build/motor_package/motor_package.egg-info/PKG-INFO
[1.775s] writing dependency_links to ../build/motor_package/motor_package.egg-info/dependency_links.txt
[1.776s] writing entry points to ../build/motor_package/motor_package.egg-info/entry_points.txt
[1.776s] writing requirements to ../build/motor_package/motor_package.egg-info/requires.txt
[1.776s] writing top-level names to ../build/motor_package/motor_package.egg-info/top_level.txt
[1.776s] writing manifest file '../build/motor_package/motor_package.egg-info/SOURCES.txt'
[1.779s] reading manifest file '../build/motor_package/motor_package.egg-info/SOURCES.txt'
[1.780s] writing manifest file '../build/motor_package/motor_package.egg-info/SOURCES.txt'
[1.781s] running build
[1.781s] running build_py
[1.781s] creating /home/domerrover/ws/src/build/motor_package/build
[1.781s] creating /home/domerrover/ws/src/build/motor_package/build/lib
[1.782s] creating /home/domerrover/ws/src/build/motor_package/build/lib/motor_package
[1.782s] copying motor_package/__init__.py -> /home/domerrover/ws/src/build/motor_package/build/lib/motor_package
[1.782s] running install
[1.783s] running install_lib
[1.784s] creating /home/domerrover/ws/src/install/motor_package/lib/python3.10/site-packages/motor_package
[1.784s] copying /home/domerrover/ws/src/build/motor_package/build/lib/motor_package/__init__.py -> /home/domerrover/ws/src/install/motor_package/lib/python3.10/site-packages/motor_package
[1.785s] byte-compiling /home/domerrover/ws/src/install/motor_package/lib/python3.10/site-packages/motor_package/__init__.py to __init__.cpython-310.pyc
[1.786s] running install_data
[1.786s] creating /home/domerrover/ws/src/install/motor_package/share/ament_index
[1.786s] creating /home/domerrover/ws/src/install/motor_package/share/ament_index/resource_index
[1.786s] creating /home/domerrover/ws/src/install/motor_package/share/ament_index/resource_index/packages
[1.786s] copying resource/motor_package -> /home/domerrover/ws/src/install/motor_package/share/ament_index/resource_index/packages
[1.787s] copying package.xml -> /home/domerrover/ws/src/install/motor_package/share/motor_package
[1.787s] running install_egg_info
[1.790s] Copying ../build/motor_package/motor_package.egg-info to /home/domerrover/ws/src/install/motor_package/lib/python3.10/site-packages/motor_package-0.0.0-py3.10.egg-info
[1.792s] running install_scripts
[1.833s] writing list of installed files to '/home/domerrover/ws/src/build/motor_package/install.log'
[1.897s] Invoked command in '/home/domerrover/ws/src/motor_package' returned '0': PYTHONPATH=/home/domerrover/ws/src/build/motor_package/prefix_override:/usr/lib/python3/dist-packages/colcon_core/task/python/colcon_distutils_commands:/home/domerrover/ws/src/install/motor_package/lib/python3.10/site-packages:${PYTHONPATH} /usr/bin/python3 -W ignore:setup.py install is deprecated setup.py egg_info --egg-base ../build/motor_package build --build-base /home/domerrover/ws/src/build/motor_package/build install --record /home/domerrover/ws/src/build/motor_package/install.log --single-version-externally-managed install_data
